10:46:25 **** Incremental Build of configuration Debug for project CMSISv1p30_LPC13xx ****
make -r all 
src/system_LPC13xx.d:1: *** multiple target patterns.  Stop.
10:46:30 **** Incremental Build of configuration Debug for project RT-USB-THP-sample ****
make -r all 
Building file: ../src/USB/cdcuser.c
Invoking: MCU C Compiler
arm-none-eabi-gcc -DDEBUG -D__CODE_RED -DCORE_M3 -D__USE_CMSIS=CMSISv1p30_LPC13xx -D__LPC13XX__ -D__REDLIB__ -I"/Users/nakagawayuki/git/RT-USB-PYROELECTRIC/LPCXpresso/workspace_THP/CMSISv1p30_LPC13xx/inc" -I"/Users/nakagawayuki/git/RT-USB-PYROELECTRIC/LPCXpresso/workspace_THP/RT-USB-THP-sample/inc/PERIPHERAL" -I"/Users/nakagawayuki/git/RT-USB-PYROELECTRIC/LPCXpresso/workspace_THP/RT-USB-THP-sample/inc/USB" -I"/Users/nakagawayuki/git/RT-USB-PYROELECTRIC/LPCXpresso/workspace_THP/RT-USB-THP-sample/inc/OTHER" -I"/Users/nakagawayuki/git/RT-USB-PYROELECTRIC/LPCXpresso/workspace_THP/RT-USB-THP-sample/inc/MAIN" -Og -g3 -Wall -c -fmessage-length=0 -fno-builtin -ffunction-sections -fdata-sections -mcpu=cortex-m3 -mthumb -D__REDLIB__ -specs=redlib.specs -MMD -MP -MF"src/USB/cdcuser.d" -MT"src/USB/cdcuser.o" -MT"src/USB/cdcuser.d" -o "src/USB/cdcuser.o" "../src/USB/cdcuser.c"
../src/USB/cdcuser.c: In function 'CDC_BulkIn':
../src/USB/cdcuser.c:293:27: warning: passing argument 2 of 'USB_WriteEP' discards 'volatile' qualifier from pointer target type
  USB_WriteEP (CDC_DEP_IN, &BulkBufIn[0], numBytesRead);
                           ^
In file included from ../src/USB/cdcuser.c:22:0:
/Users/nakagawayuki/git/RT-USB-PYROELECTRIC/LPCXpresso/workspace_THP/RT-USB-THP-sample/inc/USB/usbhw.h:57:17: note: expected 'uint8_t *' but argument is of type 'volatile unsigned char *'
 extern uint32_t USB_WriteEP (uint32_t EPNum, uint8_t *pData, uint32_t cnt);
                 ^
../src/USB/cdcuser.c: In function 'CDC_BulkOut':
../src/USB/cdcuser.c:310:42: warning: passing argument 2 of 'USB_ReadEP' discards 'volatile' qualifier from pointer target type
   numBytesRead = USB_ReadEP(CDC_DEP_OUT, &BulkBufOut[0]);
                                          ^
In file included from ../src/USB/cdcuser.c:22:0:
/Users/nakagawayuki/git/RT-USB-PYROELECTRIC/LPCXpresso/workspace_THP/RT-USB-THP-sample/inc/USB/usbhw.h:56:17: note: expected 'uint8_t *' but argument is of type 'volatile unsigned char *'
 extern uint32_t USB_ReadEP  (uint32_t EPNum, uint8_t *pData);
                 ^
../src/USB/cdcuser.c: In function 'CDC_NotificationIn':
../src/USB/cdcuser.c:359:28: warning: passing argument 2 of 'USB_WriteEP' discards 'volatile' qualifier from pointer target type
   USB_WriteEP (CDC_CEP_IN, &NotificationBuf[0], 10);   // send notification
                            ^
In file included from ../src/USB/cdcuser.c:22:0:
/Users/nakagawayuki/git/RT-USB-PYROELECTRIC/LPCXpresso/workspace_THP/RT-USB-THP-sample/inc/USB/usbhw.h:57:17: note: expected 'uint8_t *' but argument is of type 'volatile unsigned char *'
 extern uint32_t USB_WriteEP (uint32_t EPNum, uint8_t *pData, uint32_t cnt);
                 ^
Finished building: ../src/USB/cdcuser.c
 
Building file: ../src/PERIPHERAL/SystemTickTimer.c
Invoking: MCU C Compiler
arm-none-eabi-gcc -DDEBUG -D__CODE_RED -DCORE_M3 -D__USE_CMSIS=CMSISv1p30_LPC13xx -D__LPC13XX__ -D__REDLIB__ -I"/Users/nakagawayuki/git/RT-USB-PYROELECTRIC/LPCXpresso/workspace_THP/CMSISv1p30_LPC13xx/inc" -I"/Users/nakagawayuki/git/RT-USB-PYROELECTRIC/LPCXpresso/workspace_THP/RT-USB-THP-sample/inc/PERIPHERAL" -I"/Users/nakagawayuki/git/RT-USB-PYROELECTRIC/LPCXpresso/workspace_THP/RT-USB-THP-sample/inc/USB" -I"/Users/nakagawayuki/git/RT-USB-PYROELECTRIC/LPCXpresso/workspace_THP/RT-USB-THP-sample/inc/OTHER" -I"/Users/nakagawayuki/git/RT-USB-PYROELECTRIC/LPCXpresso/workspace_THP/RT-USB-THP-sample/inc/MAIN" -Og -g3 -Wall -c -fmessage-length=0 -fno-builtin -ffunction-sections -fdata-sections -mcpu=cortex-m3 -mthumb -D__REDLIB__ -specs=redlib.specs -MMD -MP -MF"src/PERIPHERAL/SystemTickTimer.d" -MT"src/PERIPHERAL/SystemTickTimer.o" -MT"src/PERIPHERAL/SystemTickTimer.d" -o "src/PERIPHERAL/SystemTickTimer.o" "../src/PERIPHERAL/SystemTickTimer.c"
Finished building: ../src/PERIPHERAL/SystemTickTimer.c
 
Building file: ../src/PERIPHERAL/debug.c
Invoking: MCU C Compiler
arm-none-eabi-gcc -DDEBUG -D__CODE_RED -DCORE_M3 -D__USE_CMSIS=CMSISv1p30_LPC13xx -D__LPC13XX__ -D__REDLIB__ -I"/Users/nakagawayuki/git/RT-USB-PYROELECTRIC/LPCXpresso/workspace_THP/CMSISv1p30_LPC13xx/inc" -I"/Users/nakagawayuki/git/RT-USB-PYROELECTRIC/LPCXpresso/workspace_THP/RT-USB-THP-sample/inc/PERIPHERAL" -I"/Users/nakagawayuki/git/RT-USB-PYROELECTRIC/LPCXpresso/workspace_THP/RT-USB-THP-sample/inc/USB" -I"/Users/nakagawayuki/git/RT-USB-PYROELECTRIC/LPCXpresso/workspace_THP/RT-USB-THP-sample/inc/OTHER" -I"/Users/nakagawayuki/git/RT-USB-PYROELECTRIC/LPCXpresso/workspace_THP/RT-USB-THP-sample/inc/MAIN" -Og -g3 -Wall -c -fmessage-length=0 -fno-builtin -ffunction-sections -fdata-sections -mcpu=cortex-m3 -mthumb -D__REDLIB__ -specs=redlib.specs -MMD -MP -MF"src/PERIPHERAL/debug.d" -MT"src/PERIPHERAL/debug.o" -MT"src/PERIPHERAL/debug.d" -o "src/PERIPHERAL/debug.o" "../src/PERIPHERAL/debug.c"
../src/PERIPHERAL/debug.c: In function 'myPrintfUSB':
../src/PERIPHERAL/debug.c:29:24: warning: pointer targets in passing argument 1 of 'vsprintf' differ in signedness [-Wpointer-sign]
     dat.num = vsprintf(&dat.d[0], fmt, ap);
                        ^
In file included from ../src/PERIPHERAL/debug.c:8:0:
/Applications/lpcxpresso_7.9.0_455/lpcxpresso/tools/redlib/include/stdio.h:151:12: note: expected 'char * __restrict__' but argument is of type 'uint8_t *'
Finished building: ../src/PERIPHERAL/debug.c
 extern int vsprintf(char * restrict s,
            ^
../src/PERIPHERAL/debug.c: In function 'myPrintfUART':
 
../src/PERIPHERAL/debug.c:51:14: warning: pointer targets in passing argument 1 of 'UARTSend' differ in signedness [-Wpointer-sign]
Building file: ../src/PERIPHERAL/gpio.c
Invoking: MCU C Compiler
arm-none-eabi-gcc -DDEBUG -D__CODE_RED -DCORE_M3 -D__USE_CMSIS=CMSISv1p30_LPC13xx -D__LPC13XX__ -D__REDLIB__ -I"/Users/nakagawayuki/git/RT-USB-PYROELECTRIC/LPCXpresso/workspace_THP/CMSISv1p30_LPC13xx/inc" -I"/Users/nakagawayuki/git/RT-USB-PYROELECTRIC/LPCXpresso/workspace_THP/RT-USB-THP-sample/inc/PERIPHERAL" -I"/Users/nakagawayuki/git/RT-USB-PYROELECTRIC/LPCXpresso/workspace_THP/RT-USB-THP-sample/inc/USB" -I"/Users/nakagawayuki/git/RT-USB-PYROELECTRIC/LPCXpresso/workspace_THP/RT-USB-THP-sample/inc/OTHER" -I"/Users/nakagawayuki/git/RT-USB-PYROELECTRIC/LPCXpresso/workspace_THP/RT-USB-THP-sample/inc/MAIN" -Og -g3 -Wall -c -fmessage-length=0 -fno-builtin -ffunction-sections -fdata-sections -mcpu=cortex-m3 -mthumb -D__REDLIB__ -specs=redlib.specs -MMD -MP -MF"src/PERIPHERAL/gpio.d" -MT"src/PERIPHERAL/gpio.o" -MT"src/PERIPHERAL/gpio.d" -o "src/PERIPHERAL/gpio.o" "../src/PERIPHERAL/gpio.c"
     UARTSend(buffer, len );
              ^
In file included from ../src/PERIPHERAL/debug.c:14:0:
/Users/nakagawayuki/git/RT-USB-PYROELECTRIC/LPCXpresso/workspace_THP/RT-USB-THP-sample/inc/PERIPHERAL/uart.h:50:6: note: expected 'uint8_t *' but argument is of type 'char *'
 void UARTSend(uint8_t *BufferPtr, uint32_t Length);
      ^
Finished building: ../src/PERIPHERAL/gpio.c
 
Building file: ../src/PERIPHERAL/i2c.c
Invoking: MCU C Compiler
arm-none-eabi-gcc -DDEBUG -D__CODE_RED -DCORE_M3 -D__USE_CMSIS=CMSISv1p30_LPC13xx -D__LPC13XX__ -D__REDLIB__ -I"/Users/nakagawayuki/git/RT-USB-PYROELECTRIC/LPCXpresso/workspace_THP/CMSISv1p30_LPC13xx/inc" -I"/Users/nakagawayuki/git/RT-USB-PYROELECTRIC/LPCXpresso/workspace_THP/RT-USB-THP-sample/inc/PERIPHERAL" -I"/Users/nakagawayuki/git/RT-USB-PYROELECTRIC/LPCXpresso/workspace_THP/RT-USB-THP-sample/inc/USB" -I"/Users/nakagawayuki/git/RT-USB-PYROELECTRIC/LPCXpresso/workspace_THP/RT-USB-THP-sample/inc/OTHER" -I"/Users/nakagawayuki/git/RT-USB-PYROELECTRIC/LPCXpresso/workspace_THP/RT-USB-THP-sample/inc/MAIN" -Og -g3 -Wall -c -fmessage-length=0 -fno-builtin -ffunction-sections -fdata-sections -mcpu=cortex-m3 -mthumb -D__REDLIB__ -specs=redlib.specs -MMD -MP -MF"src/PERIPHERAL/i2c.d" -MT"src/PERIPHERAL/i2c.o" -MT"src/PERIPHERAL/i2c.d" -o "src/PERIPHERAL/i2c.o" "../src/PERIPHERAL/i2c.c"
Finished building: ../src/PERIPHERAL/i2c.c
 
Building file: ../src/PERIPHERAL/io.c
Invoking: MCU C Compiler
arm-none-eabi-gcc -DDEBUG -D__CODE_RED -DCORE_M3 -D__USE_CMSIS=CMSISv1p30_LPC13xx -D__LPC13XX__ -D__REDLIB__ -I"/Users/nakagawayuki/git/RT-USB-PYROELECTRIC/LPCXpresso/workspace_THP/CMSISv1p30_LPC13xx/inc" -I"/Users/nakagawayuki/git/RT-USB-PYROELECTRIC/LPCXpresso/workspace_THP/RT-USB-THP-sample/inc/PERIPHERAL" -I"/Users/nakagawayuki/git/RT-USB-PYROELECTRIC/LPCXpresso/workspace_THP/RT-USB-THP-sample/inc/USB" -I"/Users/nakagawayuki/git/RT-USB-PYROELECTRIC/LPCXpresso/workspace_THP/RT-USB-THP-sample/inc/OTHER" -I"/Users/nakagawayuki/git/RT-USB-PYROELECTRIC/LPCXpresso/workspace_THP/RT-USB-THP-sample/inc/MAIN" -Og -g3 -Wall -c -fmessage-length=0 -fno-builtin -ffunction-sections -fdata-sections -mcpu=cortex-m3 -mthumb -D__REDLIB__ -specs=redlib.specs -MMD -MP -MF"src/PERIPHERAL/io.d" -MT"src/PERIPHERAL/io.o" -MT"src/PERIPHERAL/io.d" -o "src/PERIPHERAL/io.o" "../src/PERIPHERAL/io.c"
Finished building: ../src/PERIPHERAL/io.c
 
Building file: ../src/PERIPHERAL/timer.c
Invoking: MCU C Compiler
arm-none-eabi-gcc -DDEBUG -D__CODE_RED -DCORE_M3 -D__USE_CMSIS=CMSISv1p30_LPC13xx -D__LPC13XX__ -D__REDLIB__ -I"/Users/nakagawayuki/git/RT-USB-PYROELECTRIC/LPCXpresso/workspace_THP/CMSISv1p30_LPC13xx/inc" -I"/Users/nakagawayuki/git/RT-USB-PYROELECTRIC/LPCXpresso/workspace_THP/RT-USB-THP-sample/inc/PERIPHERAL" -I"/Users/nakagawayuki/git/RT-USB-PYROELECTRIC/LPCXpresso/workspace_THP/RT-USB-THP-sample/inc/USB" -I"/Users/nakagawayuki/git/RT-USB-PYROELECTRIC/LPCXpresso/workspace_THP/RT-USB-THP-sample/inc/OTHER" -I"/Users/nakagawayuki/git/RT-USB-PYROELECTRIC/LPCXpresso/workspace_THP/RT-USB-THP-sample/inc/MAIN" -Og -g3 -Wall -c -fmessage-length=0 -fno-builtin -ffunction-sections -fdata-sections -mcpu=cortex-m3 -mthumb -D__REDLIB__ -specs=redlib.specs -MMD -MP -MF"src/PERIPHERAL/timer.d" -MT"src/PERIPHERAL/timer.o" -MT"src/PERIPHERAL/timer.d" -o "src/PERIPHERAL/timer.o" "../src/PERIPHERAL/timer.c"
Finished building: ../src/PERIPHERAL/timer.c
 
Building file: ../src/PERIPHERAL/uart.c
Invoking: MCU C Compiler
arm-none-eabi-gcc -DDEBUG -D__CODE_RED -DCORE_M3 -D__USE_CMSIS=CMSISv1p30_LPC13xx -D__LPC13XX__ -D__REDLIB__ -I"/Users/nakagawayuki/git/RT-USB-PYROELECTRIC/LPCXpresso/workspace_THP/CMSISv1p30_LPC13xx/inc" -I"/Users/nakagawayuki/git/RT-USB-PYROELECTRIC/LPCXpresso/workspace_THP/RT-USB-THP-sample/inc/PERIPHERAL" -I"/Users/nakagawayuki/git/RT-USB-PYROELECTRIC/LPCXpresso/workspace_THP/RT-USB-THP-sample/inc/USB" -I"/Users/nakagawayuki/git/RT-USB-PYROELECTRIC/LPCXpresso/workspace_THP/RT-USB-THP-sample/inc/OTHER" -I"/Users/nakagawayuki/git/RT-USB-PYROELECTRIC/LPCXpresso/workspace_THP/RT-USB-THP-sample/inc/MAIN" -Og -g3 -Wall -c -fmessage-length=0 -fno-builtin -ffunction-sections -fdata-sections -mcpu=cortex-m3 -mthumb -D__REDLIB__ -specs=redlib.specs -MMD -MP -MF"src/PERIPHERAL/uart.d" -MT"src/PERIPHERAL/uart.o" -MT"src/PERIPHERAL/uart.d" -o "src/PERIPHERAL/uart.o" "../src/PERIPHERAL/uart.c"
Finished building: ../src/PERIPHERAL/uart.c
 
Building file: ../src/PERIPHERAL/usbTransmission.c
Invoking: MCU C Compiler
arm-none-eabi-gcc -DDEBUG -D__CODE_RED -DCORE_M3 -D__USE_CMSIS=CMSISv1p30_LPC13xx -D__LPC13XX__ -D__REDLIB__ -I"/Users/nakagawayuki/git/RT-USB-PYROELECTRIC/LPCXpresso/workspace_THP/CMSISv1p30_LPC13xx/inc" -I"/Users/nakagawayuki/git/RT-USB-PYROELECTRIC/LPCXpresso/workspace_THP/RT-USB-THP-sample/inc/PERIPHERAL" -I"/Users/nakagawayuki/git/RT-USB-PYROELECTRIC/LPCXpresso/workspace_THP/RT-USB-THP-sample/inc/USB" -I"/Users/nakagawayuki/git/RT-USB-PYROELECTRIC/LPCXpresso/workspace_THP/RT-USB-THP-sample/inc/OTHER" -I"/Users/nakagawayuki/git/RT-USB-PYROELECTRIC/LPCXpresso/workspace_THP/RT-USB-THP-sample/inc/MAIN" -Og -g3 -Wall -c -fmessage-length=0 -fno-builtin -ffunction-sections -fdata-sections -mcpu=cortex-m3 -mthumb -D__REDLIB__ -specs=redlib.specs -MMD -MP -MF"src/PERIPHERAL/usbTransmission.d" -MT"src/PERIPHERAL/usbTransmission.o" -MT"src/PERIPHERAL/usbTransmission.d" -o "src/PERIPHERAL/usbTransmission.o" "../src/PERIPHERAL/usbTransmission.c"
Finished building: ../src/PERIPHERAL/usbTransmission.c
 
Building file: ../src/OTHER/serial.c
Invoking: MCU C Compiler
arm-none-eabi-gcc -DDEBUG -D__CODE_RED -DCORE_M3 -D__USE_CMSIS=CMSISv1p30_LPC13xx -D__LPC13XX__ -D__REDLIB__ -I"/Users/nakagawayuki/git/RT-USB-PYROELECTRIC/LPCXpresso/workspace_THP/CMSISv1p30_LPC13xx/inc" -I"/Users/nakagawayuki/git/RT-USB-PYROELECTRIC/LPCXpresso/workspace_THP/RT-USB-THP-sample/inc/PERIPHERAL" -I"/Users/nakagawayuki/git/RT-USB-PYROELECTRIC/LPCXpresso/workspace_THP/RT-USB-THP-sample/inc/USB" -I"/Users/nakagawayuki/git/RT-USB-PYROELECTRIC/LPCXpresso/workspace_THP/RT-USB-THP-sample/inc/OTHER" -I"/Users/nakagawayuki/git/RT-USB-PYROELECTRIC/LPCXpresso/workspace_THP/RT-USB-THP-sample/inc/MAIN" -Og -g3 -Wall -c -fmessage-length=0 -fno-builtin -ffunction-sections -fdata-sections -mcpu=cortex-m3 -mthumb -D__REDLIB__ -specs=redlib.specs -MMD -MP -MF"src/OTHER/serial.d" -MT"src/OTHER/serial.o" -MT"src/OTHER/serial.d" -o "src/OTHER/serial.o" "../src/OTHER/serial.c"
Finished building: ../src/OTHER/serial.c
 
Building file: ../src/MAIN/MainFunction.c
Invoking: MCU C Compiler
arm-none-eabi-gcc -DDEBUG -D__CODE_RED -DCORE_M3 -D__USE_CMSIS=CMSISv1p30_LPC13xx -D__LPC13XX__ -D__REDLIB__ -I"/Users/nakagawayuki/git/RT-USB-PYROELECTRIC/LPCXpresso/workspace_THP/CMSISv1p30_LPC13xx/inc" -I"/Users/nakagawayuki/git/RT-USB-PYROELECTRIC/LPCXpresso/workspace_THP/RT-USB-THP-sample/inc/PERIPHERAL" -I"/Users/nakagawayuki/git/RT-USB-PYROELECTRIC/LPCXpresso/workspace_THP/RT-USB-THP-sample/inc/USB" -I"/Users/nakagawayuki/git/RT-USB-PYROELECTRIC/LPCXpresso/workspace_THP/RT-USB-THP-sample/inc/OTHER" -I"/Users/nakagawayuki/git/RT-USB-PYROELECTRIC/LPCXpresso/workspace_THP/RT-USB-THP-sample/inc/MAIN" -Og -g3 -Wall -c -fmessage-length=0 -fno-builtin -ffunction-sections -fdata-sections -mcpu=cortex-m3 -mthumb -D__REDLIB__ -specs=redlib.specs -MMD -MP -MF"src/MAIN/MainFunction.d" -MT"src/MAIN/MainFunction.o" -MT"src/MAIN/MainFunction.d" -o "src/MAIN/MainFunction.o" "../src/MAIN/MainFunction.c"
Finished building: ../src/MAIN/MainFunction.c
 
Building file: ../src/MAIN/UserInterface.c
Invoking: MCU C Compiler
arm-none-eabi-gcc -DDEBUG -D__CODE_RED -DCORE_M3 -D__USE_CMSIS=CMSISv1p30_LPC13xx -D__LPC13XX__ -D__REDLIB__ -I"/Users/nakagawayuki/git/RT-USB-PYROELECTRIC/LPCXpresso/workspace_THP/CMSISv1p30_LPC13xx/inc" -I"/Users/nakagawayuki/git/RT-USB-PYROELECTRIC/LPCXpresso/workspace_THP/RT-USB-THP-sample/inc/PERIPHERAL" -I"/Users/nakagawayuki/git/RT-USB-PYROELECTRIC/LPCXpresso/workspace_THP/RT-USB-THP-sample/inc/USB" -I"/Users/nakagawayuki/git/RT-USB-PYROELECTRIC/LPCXpresso/workspace_THP/RT-USB-THP-sample/inc/OTHER" -I"/Users/nakagawayuki/git/RT-USB-PYROELECTRIC/LPCXpresso/workspace_THP/RT-USB-THP-sample/inc/MAIN" -Og -g3 -Wall -c -fmessage-length=0 -fno-builtin -ffunction-sections -fdata-sections -mcpu=cortex-m3 -mthumb -D__REDLIB__ -specs=redlib.specs -MMD -MP -MF"src/MAIN/UserInterface.d" -MT"src/MAIN/UserInterface.o" -MT"src/MAIN/UserInterface.d" -o "src/MAIN/UserInterface.o" "../src/MAIN/UserInterface.c"
../src/MAIN/UserInterface.c: In function 'TIMER32_0_IRQHandler':
../src/MAIN/UserInterface.c:161:10: warning: unused variable 'ad_val' [-Wunused-variable]
  int16_t ad_val[8];
          ^
Finished building: ../src/MAIN/UserInterface.c
 
Building file: ../src/MAIN/bme280.c
Invoking: MCU C Compiler
arm-none-eabi-gcc -DDEBUG -D__CODE_RED -DCORE_M3 -D__USE_CMSIS=CMSISv1p30_LPC13xx -D__LPC13XX__ -D__REDLIB__ -I"/Users/nakagawayuki/git/RT-USB-PYROELECTRIC/LPCXpresso/workspace_THP/CMSISv1p30_LPC13xx/inc" -I"/Users/nakagawayuki/git/RT-USB-PYROELECTRIC/LPCXpresso/workspace_THP/RT-USB-THP-sample/inc/PERIPHERAL" -I"/Users/nakagawayuki/git/RT-USB-PYROELECTRIC/LPCXpresso/workspace_THP/RT-USB-THP-sample/inc/USB" -I"/Users/nakagawayuki/git/RT-USB-PYROELECTRIC/LPCXpresso/workspace_THP/RT-USB-THP-sample/inc/OTHER" -I"/Users/nakagawayuki/git/RT-USB-PYROELECTRIC/LPCXpresso/workspace_THP/RT-USB-THP-sample/inc/MAIN" -Og -g3 -Wall -c -fmessage-length=0 -fno-builtin -ffunction-sections -fdata-sections -mcpu=cortex-m3 -mthumb -D__REDLIB__ -specs=redlib.specs -MMD -MP -MF"src/MAIN/bme280.d" -MT"src/MAIN/bme280.o" -MT"src/MAIN/bme280.d" -o "src/MAIN/bme280.o" "../src/MAIN/bme280.c"
../src/MAIN/bme280.c: In function 'whoAmIBME280':
../src/MAIN/bme280.c:324:2: warning: implicit declaration of function 'myPrintfUSB' [-Wimplicit-function-declaration]
  myPrintfUSB("//////////////// \n");
  ^
Finished building: ../src/MAIN/bme280.c
 
Building file: ../src/MAIN/main.c
Invoking: MCU C Compiler
arm-none-eabi-gcc -DDEBUG -D__CODE_RED -DCORE_M3 -D__USE_CMSIS=CMSISv1p30_LPC13xx -D__LPC13XX__ -D__REDLIB__ -I"/Users/nakagawayuki/git/RT-USB-PYROELECTRIC/LPCXpresso/workspace_THP/CMSISv1p30_LPC13xx/inc" -I"/Users/nakagawayuki/git/RT-USB-PYROELECTRIC/LPCXpresso/workspace_THP/RT-USB-THP-sample/inc/PERIPHERAL" -I"/Users/nakagawayuki/git/RT-USB-PYROELECTRIC/LPCXpresso/workspace_THP/RT-USB-THP-sample/inc/USB" -I"/Users/nakagawayuki/git/RT-USB-PYROELECTRIC/LPCXpresso/workspace_THP/RT-USB-THP-sample/inc/OTHER" -I"/Users/nakagawayuki/git/RT-USB-PYROELECTRIC/LPCXpresso/workspace_THP/RT-USB-THP-sample/inc/MAIN" -Og -g3 -Wall -c -fmessage-length=0 -fno-builtin -ffunction-sections -fdata-sections -mcpu=cortex-m3 -mthumb -D__REDLIB__ -specs=redlib.specs -MMD -MP -MF"src/MAIN/main.d" -MT"src/MAIN/main.o" -MT"src/MAIN/main.d" -o "src/MAIN/main.o" "../src/MAIN/main.c"
Finished building: ../src/MAIN/main.c
 
Building target: RT-USB-THP-sample.axf
Invoking: MCU Linker
arm-none-eabi-gcc -nostdlib -L"/Users/nakagawayuki/git/RT-USB-PYROELECTRIC/LPCXpresso/workspace_THP/CMSISv1p30_LPC13xx/Debug" -Xlinker -Map="RT-USB-THP-sample.map" -Xlinker --gc-sections -mcpu=cortex-m3 -mthumb -T "RT-BLUETOOTH-9AXIS-sample_Debug.ld" -o "RT-USB-THP-sample.axf"  ./src/USB/cdcuser.o ./src/USB/usbcore.o ./src/USB/usbdesc.o ./src/USB/usbhw.o ./src/USB/usbuser.o  ./src/PERIPHERAL/SystemTickTimer.o ./src/PERIPHERAL/debug.o ./src/PERIPHERAL/gpio.o ./src/PERIPHERAL/i2c.o ./src/PERIPHERAL/io.o ./src/PERIPHERAL/timer.o ./src/PERIPHERAL/uart.o ./src/PERIPHERAL/usbTransmission.o  ./src/OTHER/cr_startup_lpc13xx.o ./src/OTHER/crp.o ./src/OTHER/serial.o  ./src/MAIN/MainFunction.o ./src/MAIN/UserInterface.o ./src/MAIN/bme280.o ./src/MAIN/main.o   -lCMSISv1p30_LPC13xx
Finished building target: RT-USB-THP-sample.axf
 
make --no-print-directory post-build
Performing post-build steps
arm-none-eabi-size "RT-USB-THP-sample.axf" ; arm-none-eabi-objcopy -v -O binary "RT-USB-THP-sample.axf" "RT-USB-THP-sample.bin" ; checksum -p LPC1343 -d "RT-USB-THP-sample.bin"
   text	   data	    bss	    dec	    hex	filename
  20816	     20	   1568	  22404	   5784	RT-USB-THP-sample.axf
copy from `RT-USB-THP-sample.axf' [elf32-littlearm] to `RT-USB-THP-sample.bin' [binary]
Written checksum 0xefffd812 at offset 0x1c in file RT-USB-THP-sample.bin
Previous value 0x00000000 at offset 0x1c in file RT-USB-THP-sample.bin
 
10:46:43 **** Clean-only build of configuration Debug for project CMSISv1p30_LPC13xx ****
make -r clean 
rm -rf  ./src/core_cm3.o ./src/system_LPC13xx.o  ./src/core_cm3.d ./src/system_LPC13xx.d  libCMSISv1p30_LPC13xx.a
 
10:46:43 **** Clean-only build of configuration Debug for project RT-USB-THP-sample ****
make -r clean 
rm -rf  ./src/USB/cdcuser.o ./src/USB/usbcore.o ./src/USB/usbdesc.o ./src/USB/usbhw.o ./src/USB/usbuser.o  ./src/PERIPHERAL/SystemTickTimer.o ./src/PERIPHERAL/debug.o ./src/PERIPHERAL/gpio.o ./src/PERIPHERAL/i2c.o ./src/PERIPHERAL/io.o ./src/PERIPHERAL/timer.o ./src/PERIPHERAL/uart.o ./src/PERIPHERAL/usbTransmission.o  ./src/OTHER/cr_startup_lpc13xx.o ./src/OTHER/crp.o ./src/OTHER/serial.o  ./src/MAIN/MainFunction.o ./src/MAIN/UserInterface.o ./src/MAIN/bme280.o ./src/MAIN/main.o  ./src/USB/cdcuser.d ./src/USB/usbcore.d ./src/USB/usbdesc.d ./src/USB/usbhw.d ./src/USB/usbuser.d  ./src/PERIPHERAL/SystemTickTimer.d ./src/PERIPHERAL/debug.d ./src/PERIPHERAL/gpio.d ./src/PERIPHERAL/i2c.d ./src/PERIPHERAL/io.d ./src/PERIPHERAL/timer.d ./src/PERIPHERAL/uart.d ./src/PERIPHERAL/usbTransmission.d  ./src/OTHER/cr_startup_lpc13xx.d ./src/OTHER/crp.d ./src/OTHER/serial.d  ./src/MAIN/MainFunction.d ./src/MAIN/UserInterface.d ./src/MAIN/bme280.d ./src/MAIN/main.d  RT-USB-THP-sample.axf
 
10:46:44 **** Build of configuration Debug for project CMSISv1p30_LPC13xx ****
make -r all 
Building file: ../src/core_cm3.c
Invoking: MCU C Compiler
arm-none-eabi-gcc -DDEBUG -D__CODE_RED -D__REDLIB__ -I"/Users/nakagawayuki/git/RT-USB-PYROELECTRIC/LPCXpresso/workspace_THP/CMSISv1p30_LPC13xx/inc" -O0 -g3 -Wall -c -fmessage-length=0 -fno-builtin -ffunction-sections -mcpu=cortex-m3 -mthumb -D__REDLIB__ -specs=redlib.specs -MMD -MP -MF"src/core_cm3.d" -MT"src/core_cm3.o" -MT"src/core_cm3.d" -o "src/core_cm3.o" "../src/core_cm3.c"
Finished building: ../src/core_cm3.c
 
Building file: ../src/system_LPC13xx.c
Invoking: MCU C Compiler
arm-none-eabi-gcc -DDEBUG -D__CODE_RED -D__REDLIB__ -I"/Users/nakagawayuki/git/RT-USB-PYROELECTRIC/LPCXpresso/workspace_THP/CMSISv1p30_LPC13xx/inc" -O0 -g3 -Wall -c -fmessage-length=0 -fno-builtin -ffunction-sections -mcpu=cortex-m3 -mthumb -D__REDLIB__ -specs=redlib.specs -MMD -MP -MF"src/system_LPC13xx.d" -MT"src/system_LPC13xx.o" -MT"src/system_LPC13xx.d" -o "src/system_LPC13xx.o" "../src/system_LPC13xx.c"
Finished building: ../src/system_LPC13xx.c
 
Building target: libCMSISv1p30_LPC13xx.a
Invoking: MCU Archiver
arm-none-eabi-ar -r  "libCMSISv1p30_LPC13xx.a"  ./src/core_cm3.o ./src/system_LPC13xx.o   
arm-none-eabi-ar: creating libCMSISv1p30_LPC13xx.a
Finished building target: libCMSISv1p30_LPC13xx.a
 
make --no-print-directory post-build
Performing post-build steps
arm-none-eabi-size libCMSISv1p30_LPC13xx.a ; # arm-none-eabi-objdump -h -S libCMSISv1p30_LPC13xx.a >libCMSISv1p30_LPC13xx.lss
   text	   data	    bss	    dec	    hex	filename
    640	      0	      0	    640	    280	core_cm3.o (ex libCMSISv1p30_LPC13xx.a)
    916	      4	      0	    920	    398	system_LPC13xx.o (ex libCMSISv1p30_LPC13xx.a)
 
10:46:45 **** Build of configuration Debug for project RT-USB-THP-sample ****
make -r all 
Building file: ../src/USB/cdcuser.c
Invoking: MCU C Compiler
arm-none-eabi-gcc -DDEBUG -D__CODE_RED -DCORE_M3 -D__USE_CMSIS=CMSISv1p30_LPC13xx -D__LPC13XX__ -D__REDLIB__ -I"/Users/nakagawayuki/git/RT-USB-PYROELECTRIC/LPCXpresso/workspace_THP/CMSISv1p30_LPC13xx/inc" -I"/Users/nakagawayuki/git/RT-USB-PYROELECTRIC/LPCXpresso/workspace_THP/RT-USB-THP-sample/inc/PERIPHERAL" -I"/Users/nakagawayuki/git/RT-USB-PYROELECTRIC/LPCXpresso/workspace_THP/RT-USB-THP-sample/inc/USB" -I"/Users/nakagawayuki/git/RT-USB-PYROELECTRIC/LPCXpresso/workspace_THP/RT-USB-THP-sample/inc/OTHER" -I"/Users/nakagawayuki/git/RT-USB-PYROELECTRIC/LPCXpresso/workspace_THP/RT-USB-THP-sample/inc/MAIN" -Og -g3 -Wall -c -fmessage-length=0 -fno-builtin -ffunction-sections -fdata-sections -mcpu=cortex-m3 -mthumb -D__REDLIB__ -specs=redlib.specs -MMD -MP -MF"src/USB/cdcuser.d" -MT"src/USB/cdcuser.o" -MT"src/USB/cdcuser.d" -o "src/USB/cdcuser.o" "../src/USB/cdcuser.c"
../src/USB/cdcuser.c: In function 'CDC_BulkIn':
../src/USB/cdcuser.c:293:27: warning: passing argument 2 of 'USB_WriteEP' discards 'volatile' qualifier from pointer target type
  USB_WriteEP (CDC_DEP_IN, &BulkBufIn[0], numBytesRead);
                           ^
In file included from ../src/USB/cdcuser.c:22:0:
/Users/nakagawayuki/git/RT-USB-PYROELECTRIC/LPCXpresso/workspace_THP/RT-USB-THP-sample/inc/USB/usbhw.h:57:17: note: expected 'uint8_t *' but argument is of type 'volatile unsigned char *'
 extern uint32_t USB_WriteEP (uint32_t EPNum, uint8_t *pData, uint32_t cnt);
                 ^
../src/USB/cdcuser.c: In function 'CDC_BulkOut':
../src/USB/cdcuser.c:310:42: warning: passing argument 2 of 'USB_ReadEP' discards 'volatile' qualifier from pointer target type
   numBytesRead = USB_ReadEP(CDC_DEP_OUT, &BulkBufOut[0]);
                                          ^
In file included from ../src/USB/cdcuser.c:22:0:
/Users/nakagawayuki/git/RT-USB-PYROELECTRIC/LPCXpresso/workspace_THP/RT-USB-THP-sample/inc/USB/usbhw.h:56:17: note: expected 'uint8_t *' but argument is of type 'volatile unsigned char *'
 extern uint32_t USB_ReadEP  (uint32_t EPNum, uint8_t *pData);
                 ^
../src/USB/cdcuser.c: In function 'CDC_NotificationIn':
../src/USB/cdcuser.c:359:28: warning: passing argument 2 of 'USB_WriteEP' discards 'volatile' qualifier from pointer target type
   USB_WriteEP (CDC_CEP_IN, &NotificationBuf[0], 10);   // send notification
                            ^
In file included from ../src/USB/cdcuser.c:22:0:
/Users/nakagawayuki/git/RT-USB-PYROELECTRIC/LPCXpresso/workspace_THP/RT-USB-THP-sample/inc/USB/usbhw.h:57:17: note: expected 'uint8_t *' but argument is of type 'volatile unsigned char *'
 extern uint32_t USB_WriteEP (uint32_t EPNum, uint8_t *pData, uint32_t cnt);
                 ^
Finished building: ../src/USB/cdcuser.c
 
Building file: ../src/USB/usbcore.c
Invoking: MCU C Compiler
arm-none-eabi-gcc -DDEBUG -D__CODE_RED -DCORE_M3 -D__USE_CMSIS=CMSISv1p30_LPC13xx -D__LPC13XX__ -D__REDLIB__ -I"/Users/nakagawayuki/git/RT-USB-PYROELECTRIC/LPCXpresso/workspace_THP/CMSISv1p30_LPC13xx/inc" -I"/Users/nakagawayuki/git/RT-USB-PYROELECTRIC/LPCXpresso/workspace_THP/RT-USB-THP-sample/inc/PERIPHERAL" -I"/Users/nakagawayuki/git/RT-USB-PYROELECTRIC/LPCXpresso/workspace_THP/RT-USB-THP-sample/inc/USB" -I"/Users/nakagawayuki/git/RT-USB-PYROELECTRIC/LPCXpresso/workspace_THP/RT-USB-THP-sample/inc/OTHER" -I"/Users/nakagawayuki/git/RT-USB-PYROELECTRIC/LPCXpresso/workspace_THP/RT-USB-THP-sample/inc/MAIN" -Og -g3 -Wall -c -fmessage-length=0 -fno-builtin -ffunction-sections -fdata-sections -mcpu=cortex-m3 -mthumb -D__REDLIB__ -specs=redlib.specs -MMD -MP -MF"src/USB/usbcore.d" -MT"src/USB/usbcore.o" -MT"src/USB/usbcore.d" -o "src/USB/usbcore.o" "../src/USB/usbcore.c"
Finished building: ../src/USB/usbcore.c
 
Building file: ../src/USB/usbdesc.c
Invoking: MCU C Compiler
arm-none-eabi-gcc -DDEBUG -D__CODE_RED -DCORE_M3 -D__USE_CMSIS=CMSISv1p30_LPC13xx -D__LPC13XX__ -D__REDLIB__ -I"/Users/nakagawayuki/git/RT-USB-PYROELECTRIC/LPCXpresso/workspace_THP/CMSISv1p30_LPC13xx/inc" -I"/Users/nakagawayuki/git/RT-USB-PYROELECTRIC/LPCXpresso/workspace_THP/RT-USB-THP-sample/inc/PERIPHERAL" -I"/Users/nakagawayuki/git/RT-USB-PYROELECTRIC/LPCXpresso/workspace_THP/RT-USB-THP-sample/inc/USB" -I"/Users/nakagawayuki/git/RT-USB-PYROELECTRIC/LPCXpresso/workspace_THP/RT-USB-THP-sample/inc/OTHER" -I"/Users/nakagawayuki/git/RT-USB-PYROELECTRIC/LPCXpresso/workspace_THP/RT-USB-THP-sample/inc/MAIN" -Og -g3 -Wall -c -fmessage-length=0 -fno-builtin -ffunction-sections -fdata-sections -mcpu=cortex-m3 -mthumb -D__REDLIB__ -specs=redlib.specs -MMD -MP -MF"src/USB/usbdesc.d" -MT"src/USB/usbdesc.o" -MT"src/USB/usbdesc.d" -o "src/USB/usbdesc.o" "../src/USB/usbdesc.c"
Finished building: ../src/USB/usbdesc.c
 
Building file: ../src/USB/usbhw.c
Invoking: MCU C Compiler
arm-none-eabi-gcc -DDEBUG -D__CODE_RED -DCORE_M3 -D__USE_CMSIS=CMSISv1p30_LPC13xx -D__LPC13XX__ -D__REDLIB__ -I"/Users/nakagawayuki/git/RT-USB-PYROELECTRIC/LPCXpresso/workspace_THP/CMSISv1p30_LPC13xx/inc" -I"/Users/nakagawayuki/git/RT-USB-PYROELECTRIC/LPCXpresso/workspace_THP/RT-USB-THP-sample/inc/PERIPHERAL" -I"/Users/nakagawayuki/git/RT-USB-PYROELECTRIC/LPCXpresso/workspace_THP/RT-USB-THP-sample/inc/USB" -I"/Users/nakagawayuki/git/RT-USB-PYROELECTRIC/LPCXpresso/workspace_THP/RT-USB-THP-sample/inc/OTHER" -I"/Users/nakagawayuki/git/RT-USB-PYROELECTRIC/LPCXpresso/workspace_THP/RT-USB-THP-sample/inc/MAIN" -Og -g3 -Wall -c -fmessage-length=0 -fno-builtin -ffunction-sections -fdata-sections -mcpu=cortex-m3 -mthumb -D__REDLIB__ -specs=redlib.specs -MMD -MP -MF"src/USB/usbhw.d" -MT"src/USB/usbhw.o" -MT"src/USB/usbhw.d" -o "src/USB/usbhw.o" "../src/USB/usbhw.c"
Finished building: ../src/USB/usbhw.c
 
Building file: ../src/USB/usbuser.c
Invoking: MCU C Compiler
arm-none-eabi-gcc -DDEBUG -D__CODE_RED -DCORE_M3 -D__USE_CMSIS=CMSISv1p30_LPC13xx -D__LPC13XX__ -D__REDLIB__ -I"/Users/nakagawayuki/git/RT-USB-PYROELECTRIC/LPCXpresso/workspace_THP/CMSISv1p30_LPC13xx/inc" -I"/Users/nakagawayuki/git/RT-USB-PYROELECTRIC/LPCXpresso/workspace_THP/RT-USB-THP-sample/inc/PERIPHERAL" -I"/Users/nakagawayuki/git/RT-USB-PYROELECTRIC/LPCXpresso/workspace_THP/RT-USB-THP-sample/inc/USB" -I"/Users/nakagawayuki/git/RT-USB-PYROELECTRIC/LPCXpresso/workspace_THP/RT-USB-THP-sample/inc/OTHER" -I"/Users/nakagawayuki/git/RT-USB-PYROELECTRIC/LPCXpresso/workspace_THP/RT-USB-THP-sample/inc/MAIN" -Og -g3 -Wall -c -fmessage-length=0 -fno-builtin -ffunction-sections -fdata-sections -mcpu=cortex-m3 -mthumb -D__REDLIB__ -specs=redlib.specs -MMD -MP -MF"src/USB/usbuser.d" -MT"src/USB/usbuser.o" -MT"src/USB/usbuser.d" -o "src/USB/usbuser.o" "../src/USB/usbuser.c"
Finished building: ../src/USB/usbuser.c
 
Building file: ../src/PERIPHERAL/SystemTickTimer.c
Invoking: MCU C Compiler
arm-none-eabi-gcc -DDEBUG -D__CODE_RED -DCORE_M3 -D__USE_CMSIS=CMSISv1p30_LPC13xx -D__LPC13XX__ -D__REDLIB__ -I"/Users/nakagawayuki/git/RT-USB-PYROELECTRIC/LPCXpresso/workspace_THP/CMSISv1p30_LPC13xx/inc" -I"/Users/nakagawayuki/git/RT-USB-PYROELECTRIC/LPCXpresso/workspace_THP/RT-USB-THP-sample/inc/PERIPHERAL" -I"/Users/nakagawayuki/git/RT-USB-PYROELECTRIC/LPCXpresso/workspace_THP/RT-USB-THP-sample/inc/USB" -I"/Users/nakagawayuki/git/RT-USB-PYROELECTRIC/LPCXpresso/workspace_THP/RT-USB-THP-sample/inc/OTHER" -I"/Users/nakagawayuki/git/RT-USB-PYROELECTRIC/LPCXpresso/workspace_THP/RT-USB-THP-sample/inc/MAIN" -Og -g3 -Wall -c -fmessage-length=0 -fno-builtin -ffunction-sections -fdata-sections -mcpu=cortex-m3 -mthumb -D__REDLIB__ -specs=redlib.specs -MMD -MP -MF"src/PERIPHERAL/SystemTickTimer.d" -MT"src/PERIPHERAL/SystemTickTimer.o" -MT"src/PERIPHERAL/SystemTickTimer.d" -o "src/PERIPHERAL/SystemTickTimer.o" "../src/PERIPHERAL/SystemTickTimer.c"
Finished building: ../src/PERIPHERAL/SystemTickTimer.c
 
Building file: ../src/PERIPHERAL/debug.c
Invoking: MCU C Compiler
arm-none-eabi-gcc -DDEBUG -D__CODE_RED -DCORE_M3 -D__USE_CMSIS=CMSISv1p30_LPC13xx -D__LPC13XX__ -D__REDLIB__ -I"/Users/nakagawayuki/git/RT-USB-PYROELECTRIC/LPCXpresso/workspace_THP/CMSISv1p30_LPC13xx/inc" -I"/Users/nakagawayuki/git/RT-USB-PYROELECTRIC/LPCXpresso/workspace_THP/RT-USB-THP-sample/inc/PERIPHERAL" -I"/Users/nakagawayuki/git/RT-USB-PYROELECTRIC/LPCXpresso/workspace_THP/RT-USB-THP-sample/inc/USB" -I"/Users/nakagawayuki/git/RT-USB-PYROELECTRIC/LPCXpresso/workspace_THP/RT-USB-THP-sample/inc/OTHER" -I"/Users/nakagawayuki/git/RT-USB-PYROELECTRIC/LPCXpresso/workspace_THP/RT-USB-THP-sample/inc/MAIN" -Og -g3 -Wall -c -fmessage-length=0 -fno-builtin -ffunction-sections -fdata-sections -mcpu=cortex-m3 -mthumb -D__REDLIB__ -specs=redlib.specs -MMD -MP -MF"src/PERIPHERAL/debug.d" -MT"src/PERIPHERAL/debug.o" -MT"src/PERIPHERAL/debug.d" -o "src/PERIPHERAL/debug.o" "../src/PERIPHERAL/debug.c"
../src/PERIPHERAL/debug.c: In function 'myPrintfUSB':
../src/PERIPHERAL/debug.c:29:24: warning: pointer targets in passing argument 1 of 'vsprintf' differ in signedness [-Wpointer-sign]
     dat.num = vsprintf(&dat.d[0], fmt, ap);
                        ^
In file included from ../src/PERIPHERAL/debug.c:8:0:
/Applications/lpcxpresso_7.9.0_455/lpcxpresso/tools/redlib/include/stdio.h:151:12: note: expected 'char * __restrict__' but argument is of type 'uint8_t *'
 extern int vsprintf(char * restrict s,
            ^
../src/PERIPHERAL/debug.c: In function 'myPrintfUART':
../src/PERIPHERAL/debug.c:51:14: warning: pointer targets in passing argument 1 of 'UARTSend' differ in signedness [-Wpointer-sign]
     UARTSend(buffer, len );
              ^
In file included from ../src/PERIPHERAL/debug.c:14:0:
/Users/nakagawayuki/git/RT-USB-PYROELECTRIC/LPCXpresso/workspace_THP/RT-USB-THP-sample/inc/PERIPHERAL/uart.h:50:6: note: expected 'uint8_t *' but argument is of type 'char *'
 void UARTSend(uint8_t *BufferPtr, uint32_t Length);
      ^
Finished building: ../src/PERIPHERAL/debug.c
 
Building file: ../src/PERIPHERAL/gpio.c
Invoking: MCU C Compiler
arm-none-eabi-gcc -DDEBUG -D__CODE_RED -DCORE_M3 -D__USE_CMSIS=CMSISv1p30_LPC13xx -D__LPC13XX__ -D__REDLIB__ -I"/Users/nakagawayuki/git/RT-USB-PYROELECTRIC/LPCXpresso/workspace_THP/CMSISv1p30_LPC13xx/inc" -I"/Users/nakagawayuki/git/RT-USB-PYROELECTRIC/LPCXpresso/workspace_THP/RT-USB-THP-sample/inc/PERIPHERAL" -I"/Users/nakagawayuki/git/RT-USB-PYROELECTRIC/LPCXpresso/workspace_THP/RT-USB-THP-sample/inc/USB" -I"/Users/nakagawayuki/git/RT-USB-PYROELECTRIC/LPCXpresso/workspace_THP/RT-USB-THP-sample/inc/OTHER" -I"/Users/nakagawayuki/git/RT-USB-PYROELECTRIC/LPCXpresso/workspace_THP/RT-USB-THP-sample/inc/MAIN" -Og -g3 -Wall -c -fmessage-length=0 -fno-builtin -ffunction-sections -fdata-sections -mcpu=cortex-m3 -mthumb -D__REDLIB__ -specs=redlib.specs -MMD -MP -MF"src/PERIPHERAL/gpio.d" -MT"src/PERIPHERAL/gpio.o" -MT"src/PERIPHERAL/gpio.d" -o "src/PERIPHERAL/gpio.o" "../src/PERIPHERAL/gpio.c"
Finished building: ../src/PERIPHERAL/gpio.c
 
Building file: ../src/PERIPHERAL/i2c.c
Invoking: MCU C Compiler
arm-none-eabi-gcc -DDEBUG -D__CODE_RED -DCORE_M3 -D__USE_CMSIS=CMSISv1p30_LPC13xx -D__LPC13XX__ -D__REDLIB__ -I"/Users/nakagawayuki/git/RT-USB-PYROELECTRIC/LPCXpresso/workspace_THP/CMSISv1p30_LPC13xx/inc" -I"/Users/nakagawayuki/git/RT-USB-PYROELECTRIC/LPCXpresso/workspace_THP/RT-USB-THP-sample/inc/PERIPHERAL" -I"/Users/nakagawayuki/git/RT-USB-PYROELECTRIC/LPCXpresso/workspace_THP/RT-USB-THP-sample/inc/USB" -I"/Users/nakagawayuki/git/RT-USB-PYROELECTRIC/LPCXpresso/workspace_THP/RT-USB-THP-sample/inc/OTHER" -I"/Users/nakagawayuki/git/RT-USB-PYROELECTRIC/LPCXpresso/workspace_THP/RT-USB-THP-sample/inc/MAIN" -Og -g3 -Wall -c -fmessage-length=0 -fno-builtin -ffunction-sections -fdata-sections -mcpu=cortex-m3 -mthumb -D__REDLIB__ -specs=redlib.specs -MMD -MP -MF"src/PERIPHERAL/i2c.d" -MT"src/PERIPHERAL/i2c.o" -MT"src/PERIPHERAL/i2c.d" -o "src/PERIPHERAL/i2c.o" "../src/PERIPHERAL/i2c.c"
Finished building: ../src/PERIPHERAL/i2c.c
 
Building file: ../src/PERIPHERAL/io.c
Invoking: MCU C Compiler
arm-none-eabi-gcc -DDEBUG -D__CODE_RED -DCORE_M3 -D__USE_CMSIS=CMSISv1p30_LPC13xx -D__LPC13XX__ -D__REDLIB__ -I"/Users/nakagawayuki/git/RT-USB-PYROELECTRIC/LPCXpresso/workspace_THP/CMSISv1p30_LPC13xx/inc" -I"/Users/nakagawayuki/git/RT-USB-PYROELECTRIC/LPCXpresso/workspace_THP/RT-USB-THP-sample/inc/PERIPHERAL" -I"/Users/nakagawayuki/git/RT-USB-PYROELECTRIC/LPCXpresso/workspace_THP/RT-USB-THP-sample/inc/USB" -I"/Users/nakagawayuki/git/RT-USB-PYROELECTRIC/LPCXpresso/workspace_THP/RT-USB-THP-sample/inc/OTHER" -I"/Users/nakagawayuki/git/RT-USB-PYROELECTRIC/LPCXpresso/workspace_THP/RT-USB-THP-sample/inc/MAIN" -Og -g3 -Wall -c -fmessage-length=0 -fno-builtin -ffunction-sections -fdata-sections -mcpu=cortex-m3 -mthumb -D__REDLIB__ -specs=redlib.specs -MMD -MP -MF"src/PERIPHERAL/io.d" -MT"src/PERIPHERAL/io.o" -MT"src/PERIPHERAL/io.d" -o "src/PERIPHERAL/io.o" "../src/PERIPHERAL/io.c"
Finished building: ../src/PERIPHERAL/io.c
 
Building file: ../src/PERIPHERAL/timer.c
Invoking: MCU C Compiler
arm-none-eabi-gcc -DDEBUG -D__CODE_RED -DCORE_M3 -D__USE_CMSIS=CMSISv1p30_LPC13xx -D__LPC13XX__ -D__REDLIB__ -I"/Users/nakagawayuki/git/RT-USB-PYROELECTRIC/LPCXpresso/workspace_THP/CMSISv1p30_LPC13xx/inc" -I"/Users/nakagawayuki/git/RT-USB-PYROELECTRIC/LPCXpresso/workspace_THP/RT-USB-THP-sample/inc/PERIPHERAL" -I"/Users/nakagawayuki/git/RT-USB-PYROELECTRIC/LPCXpresso/workspace_THP/RT-USB-THP-sample/inc/USB" -I"/Users/nakagawayuki/git/RT-USB-PYROELECTRIC/LPCXpresso/workspace_THP/RT-USB-THP-sample/inc/OTHER" -I"/Users/nakagawayuki/git/RT-USB-PYROELECTRIC/LPCXpresso/workspace_THP/RT-USB-THP-sample/inc/MAIN" -Og -g3 -Wall -c -fmessage-length=0 -fno-builtin -ffunction-sections -fdata-sections -mcpu=cortex-m3 -mthumb -D__REDLIB__ -specs=redlib.specs -MMD -MP -MF"src/PERIPHERAL/timer.d" -MT"src/PERIPHERAL/timer.o" -MT"src/PERIPHERAL/timer.d" -o "src/PERIPHERAL/timer.o" "../src/PERIPHERAL/timer.c"
Finished building: ../src/PERIPHERAL/timer.c
 
Building file: ../src/PERIPHERAL/uart.c
Invoking: MCU C Compiler
arm-none-eabi-gcc -DDEBUG -D__CODE_RED -DCORE_M3 -D__USE_CMSIS=CMSISv1p30_LPC13xx -D__LPC13XX__ -D__REDLIB__ -I"/Users/nakagawayuki/git/RT-USB-PYROELECTRIC/LPCXpresso/workspace_THP/CMSISv1p30_LPC13xx/inc" -I"/Users/nakagawayuki/git/RT-USB-PYROELECTRIC/LPCXpresso/workspace_THP/RT-USB-THP-sample/inc/PERIPHERAL" -I"/Users/nakagawayuki/git/RT-USB-PYROELECTRIC/LPCXpresso/workspace_THP/RT-USB-THP-sample/inc/USB" -I"/Users/nakagawayuki/git/RT-USB-PYROELECTRIC/LPCXpresso/workspace_THP/RT-USB-THP-sample/inc/OTHER" -I"/Users/nakagawayuki/git/RT-USB-PYROELECTRIC/LPCXpresso/workspace_THP/RT-USB-THP-sample/inc/MAIN" -Og -g3 -Wall -c -fmessage-length=0 -fno-builtin -ffunction-sections -fdata-sections -mcpu=cortex-m3 -mthumb -D__REDLIB__ -specs=redlib.specs -MMD -MP -MF"src/PERIPHERAL/uart.d" -MT"src/PERIPHERAL/uart.o" -MT"src/PERIPHERAL/uart.d" -o "src/PERIPHERAL/uart.o" "../src/PERIPHERAL/uart.c"
Finished building: ../src/PERIPHERAL/uart.c
 
Building file: ../src/PERIPHERAL/usbTransmission.c
Invoking: MCU C Compiler
arm-none-eabi-gcc -DDEBUG -D__CODE_RED -DCORE_M3 -D__USE_CMSIS=CMSISv1p30_LPC13xx -D__LPC13XX__ -D__REDLIB__ -I"/Users/nakagawayuki/git/RT-USB-PYROELECTRIC/LPCXpresso/workspace_THP/CMSISv1p30_LPC13xx/inc" -I"/Users/nakagawayuki/git/RT-USB-PYROELECTRIC/LPCXpresso/workspace_THP/RT-USB-THP-sample/inc/PERIPHERAL" -I"/Users/nakagawayuki/git/RT-USB-PYROELECTRIC/LPCXpresso/workspace_THP/RT-USB-THP-sample/inc/USB" -I"/Users/nakagawayuki/git/RT-USB-PYROELECTRIC/LPCXpresso/workspace_THP/RT-USB-THP-sample/inc/OTHER" -I"/Users/nakagawayuki/git/RT-USB-PYROELECTRIC/LPCXpresso/workspace_THP/RT-USB-THP-sample/inc/MAIN" -Og -g3 -Wall -c -fmessage-length=0 -fno-builtin -ffunction-sections -fdata-sections -mcpu=cortex-m3 -mthumb -D__REDLIB__ -specs=redlib.specs -MMD -MP -MF"src/PERIPHERAL/usbTransmission.d" -MT"src/PERIPHERAL/usbTransmission.o" -MT"src/PERIPHERAL/usbTransmission.d" -o "src/PERIPHERAL/usbTransmission.o" "../src/PERIPHERAL/usbTransmission.c"
Finished building: ../src/PERIPHERAL/usbTransmission.c
 
Building file: ../src/OTHER/cr_startup_lpc13xx.c
Invoking: MCU C Compiler
arm-none-eabi-gcc -DDEBUG -D__CODE_RED -DCORE_M3 -D__USE_CMSIS=CMSISv1p30_LPC13xx -D__LPC13XX__ -D__REDLIB__ -I"/Users/nakagawayuki/git/RT-USB-PYROELECTRIC/LPCXpresso/workspace_THP/CMSISv1p30_LPC13xx/inc" -I"/Users/nakagawayuki/git/RT-USB-PYROELECTRIC/LPCXpresso/workspace_THP/RT-USB-THP-sample/inc/PERIPHERAL" -I"/Users/nakagawayuki/git/RT-USB-PYROELECTRIC/LPCXpresso/workspace_THP/RT-USB-THP-sample/inc/USB" -I"/Users/nakagawayuki/git/RT-USB-PYROELECTRIC/LPCXpresso/workspace_THP/RT-USB-THP-sample/inc/OTHER" -I"/Users/nakagawayuki/git/RT-USB-PYROELECTRIC/LPCXpresso/workspace_THP/RT-USB-THP-sample/inc/MAIN" -Og -g3 -Wall -c -fmessage-length=0 -fno-builtin -ffunction-sections -fdata-sections -mcpu=cortex-m3 -mthumb -D__REDLIB__ -specs=redlib.specs -MMD -MP -MF"src/OTHER/cr_startup_lpc13xx.d" -MT"src/OTHER/cr_startup_lpc13xx.o" -MT"src/OTHER/cr_startup_lpc13xx.d" -o "src/OTHER/cr_startup_lpc13xx.o" "../src/OTHER/cr_startup_lpc13xx.c"
Finished building: ../src/OTHER/cr_startup_lpc13xx.c
 
Building file: ../src/OTHER/crp.c
Invoking: MCU C Compiler
arm-none-eabi-gcc -DDEBUG -D__CODE_RED -DCORE_M3 -D__USE_CMSIS=CMSISv1p30_LPC13xx -D__LPC13XX__ -D__REDLIB__ -I"/Users/nakagawayuki/git/RT-USB-PYROELECTRIC/LPCXpresso/workspace_THP/CMSISv1p30_LPC13xx/inc" -I"/Users/nakagawayuki/git/RT-USB-PYROELECTRIC/LPCXpresso/workspace_THP/RT-USB-THP-sample/inc/PERIPHERAL" -I"/Users/nakagawayuki/git/RT-USB-PYROELECTRIC/LPCXpresso/workspace_THP/RT-USB-THP-sample/inc/USB" -I"/Users/nakagawayuki/git/RT-USB-PYROELECTRIC/LPCXpresso/workspace_THP/RT-USB-THP-sample/inc/OTHER" -I"/Users/nakagawayuki/git/RT-USB-PYROELECTRIC/LPCXpresso/workspace_THP/RT-USB-THP-sample/inc/MAIN" -Og -g3 -Wall -c -fmessage-length=0 -fno-builtin -ffunction-sections -fdata-sections -mcpu=cortex-m3 -mthumb -D__REDLIB__ -specs=redlib.specs -MMD -MP -MF"src/OTHER/crp.d" -MT"src/OTHER/crp.o" -MT"src/OTHER/crp.d" -o "src/OTHER/crp.o" "../src/OTHER/crp.c"
Finished building: ../src/OTHER/crp.c
 
Building file: ../src/OTHER/serial.c
Invoking: MCU C Compiler
arm-none-eabi-gcc -DDEBUG -D__CODE_RED -DCORE_M3 -D__USE_CMSIS=CMSISv1p30_LPC13xx -D__LPC13XX__ -D__REDLIB__ -I"/Users/nakagawayuki/git/RT-USB-PYROELECTRIC/LPCXpresso/workspace_THP/CMSISv1p30_LPC13xx/inc" -I"/Users/nakagawayuki/git/RT-USB-PYROELECTRIC/LPCXpresso/workspace_THP/RT-USB-THP-sample/inc/PERIPHERAL" -I"/Users/nakagawayuki/git/RT-USB-PYROELECTRIC/LPCXpresso/workspace_THP/RT-USB-THP-sample/inc/USB" -I"/Users/nakagawayuki/git/RT-USB-PYROELECTRIC/LPCXpresso/workspace_THP/RT-USB-THP-sample/inc/OTHER" -I"/Users/nakagawayuki/git/RT-USB-PYROELECTRIC/LPCXpresso/workspace_THP/RT-USB-THP-sample/inc/MAIN" -Og -g3 -Wall -c -fmessage-length=0 -fno-builtin -ffunction-sections -fdata-sections -mcpu=cortex-m3 -mthumb -D__REDLIB__ -specs=redlib.specs -MMD -MP -MF"src/OTHER/serial.d" -MT"src/OTHER/serial.o" -MT"src/OTHER/serial.d" -o "src/OTHER/serial.o" "../src/OTHER/serial.c"
Finished building: ../src/OTHER/serial.c
 
Building file: ../src/MAIN/MainFunction.c
Invoking: MCU C Compiler
arm-none-eabi-gcc -DDEBUG -D__CODE_RED -DCORE_M3 -D__USE_CMSIS=CMSISv1p30_LPC13xx -D__LPC13XX__ -D__REDLIB__ -I"/Users/nakagawayuki/git/RT-USB-PYROELECTRIC/LPCXpresso/workspace_THP/CMSISv1p30_LPC13xx/inc" -I"/Users/nakagawayuki/git/RT-USB-PYROELECTRIC/LPCXpresso/workspace_THP/RT-USB-THP-sample/inc/PERIPHERAL" -I"/Users/nakagawayuki/git/RT-USB-PYROELECTRIC/LPCXpresso/workspace_THP/RT-USB-THP-sample/inc/USB" -I"/Users/nakagawayuki/git/RT-USB-PYROELECTRIC/LPCXpresso/workspace_THP/RT-USB-THP-sample/inc/OTHER" -I"/Users/nakagawayuki/git/RT-USB-PYROELECTRIC/LPCXpresso/workspace_THP/RT-USB-THP-sample/inc/MAIN" -Og -g3 -Wall -c -fmessage-length=0 -fno-builtin -ffunction-sections -fdata-sections -mcpu=cortex-m3 -mthumb -D__REDLIB__ -specs=redlib.specs -MMD -MP -MF"src/MAIN/MainFunction.d" -MT"src/MAIN/MainFunction.o" -MT"src/MAIN/MainFunction.d" -o "src/MAIN/MainFunction.o" "../src/MAIN/MainFunction.c"
Finished building: ../src/MAIN/MainFunction.c
 
Building file: ../src/MAIN/UserInterface.c
Invoking: MCU C Compiler
arm-none-eabi-gcc -DDEBUG -D__CODE_RED -DCORE_M3 -D__USE_CMSIS=CMSISv1p30_LPC13xx -D__LPC13XX__ -D__REDLIB__ -I"/Users/nakagawayuki/git/RT-USB-PYROELECTRIC/LPCXpresso/workspace_THP/CMSISv1p30_LPC13xx/inc" -I"/Users/nakagawayuki/git/RT-USB-PYROELECTRIC/LPCXpresso/workspace_THP/RT-USB-THP-sample/inc/PERIPHERAL" -I"/Users/nakagawayuki/git/RT-USB-PYROELECTRIC/LPCXpresso/workspace_THP/RT-USB-THP-sample/inc/USB" -I"/Users/nakagawayuki/git/RT-USB-PYROELECTRIC/LPCXpresso/workspace_THP/RT-USB-THP-sample/inc/OTHER" -I"/Users/nakagawayuki/git/RT-USB-PYROELECTRIC/LPCXpresso/workspace_THP/RT-USB-THP-sample/inc/MAIN" -Og -g3 -Wall -c -fmessage-length=0 -fno-builtin -ffunction-sections -fdata-sections -mcpu=cortex-m3 -mthumb -D__REDLIB__ -specs=redlib.specs -MMD -MP -MF"src/MAIN/UserInterface.d" -MT"src/MAIN/UserInterface.o" -MT"src/MAIN/UserInterface.d" -o "src/MAIN/UserInterface.o" "../src/MAIN/UserInterface.c"
../src/MAIN/UserInterface.c: In function 'TIMER32_0_IRQHandler':
../src/MAIN/UserInterface.c:161:10: warning: unused variable 'ad_val' [-Wunused-variable]
  int16_t ad_val[8];
          ^
Finished building: ../src/MAIN/UserInterface.c
 
Building file: ../src/MAIN/bme280.c
Invoking: MCU C Compiler
arm-none-eabi-gcc -DDEBUG -D__CODE_RED -DCORE_M3 -D__USE_CMSIS=CMSISv1p30_LPC13xx -D__LPC13XX__ -D__REDLIB__ -I"/Users/nakagawayuki/git/RT-USB-PYROELECTRIC/LPCXpresso/workspace_THP/CMSISv1p30_LPC13xx/inc" -I"/Users/nakagawayuki/git/RT-USB-PYROELECTRIC/LPCXpresso/workspace_THP/RT-USB-THP-sample/inc/PERIPHERAL" -I"/Users/nakagawayuki/git/RT-USB-PYROELECTRIC/LPCXpresso/workspace_THP/RT-USB-THP-sample/inc/USB" -I"/Users/nakagawayuki/git/RT-USB-PYROELECTRIC/LPCXpresso/workspace_THP/RT-USB-THP-sample/inc/OTHER" -I"/Users/nakagawayuki/git/RT-USB-PYROELECTRIC/LPCXpresso/workspace_THP/RT-USB-THP-sample/inc/MAIN" -Og -g3 -Wall -c -fmessage-length=0 -fno-builtin -ffunction-sections -fdata-sections -mcpu=cortex-m3 -mthumb -D__REDLIB__ -specs=redlib.specs -MMD -MP -MF"src/MAIN/bme280.d" -MT"src/MAIN/bme280.o" -MT"src/MAIN/bme280.d" -o "src/MAIN/bme280.o" "../src/MAIN/bme280.c"
../src/MAIN/bme280.c: In function 'whoAmIBME280':
../src/MAIN/bme280.c:324:2: warning: implicit declaration of function 'myPrintfUSB' [-Wimplicit-function-declaration]
  myPrintfUSB("//////////////// \n");
  ^
Finished building: ../src/MAIN/bme280.c
 
Building file: ../src/MAIN/main.c
Invoking: MCU C Compiler
arm-none-eabi-gcc -DDEBUG -D__CODE_RED -DCORE_M3 -D__USE_CMSIS=CMSISv1p30_LPC13xx -D__LPC13XX__ -D__REDLIB__ -I"/Users/nakagawayuki/git/RT-USB-PYROELECTRIC/LPCXpresso/workspace_THP/CMSISv1p30_LPC13xx/inc" -I"/Users/nakagawayuki/git/RT-USB-PYROELECTRIC/LPCXpresso/workspace_THP/RT-USB-THP-sample/inc/PERIPHERAL" -I"/Users/nakagawayuki/git/RT-USB-PYROELECTRIC/LPCXpresso/workspace_THP/RT-USB-THP-sample/inc/USB" -I"/Users/nakagawayuki/git/RT-USB-PYROELECTRIC/LPCXpresso/workspace_THP/RT-USB-THP-sample/inc/OTHER" -I"/Users/nakagawayuki/git/RT-USB-PYROELECTRIC/LPCXpresso/workspace_THP/RT-USB-THP-sample/inc/MAIN" -Og -g3 -Wall -c -fmessage-length=0 -fno-builtin -ffunction-sections -fdata-sections -mcpu=cortex-m3 -mthumb -D__REDLIB__ -specs=redlib.specs -MMD -MP -MF"src/MAIN/main.d" -MT"src/MAIN/main.o" -MT"src/MAIN/main.d" -o "src/MAIN/main.o" "../src/MAIN/main.c"
Finished building: ../src/MAIN/main.c
 
Building target: RT-USB-THP-sample.axf
Invoking: MCU Linker
arm-none-eabi-gcc -nostdlib -L"/Users/nakagawayuki/git/RT-USB-PYROELECTRIC/LPCXpresso/workspace_THP/CMSISv1p30_LPC13xx/Debug" -Xlinker -Map="RT-USB-THP-sample.map" -Xlinker --gc-sections -mcpu=cortex-m3 -mthumb -T "RT-BLUETOOTH-9AXIS-sample_Debug.ld" -o "RT-USB-THP-sample.axf"  ./src/USB/cdcuser.o ./src/USB/usbcore.o ./src/USB/usbdesc.o ./src/USB/usbhw.o ./src/USB/usbuser.o  ./src/PERIPHERAL/SystemTickTimer.o ./src/PERIPHERAL/debug.o ./src/PERIPHERAL/gpio.o ./src/PERIPHERAL/i2c.o ./src/PERIPHERAL/io.o ./src/PERIPHERAL/timer.o ./src/PERIPHERAL/uart.o ./src/PERIPHERAL/usbTransmission.o  ./src/OTHER/cr_startup_lpc13xx.o ./src/OTHER/crp.o ./src/OTHER/serial.o  ./src/MAIN/MainFunction.o ./src/MAIN/UserInterface.o ./src/MAIN/bme280.o ./src/MAIN/main.o   -lCMSISv1p30_LPC13xx
Finished building target: RT-USB-THP-sample.axf
 
make --no-print-directory post-build
Performing post-build steps
arm-none-eabi-size "RT-USB-THP-sample.axf" ; arm-none-eabi-objcopy -v -O binary "RT-USB-THP-sample.axf" "RT-USB-THP-sample.bin" ; checksum -p LPC1343 -d "RT-USB-THP-sample.bin"
   text	   data	    bss	    dec	    hex	filename
  20816	     20	   1568	  22404	   5784	RT-USB-THP-sample.axf
copy from `RT-USB-THP-sample.axf' [elf32-littlearm] to `RT-USB-THP-sample.bin' [binary]
Written checksum 0xefffd812 at offset 0x1c in file RT-USB-THP-sample.bin
Previous value 0x00000000 at offset 0x1c in file RT-USB-THP-sample.bin
 
10:49:56 **** Incremental Build of configuration Debug for project CMSISv1p30_LPC13xx ****
make -r all 
make: Nothing to be done for `all'.
10:49:56 **** Incremental Build of configuration Debug for project RT-USB-THP-sample ****
make -r all 
Building file: ../src/MAIN/main.c
Invoking: MCU C Compiler
arm-none-eabi-gcc -DDEBUG -D__CODE_RED -DCORE_M3 -D__USE_CMSIS=CMSISv1p30_LPC13xx -D__LPC13XX__ -D__REDLIB__ -I"/Users/nakagawayuki/git/RT-USB-PYROELECTRIC/LPCXpresso/workspace_THP/CMSISv1p30_LPC13xx/inc" -I"/Users/nakagawayuki/git/RT-USB-PYROELECTRIC/LPCXpresso/workspace_THP/RT-USB-THP-sample/inc/PERIPHERAL" -I"/Users/nakagawayuki/git/RT-USB-PYROELECTRIC/LPCXpresso/workspace_THP/RT-USB-THP-sample/inc/USB" -I"/Users/nakagawayuki/git/RT-USB-PYROELECTRIC/LPCXpresso/workspace_THP/RT-USB-THP-sample/inc/OTHER" -I"/Users/nakagawayuki/git/RT-USB-PYROELECTRIC/LPCXpresso/workspace_THP/RT-USB-THP-sample/inc/MAIN" -Og -g3 -Wall -c -fmessage-length=0 -fno-builtin -ffunction-sections -fdata-sections -mcpu=cortex-m3 -mthumb -D__REDLIB__ -specs=redlib.specs -MMD -MP -MF"src/MAIN/main.d" -MT"src/MAIN/main.o" -MT"src/MAIN/main.d" -o "src/MAIN/main.o" "../src/MAIN/main.c"
../src/MAIN/main.c: In function 'main':
../src/MAIN/main.c:59:3: warning: implicit declaration of function 'setStateLED' [-Wimplicit-function-declaration]
   setStateLED(1);
   ^
Finished building: ../src/MAIN/main.c
 
Building target: RT-USB-THP-sample.axf
Invoking: MCU Linker
arm-none-eabi-gcc -nostdlib -L"/Users/nakagawayuki/git/RT-USB-PYROELECTRIC/LPCXpresso/workspace_THP/CMSISv1p30_LPC13xx/Debug" -Xlinker -Map="RT-USB-THP-sample.map" -Xlinker --gc-sections -mcpu=cortex-m3 -mthumb -T "RT-BLUETOOTH-9AXIS-sample_Debug.ld" -o "RT-USB-THP-sample.axf"  ./src/USB/cdcuser.o ./src/USB/usbcore.o ./src/USB/usbdesc.o ./src/USB/usbhw.o ./src/USB/usbuser.o  ./src/PERIPHERAL/SystemTickTimer.o ./src/PERIPHERAL/debug.o ./src/PERIPHERAL/gpio.o ./src/PERIPHERAL/i2c.o ./src/PERIPHERAL/io.o ./src/PERIPHERAL/timer.o ./src/PERIPHERAL/uart.o ./src/PERIPHERAL/usbTransmission.o  ./src/OTHER/cr_startup_lpc13xx.o ./src/OTHER/crp.o ./src/OTHER/serial.o  ./src/MAIN/MainFunction.o ./src/MAIN/UserInterface.o ./src/MAIN/bme280.o ./src/MAIN/main.o   -lCMSISv1p30_LPC13xx
./src/MAIN/main.o: In function `main':
/Users/nakagawayuki/git/RT-USB-PYROELECTRIC/LPCXpresso/workspace_THP/RT-USB-THP-sample/Debug/../src/MAIN/main.c:59: undefined reference to `setStateLED'
collect2: error: ld returned 1 exit status
make: *** [RT-USB-THP-sample.axf] Error 1
10:50:37 **** Incremental Build of configuration Debug for project CMSISv1p30_LPC13xx ****
make -r all 
make: Nothing to be done for `all'.
10:50:38 **** Incremental Build of configuration Debug for project RT-USB-THP-sample ****
make -r all 
Building file: ../src/MAIN/main.c
Invoking: MCU C Compiler
arm-none-eabi-gcc -DDEBUG -D__CODE_RED -DCORE_M3 -D__USE_CMSIS=CMSISv1p30_LPC13xx -D__LPC13XX__ -D__REDLIB__ -I"/Users/nakagawayuki/git/RT-USB-PYROELECTRIC/LPCXpresso/workspace_THP/CMSISv1p30_LPC13xx/inc" -I"/Users/nakagawayuki/git/RT-USB-PYROELECTRIC/LPCXpresso/workspace_THP/RT-USB-THP-sample/inc/PERIPHERAL" -I"/Users/nakagawayuki/git/RT-USB-PYROELECTRIC/LPCXpresso/workspace_THP/RT-USB-THP-sample/inc/USB" -I"/Users/nakagawayuki/git/RT-USB-PYROELECTRIC/LPCXpresso/workspace_THP/RT-USB-THP-sample/inc/OTHER" -I"/Users/nakagawayuki/git/RT-USB-PYROELECTRIC/LPCXpresso/workspace_THP/RT-USB-THP-sample/inc/MAIN" -Og -g3 -Wall -c -fmessage-length=0 -fno-builtin -ffunction-sections -fdata-sections -mcpu=cortex-m3 -mthumb -D__REDLIB__ -specs=redlib.specs -MMD -MP -MF"src/MAIN/main.d" -MT"src/MAIN/main.o" -MT"src/MAIN/main.d" -o "src/MAIN/main.o" "../src/MAIN/main.c"
Finished building: ../src/MAIN/main.c
 
Building target: RT-USB-THP-sample.axf
Invoking: MCU Linker
arm-none-eabi-gcc -nostdlib -L"/Users/nakagawayuki/git/RT-USB-PYROELECTRIC/LPCXpresso/workspace_THP/CMSISv1p30_LPC13xx/Debug" -Xlinker -Map="RT-USB-THP-sample.map" -Xlinker --gc-sections -mcpu=cortex-m3 -mthumb -T "RT-BLUETOOTH-9AXIS-sample_Debug.ld" -o "RT-USB-THP-sample.axf"  ./src/USB/cdcuser.o ./src/USB/usbcore.o ./src/USB/usbdesc.o ./src/USB/usbhw.o ./src/USB/usbuser.o  ./src/PERIPHERAL/SystemTickTimer.o ./src/PERIPHERAL/debug.o ./src/PERIPHERAL/gpio.o ./src/PERIPHERAL/i2c.o ./src/PERIPHERAL/io.o ./src/PERIPHERAL/timer.o ./src/PERIPHERAL/uart.o ./src/PERIPHERAL/usbTransmission.o  ./src/OTHER/cr_startup_lpc13xx.o ./src/OTHER/crp.o ./src/OTHER/serial.o  ./src/MAIN/MainFunction.o ./src/MAIN/UserInterface.o ./src/MAIN/bme280.o ./src/MAIN/main.o   -lCMSISv1p30_LPC13xx
Finished building target: RT-USB-THP-sample.axf
 
make --no-print-directory post-build
Performing post-build steps
arm-none-eabi-size "RT-USB-THP-sample.axf" ; arm-none-eabi-objcopy -v -O binary "RT-USB-THP-sample.axf" "RT-USB-THP-sample.bin" ; checksum -p LPC1343 -d "RT-USB-THP-sample.bin"
   text	   data	    bss	    dec	    hex	filename
  20824	     20	   1568	  22412	   578c	RT-USB-THP-sample.axf
copy from `RT-USB-THP-sample.axf' [elf32-littlearm] to `RT-USB-THP-sample.bin' [binary]
Written checksum 0xefffd812 at offset 0x1c in file RT-USB-THP-sample.bin
Previous value 0x00000000 at offset 0x1c in file RT-USB-THP-sample.bin
 
10:54:32 **** Incremental Build of configuration Debug for project CMSISv1p30_LPC13xx ****
make -r all 
make: Nothing to be done for `all'.
10:54:32 **** Incremental Build of configuration Debug for project RT-USB-THP-sample ****
make -r all 
Building file: ../src/MAIN/main.c
Invoking: MCU C Compiler
arm-none-eabi-gcc -DDEBUG -D__CODE_RED -DCORE_M3 -D__USE_CMSIS=CMSISv1p30_LPC13xx -D__LPC13XX__ -D__REDLIB__ -I"/Users/nakagawayuki/git/RT-USB-PYROELECTRIC/LPCXpresso/workspace_THP/CMSISv1p30_LPC13xx/inc" -I"/Users/nakagawayuki/git/RT-USB-PYROELECTRIC/LPCXpresso/workspace_THP/RT-USB-THP-sample/inc/PERIPHERAL" -I"/Users/nakagawayuki/git/RT-USB-PYROELECTRIC/LPCXpresso/workspace_THP/RT-USB-THP-sample/inc/USB" -I"/Users/nakagawayuki/git/RT-USB-PYROELECTRIC/LPCXpresso/workspace_THP/RT-USB-THP-sample/inc/OTHER" -I"/Users/nakagawayuki/git/RT-USB-PYROELECTRIC/LPCXpresso/workspace_THP/RT-USB-THP-sample/inc/MAIN" -Og -g3 -Wall -c -fmessage-length=0 -fno-builtin -ffunction-sections -fdata-sections -mcpu=cortex-m3 -mthumb -D__REDLIB__ -specs=redlib.specs -MMD -MP -MF"src/MAIN/main.d" -MT"src/MAIN/main.o" -MT"src/MAIN/main.d" -o "src/MAIN/main.o" "../src/MAIN/main.c"
../src/MAIN/main.c: In function 'main':
../src/MAIN/main.c:48:2: warning: implicit declaration of function 'initgpio' [-Wimplicit-function-declaration]
  initgpio();
  ^
Finished building: ../src/MAIN/main.c
 
Building target: RT-USB-THP-sample.axf
Invoking: MCU Linker
arm-none-eabi-gcc -nostdlib -L"/Users/nakagawayuki/git/RT-USB-PYROELECTRIC/LPCXpresso/workspace_THP/CMSISv1p30_LPC13xx/Debug" -Xlinker -Map="RT-USB-THP-sample.map" -Xlinker --gc-sections -mcpu=cortex-m3 -mthumb -T "RT-BLUETOOTH-9AXIS-sample_Debug.ld" -o "RT-USB-THP-sample.axf"  ./src/USB/cdcuser.o ./src/USB/usbcore.o ./src/USB/usbdesc.o ./src/USB/usbhw.o ./src/USB/usbuser.o  ./src/PERIPHERAL/SystemTickTimer.o ./src/PERIPHERAL/debug.o ./src/PERIPHERAL/gpio.o ./src/PERIPHERAL/i2c.o ./src/PERIPHERAL/io.o ./src/PERIPHERAL/timer.o ./src/PERIPHERAL/uart.o ./src/PERIPHERAL/usbTransmission.o  ./src/OTHER/cr_startup_lpc13xx.o ./src/OTHER/crp.o ./src/OTHER/serial.o  ./src/MAIN/MainFunction.o ./src/MAIN/UserInterface.o ./src/MAIN/bme280.o ./src/MAIN/main.o   -lCMSISv1p30_LPC13xx
./src/MAIN/main.o: In function `main':
/Users/nakagawayuki/git/RT-USB-PYROELECTRIC/LPCXpresso/workspace_THP/RT-USB-THP-sample/Debug/../src/MAIN/main.c:48: undefined reference to `initgpio'
collect2: error: ld returned 1 exit status
make: *** [RT-USB-THP-sample.axf] Error 1
10:58:44 **** Incremental Build of configuration Debug for project CMSISv1p30_LPC13xx ****
make -r all 
make: Nothing to be done for `all'.
10:58:44 **** Incremental Build of configuration Debug for project RT-USB-THP-sample ****
make -r all 
Building file: ../src/MAIN/main.c
Invoking: MCU C Compiler
arm-none-eabi-gcc -DDEBUG -D__CODE_RED -DCORE_M3 -D__USE_CMSIS=CMSISv1p30_LPC13xx -D__LPC13XX__ -D__REDLIB__ -I"/Users/nakagawayuki/git/RT-USB-PYROELECTRIC/LPCXpresso/workspace_THP/CMSISv1p30_LPC13xx/inc" -I"/Users/nakagawayuki/git/RT-USB-PYROELECTRIC/LPCXpresso/workspace_THP/RT-USB-THP-sample/inc/PERIPHERAL" -I"/Users/nakagawayuki/git/RT-USB-PYROELECTRIC/LPCXpresso/workspace_THP/RT-USB-THP-sample/inc/USB" -I"/Users/nakagawayuki/git/RT-USB-PYROELECTRIC/LPCXpresso/workspace_THP/RT-USB-THP-sample/inc/OTHER" -I"/Users/nakagawayuki/git/RT-USB-PYROELECTRIC/LPCXpresso/workspace_THP/RT-USB-THP-sample/inc/MAIN" -Og -g3 -Wall -c -fmessage-length=0 -fno-builtin -ffunction-sections -fdata-sections -mcpu=cortex-m3 -mthumb -D__REDLIB__ -specs=redlib.specs -MMD -MP -MF"src/MAIN/main.d" -MT"src/MAIN/main.o" -MT"src/MAIN/main.d" -o "src/MAIN/main.o" "../src/MAIN/main.c"
../src/MAIN/main.c: In function 'main':
../src/MAIN/main.c:60:14: error: 'Port2' undeclared (first use in this function)
   GPIOSetDir(Port2,0,1);
              ^
../src/MAIN/main.c:60:14: note: each undeclared identifier is reported only once for each function it appears in
make: *** [src/MAIN/main.o] Error 1
10:59:33 **** Incremental Build of configuration Debug for project CMSISv1p30_LPC13xx ****
make -r all 
make: Nothing to be done for `all'.
10:59:34 **** Incremental Build of configuration Debug for project RT-USB-THP-sample ****
make -r all 
Building file: ../src/MAIN/main.c
Invoking: MCU C Compiler
arm-none-eabi-gcc -DDEBUG -D__CODE_RED -DCORE_M3 -D__USE_CMSIS=CMSISv1p30_LPC13xx -D__LPC13XX__ -D__REDLIB__ -I"/Users/nakagawayuki/git/RT-USB-PYROELECTRIC/LPCXpresso/workspace_THP/CMSISv1p30_LPC13xx/inc" -I"/Users/nakagawayuki/git/RT-USB-PYROELECTRIC/LPCXpresso/workspace_THP/RT-USB-THP-sample/inc/PERIPHERAL" -I"/Users/nakagawayuki/git/RT-USB-PYROELECTRIC/LPCXpresso/workspace_THP/RT-USB-THP-sample/inc/USB" -I"/Users/nakagawayuki/git/RT-USB-PYROELECTRIC/LPCXpresso/workspace_THP/RT-USB-THP-sample/inc/OTHER" -I"/Users/nakagawayuki/git/RT-USB-PYROELECTRIC/LPCXpresso/workspace_THP/RT-USB-THP-sample/inc/MAIN" -Og -g3 -Wall -c -fmessage-length=0 -fno-builtin -ffunction-sections -fdata-sections -mcpu=cortex-m3 -mthumb -D__REDLIB__ -specs=redlib.specs -MMD -MP -MF"src/MAIN/main.d" -MT"src/MAIN/main.o" -MT"src/MAIN/main.d" -o "src/MAIN/main.o" "../src/MAIN/main.c"
Finished building: ../src/MAIN/main.c
 
Building target: RT-USB-THP-sample.axf
Invoking: MCU Linker
arm-none-eabi-gcc -nostdlib -L"/Users/nakagawayuki/git/RT-USB-PYROELECTRIC/LPCXpresso/workspace_THP/CMSISv1p30_LPC13xx/Debug" -Xlinker -Map="RT-USB-THP-sample.map" -Xlinker --gc-sections -mcpu=cortex-m3 -mthumb -T "RT-BLUETOOTH-9AXIS-sample_Debug.ld" -o "RT-USB-THP-sample.axf"  ./src/USB/cdcuser.o ./src/USB/usbcore.o ./src/USB/usbdesc.o ./src/USB/usbhw.o ./src/USB/usbuser.o  ./src/PERIPHERAL/SystemTickTimer.o ./src/PERIPHERAL/debug.o ./src/PERIPHERAL/gpio.o ./src/PERIPHERAL/i2c.o ./src/PERIPHERAL/io.o ./src/PERIPHERAL/timer.o ./src/PERIPHERAL/uart.o ./src/PERIPHERAL/usbTransmission.o  ./src/OTHER/cr_startup_lpc13xx.o ./src/OTHER/crp.o ./src/OTHER/serial.o  ./src/MAIN/MainFunction.o ./src/MAIN/UserInterface.o ./src/MAIN/bme280.o ./src/MAIN/main.o   -lCMSISv1p30_LPC13xx
Finished building target: RT-USB-THP-sample.axf
 
make --no-print-directory post-build
Performing post-build steps
arm-none-eabi-size "RT-USB-THP-sample.axf" ; arm-none-eabi-objcopy -v -O binary "RT-USB-THP-sample.axf" "RT-USB-THP-sample.bin" ; checksum -p LPC1343 -d "RT-USB-THP-sample.bin"
   text	   data	    bss	    dec	    hex	filename
  20984	     20	   1568	  22572	   582c	RT-USB-THP-sample.axf
copy from `RT-USB-THP-sample.axf' [elf32-littlearm] to `RT-USB-THP-sample.bin' [binary]
Written checksum 0xefffd812 at offset 0x1c in file RT-USB-THP-sample.bin
Previous value 0x00000000 at offset 0x1c in file RT-USB-THP-sample.bin
 
11:00:34 **** Incremental Build of configuration Debug for project CMSISv1p30_LPC13xx ****
make -r all 
make: Nothing to be done for `all'.
11:00:35 **** Incremental Build of configuration Debug for project RT-USB-THP-sample ****
make -r all 
Building file: ../src/MAIN/main.c
Invoking: MCU C Compiler
arm-none-eabi-gcc -DDEBUG -D__CODE_RED -DCORE_M3 -D__USE_CMSIS=CMSISv1p30_LPC13xx -D__LPC13XX__ -D__REDLIB__ -I"/Users/nakagawayuki/git/RT-USB-PYROELECTRIC/LPCXpresso/workspace_THP/CMSISv1p30_LPC13xx/inc" -I"/Users/nakagawayuki/git/RT-USB-PYROELECTRIC/LPCXpresso/workspace_THP/RT-USB-THP-sample/inc/PERIPHERAL" -I"/Users/nakagawayuki/git/RT-USB-PYROELECTRIC/LPCXpresso/workspace_THP/RT-USB-THP-sample/inc/USB" -I"/Users/nakagawayuki/git/RT-USB-PYROELECTRIC/LPCXpresso/workspace_THP/RT-USB-THP-sample/inc/OTHER" -I"/Users/nakagawayuki/git/RT-USB-PYROELECTRIC/LPCXpresso/workspace_THP/RT-USB-THP-sample/inc/MAIN" -Og -g3 -Wall -c -fmessage-length=0 -fno-builtin -ffunction-sections -fdata-sections -mcpu=cortex-m3 -mthumb -D__REDLIB__ -specs=redlib.specs -MMD -MP -MF"src/MAIN/main.d" -MT"src/MAIN/main.o" -MT"src/MAIN/main.d" -o "src/MAIN/main.o" "../src/MAIN/main.c"
Finished building: ../src/MAIN/main.c
 
Building target: RT-USB-THP-sample.axf
Invoking: MCU Linker
arm-none-eabi-gcc -nostdlib -L"/Users/nakagawayuki/git/RT-USB-PYROELECTRIC/LPCXpresso/workspace_THP/CMSISv1p30_LPC13xx/Debug" -Xlinker -Map="RT-USB-THP-sample.map" -Xlinker --gc-sections -mcpu=cortex-m3 -mthumb -T "RT-BLUETOOTH-9AXIS-sample_Debug.ld" -o "RT-USB-THP-sample.axf"  ./src/USB/cdcuser.o ./src/USB/usbcore.o ./src/USB/usbdesc.o ./src/USB/usbhw.o ./src/USB/usbuser.o  ./src/PERIPHERAL/SystemTickTimer.o ./src/PERIPHERAL/debug.o ./src/PERIPHERAL/gpio.o ./src/PERIPHERAL/i2c.o ./src/PERIPHERAL/io.o ./src/PERIPHERAL/timer.o ./src/PERIPHERAL/uart.o ./src/PERIPHERAL/usbTransmission.o  ./src/OTHER/cr_startup_lpc13xx.o ./src/OTHER/crp.o ./src/OTHER/serial.o  ./src/MAIN/MainFunction.o ./src/MAIN/UserInterface.o ./src/MAIN/bme280.o ./src/MAIN/main.o   -lCMSISv1p30_LPC13xx
Finished building target: RT-USB-THP-sample.axf
 
make --no-print-directory post-build
Performing post-build steps
arm-none-eabi-size "RT-USB-THP-sample.axf" ; arm-none-eabi-objcopy -v -O binary "RT-USB-THP-sample.axf" "RT-USB-THP-sample.bin" ; checksum -p LPC1343 -d "RT-USB-THP-sample.bin"
   text	   data	    bss	    dec	    hex	filename
  20984	     20	   1568	  22572	   582c	RT-USB-THP-sample.axf
copy from `RT-USB-THP-sample.axf' [elf32-littlearm] to `RT-USB-THP-sample.bin' [binary]
Written checksum 0xefffd812 at offset 0x1c in file RT-USB-THP-sample.bin
Previous value 0x00000000 at offset 0x1c in file RT-USB-THP-sample.bin
 
11:01:12 **** Incremental Build of configuration Debug for project CMSISv1p30_LPC13xx ****
make -r all 
make: Nothing to be done for `all'.
11:01:12 **** Incremental Build of configuration Debug for project RT-USB-THP-sample ****
make -r all 
Building file: ../src/MAIN/main.c
Invoking: MCU C Compiler
arm-none-eabi-gcc -DDEBUG -D__CODE_RED -DCORE_M3 -D__USE_CMSIS=CMSISv1p30_LPC13xx -D__LPC13XX__ -D__REDLIB__ -I"/Users/nakagawayuki/git/RT-USB-PYROELECTRIC/LPCXpresso/workspace_THP/CMSISv1p30_LPC13xx/inc" -I"/Users/nakagawayuki/git/RT-USB-PYROELECTRIC/LPCXpresso/workspace_THP/RT-USB-THP-sample/inc/PERIPHERAL" -I"/Users/nakagawayuki/git/RT-USB-PYROELECTRIC/LPCXpresso/workspace_THP/RT-USB-THP-sample/inc/USB" -I"/Users/nakagawayuki/git/RT-USB-PYROELECTRIC/LPCXpresso/workspace_THP/RT-USB-THP-sample/inc/OTHER" -I"/Users/nakagawayuki/git/RT-USB-PYROELECTRIC/LPCXpresso/workspace_THP/RT-USB-THP-sample/inc/MAIN" -Og -g3 -Wall -c -fmessage-length=0 -fno-builtin -ffunction-sections -fdata-sections -mcpu=cortex-m3 -mthumb -D__REDLIB__ -specs=redlib.specs -MMD -MP -MF"src/MAIN/main.d" -MT"src/MAIN/main.o" -MT"src/MAIN/main.d" -o "src/MAIN/main.o" "../src/MAIN/main.c"
Finished building: ../src/MAIN/main.c
 
Building target: RT-USB-THP-sample.axf
Invoking: MCU Linker
arm-none-eabi-gcc -nostdlib -L"/Users/nakagawayuki/git/RT-USB-PYROELECTRIC/LPCXpresso/workspace_THP/CMSISv1p30_LPC13xx/Debug" -Xlinker -Map="RT-USB-THP-sample.map" -Xlinker --gc-sections -mcpu=cortex-m3 -mthumb -T "RT-BLUETOOTH-9AXIS-sample_Debug.ld" -o "RT-USB-THP-sample.axf"  ./src/USB/cdcuser.o ./src/USB/usbcore.o ./src/USB/usbdesc.o ./src/USB/usbhw.o ./src/USB/usbuser.o  ./src/PERIPHERAL/SystemTickTimer.o ./src/PERIPHERAL/debug.o ./src/PERIPHERAL/gpio.o ./src/PERIPHERAL/i2c.o ./src/PERIPHERAL/io.o ./src/PERIPHERAL/timer.o ./src/PERIPHERAL/uart.o ./src/PERIPHERAL/usbTransmission.o  ./src/OTHER/cr_startup_lpc13xx.o ./src/OTHER/crp.o ./src/OTHER/serial.o  ./src/MAIN/MainFunction.o ./src/MAIN/UserInterface.o ./src/MAIN/bme280.o ./src/MAIN/main.o   -lCMSISv1p30_LPC13xx
Finished building target: RT-USB-THP-sample.axf
 
make --no-print-directory post-build
Performing post-build steps
arm-none-eabi-size "RT-USB-THP-sample.axf" ; arm-none-eabi-objcopy -v -O binary "RT-USB-THP-sample.axf" "RT-USB-THP-sample.bin" ; checksum -p LPC1343 -d "RT-USB-THP-sample.bin"
   text	   data	    bss	    dec	    hex	filename
  21008	     20	   1568	  22596	   5844	RT-USB-THP-sample.axf
copy from `RT-USB-THP-sample.axf' [elf32-littlearm] to `RT-USB-THP-sample.bin' [binary]
Written checksum 0xefffd812 at offset 0x1c in file RT-USB-THP-sample.bin
Previous value 0x00000000 at offset 0x1c in file RT-USB-THP-sample.bin
 
11:03:49 **** Incremental Build of configuration Debug for project CMSISv1p30_LPC13xx ****
make -r all 
make: Nothing to be done for `all'.
11:03:49 **** Incremental Build of configuration Debug for project RT-USB-THP-sample ****
make -r all 
Building file: ../src/MAIN/main.c
Invoking: MCU C Compiler
arm-none-eabi-gcc -DDEBUG -D__CODE_RED -DCORE_M3 -D__USE_CMSIS=CMSISv1p30_LPC13xx -D__LPC13XX__ -D__REDLIB__ -I"/Users/nakagawayuki/git/RT-USB-PYROELECTRIC/LPCXpresso/workspace_THP/CMSISv1p30_LPC13xx/inc" -I"/Users/nakagawayuki/git/RT-USB-PYROELECTRIC/LPCXpresso/workspace_THP/RT-USB-THP-sample/inc/PERIPHERAL" -I"/Users/nakagawayuki/git/RT-USB-PYROELECTRIC/LPCXpresso/workspace_THP/RT-USB-THP-sample/inc/USB" -I"/Users/nakagawayuki/git/RT-USB-PYROELECTRIC/LPCXpresso/workspace_THP/RT-USB-THP-sample/inc/OTHER" -I"/Users/nakagawayuki/git/RT-USB-PYROELECTRIC/LPCXpresso/workspace_THP/RT-USB-THP-sample/inc/MAIN" -Og -g3 -Wall -c -fmessage-length=0 -fno-builtin -ffunction-sections -fdata-sections -mcpu=cortex-m3 -mthumb -D__REDLIB__ -specs=redlib.specs -MMD -MP -MF"src/MAIN/main.d" -MT"src/MAIN/main.o" -MT"src/MAIN/main.d" -o "src/MAIN/main.o" "../src/MAIN/main.c"
Finished building: ../src/MAIN/main.c
 
Building target: RT-USB-THP-sample.axf
Invoking: MCU Linker
arm-none-eabi-gcc -nostdlib -L"/Users/nakagawayuki/git/RT-USB-PYROELECTRIC/LPCXpresso/workspace_THP/CMSISv1p30_LPC13xx/Debug" -Xlinker -Map="RT-USB-THP-sample.map" -Xlinker --gc-sections -mcpu=cortex-m3 -mthumb -T "RT-BLUETOOTH-9AXIS-sample_Debug.ld" -o "RT-USB-THP-sample.axf"  ./src/USB/cdcuser.o ./src/USB/usbcore.o ./src/USB/usbdesc.o ./src/USB/usbhw.o ./src/USB/usbuser.o  ./src/PERIPHERAL/SystemTickTimer.o ./src/PERIPHERAL/debug.o ./src/PERIPHERAL/gpio.o ./src/PERIPHERAL/i2c.o ./src/PERIPHERAL/io.o ./src/PERIPHERAL/timer.o ./src/PERIPHERAL/uart.o ./src/PERIPHERAL/usbTransmission.o  ./src/OTHER/cr_startup_lpc13xx.o ./src/OTHER/crp.o ./src/OTHER/serial.o  ./src/MAIN/MainFunction.o ./src/MAIN/UserInterface.o ./src/MAIN/bme280.o ./src/MAIN/main.o   -lCMSISv1p30_LPC13xx
Finished building target: RT-USB-THP-sample.axf
 
make --no-print-directory post-build
Performing post-build steps
arm-none-eabi-size "RT-USB-THP-sample.axf" ; arm-none-eabi-objcopy -v -O binary "RT-USB-THP-sample.axf" "RT-USB-THP-sample.bin" ; checksum -p LPC1343 -d "RT-USB-THP-sample.bin"
   text	   data	    bss	    dec	    hex	filename
  20960	     20	   1568	  22548	   5814	RT-USB-THP-sample.axf
copy from `RT-USB-THP-sample.axf' [elf32-littlearm] to `RT-USB-THP-sample.bin' [binary]
Written checksum 0xefffd812 at offset 0x1c in file RT-USB-THP-sample.bin
Previous value 0x00000000 at offset 0x1c in file RT-USB-THP-sample.bin
 
11:06:40 **** Incremental Build of configuration Debug for project CMSISv1p30_LPC13xx ****
make -r all 
make: Nothing to be done for `all'.
11:06:40 **** Incremental Build of configuration Debug for project RT-USB-THP-sample ****
make -r all 
Building file: ../src/MAIN/main.c
Invoking: MCU C Compiler
arm-none-eabi-gcc -DDEBUG -D__CODE_RED -DCORE_M3 -D__USE_CMSIS=CMSISv1p30_LPC13xx -D__LPC13XX__ -D__REDLIB__ -I"/Users/nakagawayuki/git/RT-USB-PYROELECTRIC/LPCXpresso/workspace_THP/CMSISv1p30_LPC13xx/inc" -I"/Users/nakagawayuki/git/RT-USB-PYROELECTRIC/LPCXpresso/workspace_THP/RT-USB-THP-sample/inc/PERIPHERAL" -I"/Users/nakagawayuki/git/RT-USB-PYROELECTRIC/LPCXpresso/workspace_THP/RT-USB-THP-sample/inc/USB" -I"/Users/nakagawayuki/git/RT-USB-PYROELECTRIC/LPCXpresso/workspace_THP/RT-USB-THP-sample/inc/OTHER" -I"/Users/nakagawayuki/git/RT-USB-PYROELECTRIC/LPCXpresso/workspace_THP/RT-USB-THP-sample/inc/MAIN" -Og -g3 -Wall -c -fmessage-length=0 -fno-builtin -ffunction-sections -fdata-sections -mcpu=cortex-m3 -mthumb -D__REDLIB__ -specs=redlib.specs -MMD -MP -MF"src/MAIN/main.d" -MT"src/MAIN/main.o" -MT"src/MAIN/main.d" -o "src/MAIN/main.o" "../src/MAIN/main.c"
Finished building: ../src/MAIN/main.c
 
Building target: RT-USB-THP-sample.axf
Invoking: MCU Linker
arm-none-eabi-gcc -nostdlib -L"/Users/nakagawayuki/git/RT-USB-PYROELECTRIC/LPCXpresso/workspace_THP/CMSISv1p30_LPC13xx/Debug" -Xlinker -Map="RT-USB-THP-sample.map" -Xlinker --gc-sections -mcpu=cortex-m3 -mthumb -T "RT-BLUETOOTH-9AXIS-sample_Debug.ld" -o "RT-USB-THP-sample.axf"  ./src/USB/cdcuser.o ./src/USB/usbcore.o ./src/USB/usbdesc.o ./src/USB/usbhw.o ./src/USB/usbuser.o  ./src/PERIPHERAL/SystemTickTimer.o ./src/PERIPHERAL/debug.o ./src/PERIPHERAL/gpio.o ./src/PERIPHERAL/i2c.o ./src/PERIPHERAL/io.o ./src/PERIPHERAL/timer.o ./src/PERIPHERAL/uart.o ./src/PERIPHERAL/usbTransmission.o  ./src/OTHER/cr_startup_lpc13xx.o ./src/OTHER/crp.o ./src/OTHER/serial.o  ./src/MAIN/MainFunction.o ./src/MAIN/UserInterface.o ./src/MAIN/bme280.o ./src/MAIN/main.o   -lCMSISv1p30_LPC13xx
Finished building target: RT-USB-THP-sample.axf
 
make --no-print-directory post-build
Performing post-build steps
arm-none-eabi-size "RT-USB-THP-sample.axf" ; arm-none-eabi-objcopy -v -O binary "RT-USB-THP-sample.axf" "RT-USB-THP-sample.bin" ; checksum -p LPC1343 -d "RT-USB-THP-sample.bin"
   text	   data	    bss	    dec	    hex	filename
  21000	     20	   1568	  22588	   583c	RT-USB-THP-sample.axf
copy from `RT-USB-THP-sample.axf' [elf32-littlearm] to `RT-USB-THP-sample.bin' [binary]
Written checksum 0xefffd812 at offset 0x1c in file RT-USB-THP-sample.bin
Previous value 0x00000000 at offset 0x1c in file RT-USB-THP-sample.bin
 
11:07:35 **** Incremental Build of configuration Debug for project CMSISv1p30_LPC13xx ****
make -r all 
make: Nothing to be done for `all'.
11:07:36 **** Incremental Build of configuration Debug for project RT-USB-THP-sample ****
make -r all 
Building file: ../src/MAIN/main.c
Invoking: MCU C Compiler
arm-none-eabi-gcc -DDEBUG -D__CODE_RED -DCORE_M3 -D__USE_CMSIS=CMSISv1p30_LPC13xx -D__LPC13XX__ -D__REDLIB__ -I"/Users/nakagawayuki/git/RT-USB-PYROELECTRIC/LPCXpresso/workspace_THP/CMSISv1p30_LPC13xx/inc" -I"/Users/nakagawayuki/git/RT-USB-PYROELECTRIC/LPCXpresso/workspace_THP/RT-USB-THP-sample/inc/PERIPHERAL" -I"/Users/nakagawayuki/git/RT-USB-PYROELECTRIC/LPCXpresso/workspace_THP/RT-USB-THP-sample/inc/USB" -I"/Users/nakagawayuki/git/RT-USB-PYROELECTRIC/LPCXpresso/workspace_THP/RT-USB-THP-sample/inc/OTHER" -I"/Users/nakagawayuki/git/RT-USB-PYROELECTRIC/LPCXpresso/workspace_THP/RT-USB-THP-sample/inc/MAIN" -Og -g3 -Wall -c -fmessage-length=0 -fno-builtin -ffunction-sections -fdata-sections -mcpu=cortex-m3 -mthumb -D__REDLIB__ -specs=redlib.specs -MMD -MP -MF"src/MAIN/main.d" -MT"src/MAIN/main.o" -MT"src/MAIN/main.d" -o "src/MAIN/main.o" "../src/MAIN/main.c"
../src/MAIN/main.c: In function 'main':
../src/MAIN/main.c:62:6: warning: unused variable 'i' [-Wunused-variable]
  int i;
      ^
Finished building: ../src/MAIN/main.c
 
Building target: RT-USB-THP-sample.axf
Invoking: MCU Linker
arm-none-eabi-gcc -nostdlib -L"/Users/nakagawayuki/git/RT-USB-PYROELECTRIC/LPCXpresso/workspace_THP/CMSISv1p30_LPC13xx/Debug" -Xlinker -Map="RT-USB-THP-sample.map" -Xlinker --gc-sections -mcpu=cortex-m3 -mthumb -T "RT-BLUETOOTH-9AXIS-sample_Debug.ld" -o "RT-USB-THP-sample.axf"  ./src/USB/cdcuser.o ./src/USB/usbcore.o ./src/USB/usbdesc.o ./src/USB/usbhw.o ./src/USB/usbuser.o  ./src/PERIPHERAL/SystemTickTimer.o ./src/PERIPHERAL/debug.o ./src/PERIPHERAL/gpio.o ./src/PERIPHERAL/i2c.o ./src/PERIPHERAL/io.o ./src/PERIPHERAL/timer.o ./src/PERIPHERAL/uart.o ./src/PERIPHERAL/usbTransmission.o  ./src/OTHER/cr_startup_lpc13xx.o ./src/OTHER/crp.o ./src/OTHER/serial.o  ./src/MAIN/MainFunction.o ./src/MAIN/UserInterface.o ./src/MAIN/bme280.o ./src/MAIN/main.o   -lCMSISv1p30_LPC13xx
Finished building target: RT-USB-THP-sample.axf
 
make --no-print-directory post-build
Performing post-build steps
arm-none-eabi-size "RT-USB-THP-sample.axf" ; arm-none-eabi-objcopy -v -O binary "RT-USB-THP-sample.axf" "RT-USB-THP-sample.bin" ; checksum -p LPC1343 -d "RT-USB-THP-sample.bin"
   text	   data	    bss	    dec	    hex	filename
  20952	     20	   1568	  22540	   580c	RT-USB-THP-sample.axf
copy from `RT-USB-THP-sample.axf' [elf32-littlearm] to `RT-USB-THP-sample.bin' [binary]
Written checksum 0xefffd812 at offset 0x1c in file RT-USB-THP-sample.bin
Previous value 0x00000000 at offset 0x1c in file RT-USB-THP-sample.bin
 
11:08:08 **** Incremental Build of configuration Debug for project CMSISv1p30_LPC13xx ****
make -r all 
make: Nothing to be done for `all'.
11:08:09 **** Incremental Build of configuration Debug for project RT-USB-THP-sample ****
make -r all 
Building file: ../src/MAIN/main.c
Invoking: MCU C Compiler
arm-none-eabi-gcc -DDEBUG -D__CODE_RED -DCORE_M3 -D__USE_CMSIS=CMSISv1p30_LPC13xx -D__LPC13XX__ -D__REDLIB__ -I"/Users/nakagawayuki/git/RT-USB-PYROELECTRIC/LPCXpresso/workspace_THP/CMSISv1p30_LPC13xx/inc" -I"/Users/nakagawayuki/git/RT-USB-PYROELECTRIC/LPCXpresso/workspace_THP/RT-USB-THP-sample/inc/PERIPHERAL" -I"/Users/nakagawayuki/git/RT-USB-PYROELECTRIC/LPCXpresso/workspace_THP/RT-USB-THP-sample/inc/USB" -I"/Users/nakagawayuki/git/RT-USB-PYROELECTRIC/LPCXpresso/workspace_THP/RT-USB-THP-sample/inc/OTHER" -I"/Users/nakagawayuki/git/RT-USB-PYROELECTRIC/LPCXpresso/workspace_THP/RT-USB-THP-sample/inc/MAIN" -Og -g3 -Wall -c -fmessage-length=0 -fno-builtin -ffunction-sections -fdata-sections -mcpu=cortex-m3 -mthumb -D__REDLIB__ -specs=redlib.specs -MMD -MP -MF"src/MAIN/main.d" -MT"src/MAIN/main.o" -MT"src/MAIN/main.d" -o "src/MAIN/main.o" "../src/MAIN/main.c"
Finished building: ../src/MAIN/main.c
 
Building target: RT-USB-THP-sample.axf
Invoking: MCU Linker
arm-none-eabi-gcc -nostdlib -L"/Users/nakagawayuki/git/RT-USB-PYROELECTRIC/LPCXpresso/workspace_THP/CMSISv1p30_LPC13xx/Debug" -Xlinker -Map="RT-USB-THP-sample.map" -Xlinker --gc-sections -mcpu=cortex-m3 -mthumb -T "RT-BLUETOOTH-9AXIS-sample_Debug.ld" -o "RT-USB-THP-sample.axf"  ./src/USB/cdcuser.o ./src/USB/usbcore.o ./src/USB/usbdesc.o ./src/USB/usbhw.o ./src/USB/usbuser.o  ./src/PERIPHERAL/SystemTickTimer.o ./src/PERIPHERAL/debug.o ./src/PERIPHERAL/gpio.o ./src/PERIPHERAL/i2c.o ./src/PERIPHERAL/io.o ./src/PERIPHERAL/timer.o ./src/PERIPHERAL/uart.o ./src/PERIPHERAL/usbTransmission.o  ./src/OTHER/cr_startup_lpc13xx.o ./src/OTHER/crp.o ./src/OTHER/serial.o  ./src/MAIN/MainFunction.o ./src/MAIN/UserInterface.o ./src/MAIN/bme280.o ./src/MAIN/main.o   -lCMSISv1p30_LPC13xx
Finished building target: RT-USB-THP-sample.axf
 
make --no-print-directory post-build
Performing post-build steps
arm-none-eabi-size "RT-USB-THP-sample.axf" ; arm-none-eabi-objcopy -v -O binary "RT-USB-THP-sample.axf" "RT-USB-THP-sample.bin" ; checksum -p LPC1343 -d "RT-USB-THP-sample.bin"
   text	   data	    bss	    dec	    hex	filename
  20952	     20	   1568	  22540	   580c	RT-USB-THP-sample.axf
copy from `RT-USB-THP-sample.axf' [elf32-littlearm] to `RT-USB-THP-sample.bin' [binary]
Written checksum 0xefffd812 at offset 0x1c in file RT-USB-THP-sample.bin
Previous value 0x00000000 at offset 0x1c in file RT-USB-THP-sample.bin
 
11:09:32 **** Incremental Build of configuration Debug for project CMSISv1p30_LPC13xx ****
make -r all 
make: Nothing to be done for `all'.
11:09:33 **** Incremental Build of configuration Debug for project RT-USB-THP-sample ****
make -r all 
Building file: ../src/MAIN/main.c
Invoking: MCU C Compiler
arm-none-eabi-gcc -DDEBUG -D__CODE_RED -DCORE_M3 -D__USE_CMSIS=CMSISv1p30_LPC13xx -D__LPC13XX__ -D__REDLIB__ -I"/Users/nakagawayuki/git/RT-USB-PYROELECTRIC/LPCXpresso/workspace_THP/CMSISv1p30_LPC13xx/inc" -I"/Users/nakagawayuki/git/RT-USB-PYROELECTRIC/LPCXpresso/workspace_THP/RT-USB-THP-sample/inc/PERIPHERAL" -I"/Users/nakagawayuki/git/RT-USB-PYROELECTRIC/LPCXpresso/workspace_THP/RT-USB-THP-sample/inc/USB" -I"/Users/nakagawayuki/git/RT-USB-PYROELECTRIC/LPCXpresso/workspace_THP/RT-USB-THP-sample/inc/OTHER" -I"/Users/nakagawayuki/git/RT-USB-PYROELECTRIC/LPCXpresso/workspace_THP/RT-USB-THP-sample/inc/MAIN" -Og -g3 -Wall -c -fmessage-length=0 -fno-builtin -ffunction-sections -fdata-sections -mcpu=cortex-m3 -mthumb -D__REDLIB__ -specs=redlib.specs -MMD -MP -MF"src/MAIN/main.d" -MT"src/MAIN/main.o" -MT"src/MAIN/main.d" -o "src/MAIN/main.o" "../src/MAIN/main.c"
Finished building: ../src/MAIN/main.c
 
Building target: RT-USB-THP-sample.axf
Invoking: MCU Linker
arm-none-eabi-gcc -nostdlib -L"/Users/nakagawayuki/git/RT-USB-PYROELECTRIC/LPCXpresso/workspace_THP/CMSISv1p30_LPC13xx/Debug" -Xlinker -Map="RT-USB-THP-sample.map" -Xlinker --gc-sections -mcpu=cortex-m3 -mthumb -T "RT-BLUETOOTH-9AXIS-sample_Debug.ld" -o "RT-USB-THP-sample.axf"  ./src/USB/cdcuser.o ./src/USB/usbcore.o ./src/USB/usbdesc.o ./src/USB/usbhw.o ./src/USB/usbuser.o  ./src/PERIPHERAL/SystemTickTimer.o ./src/PERIPHERAL/debug.o ./src/PERIPHERAL/gpio.o ./src/PERIPHERAL/i2c.o ./src/PERIPHERAL/io.o ./src/PERIPHERAL/timer.o ./src/PERIPHERAL/uart.o ./src/PERIPHERAL/usbTransmission.o  ./src/OTHER/cr_startup_lpc13xx.o ./src/OTHER/crp.o ./src/OTHER/serial.o  ./src/MAIN/MainFunction.o ./src/MAIN/UserInterface.o ./src/MAIN/bme280.o ./src/MAIN/main.o   -lCMSISv1p30_LPC13xx
Finished building target: RT-USB-THP-sample.axf
 
make --no-print-directory post-build
Performing post-build steps
arm-none-eabi-size "RT-USB-THP-sample.axf" ; arm-none-eabi-objcopy -v -O binary "RT-USB-THP-sample.axf" "RT-USB-THP-sample.bin" ; checksum -p LPC1343 -d "RT-USB-THP-sample.bin"
   text	   data	    bss	    dec	    hex	filename
  20992	     20	   1568	  22580	   5834	RT-USB-THP-sample.axf
copy from `RT-USB-THP-sample.axf' [elf32-littlearm] to `RT-USB-THP-sample.bin' [binary]
Written checksum 0xefffd812 at offset 0x1c in file RT-USB-THP-sample.bin
Previous value 0x00000000 at offset 0x1c in file RT-USB-THP-sample.bin
 
11:10:01 **** Incremental Build of configuration Debug for project CMSISv1p30_LPC13xx ****
make -r all 
make: Nothing to be done for `all'.
11:10:01 **** Incremental Build of configuration Debug for project RT-USB-THP-sample ****
make -r all 
Building file: ../src/MAIN/main.c
Invoking: MCU C Compiler
arm-none-eabi-gcc -DDEBUG -D__CODE_RED -DCORE_M3 -D__USE_CMSIS=CMSISv1p30_LPC13xx -D__LPC13XX__ -D__REDLIB__ -I"/Users/nakagawayuki/git/RT-USB-PYROELECTRIC/LPCXpresso/workspace_THP/CMSISv1p30_LPC13xx/inc" -I"/Users/nakagawayuki/git/RT-USB-PYROELECTRIC/LPCXpresso/workspace_THP/RT-USB-THP-sample/inc/PERIPHERAL" -I"/Users/nakagawayuki/git/RT-USB-PYROELECTRIC/LPCXpresso/workspace_THP/RT-USB-THP-sample/inc/USB" -I"/Users/nakagawayuki/git/RT-USB-PYROELECTRIC/LPCXpresso/workspace_THP/RT-USB-THP-sample/inc/OTHER" -I"/Users/nakagawayuki/git/RT-USB-PYROELECTRIC/LPCXpresso/workspace_THP/RT-USB-THP-sample/inc/MAIN" -Og -g3 -Wall -c -fmessage-length=0 -fno-builtin -ffunction-sections -fdata-sections -mcpu=cortex-m3 -mthumb -D__REDLIB__ -specs=redlib.specs -MMD -MP -MF"src/MAIN/main.d" -MT"src/MAIN/main.o" -MT"src/MAIN/main.d" -o "src/MAIN/main.o" "../src/MAIN/main.c"
../src/MAIN/main.c: In function 'main':
../src/MAIN/main.c:64:6: warning: unused variable 'i' [-Wunused-variable]
  int i;
      ^
Finished building: ../src/MAIN/main.c
 
Building target: RT-USB-THP-sample.axf
Invoking: MCU Linker
arm-none-eabi-gcc -nostdlib -L"/Users/nakagawayuki/git/RT-USB-PYROELECTRIC/LPCXpresso/workspace_THP/CMSISv1p30_LPC13xx/Debug" -Xlinker -Map="RT-USB-THP-sample.map" -Xlinker --gc-sections -mcpu=cortex-m3 -mthumb -T "RT-BLUETOOTH-9AXIS-sample_Debug.ld" -o "RT-USB-THP-sample.axf"  ./src/USB/cdcuser.o ./src/USB/usbcore.o ./src/USB/usbdesc.o ./src/USB/usbhw.o ./src/USB/usbuser.o  ./src/PERIPHERAL/SystemTickTimer.o ./src/PERIPHERAL/debug.o ./src/PERIPHERAL/gpio.o ./src/PERIPHERAL/i2c.o ./src/PERIPHERAL/io.o ./src/PERIPHERAL/timer.o ./src/PERIPHERAL/uart.o ./src/PERIPHERAL/usbTransmission.o  ./src/OTHER/cr_startup_lpc13xx.o ./src/OTHER/crp.o ./src/OTHER/serial.o  ./src/MAIN/MainFunction.o ./src/MAIN/UserInterface.o ./src/MAIN/bme280.o ./src/MAIN/main.o   -lCMSISv1p30_LPC13xx
Finished building target: RT-USB-THP-sample.axf
 
make --no-print-directory post-build
Performing post-build steps
arm-none-eabi-size "RT-USB-THP-sample.axf" ; arm-none-eabi-objcopy -v -O binary "RT-USB-THP-sample.axf" "RT-USB-THP-sample.bin" ; checksum -p LPC1343 -d "RT-USB-THP-sample.bin"
   text	   data	    bss	    dec	    hex	filename
  20952	     20	   1568	  22540	   580c	RT-USB-THP-sample.axf
copy from `RT-USB-THP-sample.axf' [elf32-littlearm] to `RT-USB-THP-sample.bin' [binary]
Written checksum 0xefffd812 at offset 0x1c in file RT-USB-THP-sample.bin
Previous value 0x00000000 at offset 0x1c in file RT-USB-THP-sample.bin
 
11:13:51 **** Incremental Build of configuration Debug for project CMSISv1p30_LPC13xx ****
make -r all 
make: Nothing to be done for `all'.
11:13:52 **** Incremental Build of configuration Debug for project RT-USB-THP-sample ****
make -r all 
Building file: ../src/MAIN/main.c
Invoking: MCU C Compiler
arm-none-eabi-gcc -DDEBUG -D__CODE_RED -DCORE_M3 -D__USE_CMSIS=CMSISv1p30_LPC13xx -D__LPC13XX__ -D__REDLIB__ -I"/Users/nakagawayuki/git/RT-USB-PYROELECTRIC/LPCXpresso/workspace_THP/CMSISv1p30_LPC13xx/inc" -I"/Users/nakagawayuki/git/RT-USB-PYROELECTRIC/LPCXpresso/workspace_THP/RT-USB-THP-sample/inc/PERIPHERAL" -I"/Users/nakagawayuki/git/RT-USB-PYROELECTRIC/LPCXpresso/workspace_THP/RT-USB-THP-sample/inc/USB" -I"/Users/nakagawayuki/git/RT-USB-PYROELECTRIC/LPCXpresso/workspace_THP/RT-USB-THP-sample/inc/OTHER" -I"/Users/nakagawayuki/git/RT-USB-PYROELECTRIC/LPCXpresso/workspace_THP/RT-USB-THP-sample/inc/MAIN" -Og -g3 -Wall -c -fmessage-length=0 -fno-builtin -ffunction-sections -fdata-sections -mcpu=cortex-m3 -mthumb -D__REDLIB__ -specs=redlib.specs -MMD -MP -MF"src/MAIN/main.d" -MT"src/MAIN/main.o" -MT"src/MAIN/main.d" -o "src/MAIN/main.o" "../src/MAIN/main.c"
../src/MAIN/main.c: In function 'main':
../src/MAIN/main.c:65:6: warning: unused variable 'i' [-Wunused-variable]
  int i;
      ^
Finished building: ../src/MAIN/main.c
 
Building target: RT-USB-THP-sample.axf
Invoking: MCU Linker
arm-none-eabi-gcc -nostdlib -L"/Users/nakagawayuki/git/RT-USB-PYROELECTRIC/LPCXpresso/workspace_THP/CMSISv1p30_LPC13xx/Debug" -Xlinker -Map="RT-USB-THP-sample.map" -Xlinker --gc-sections -mcpu=cortex-m3 -mthumb -T "RT-BLUETOOTH-9AXIS-sample_Debug.ld" -o "RT-USB-THP-sample.axf"  ./src/USB/cdcuser.o ./src/USB/usbcore.o ./src/USB/usbdesc.o ./src/USB/usbhw.o ./src/USB/usbuser.o  ./src/PERIPHERAL/SystemTickTimer.o ./src/PERIPHERAL/debug.o ./src/PERIPHERAL/gpio.o ./src/PERIPHERAL/i2c.o ./src/PERIPHERAL/io.o ./src/PERIPHERAL/timer.o ./src/PERIPHERAL/uart.o ./src/PERIPHERAL/usbTransmission.o  ./src/OTHER/cr_startup_lpc13xx.o ./src/OTHER/crp.o ./src/OTHER/serial.o  ./src/MAIN/MainFunction.o ./src/MAIN/UserInterface.o ./src/MAIN/bme280.o ./src/MAIN/main.o   -lCMSISv1p30_LPC13xx
Finished building target: RT-USB-THP-sample.axf
 
make --no-print-directory post-build
Performing post-build steps
arm-none-eabi-size "RT-USB-THP-sample.axf" ; arm-none-eabi-objcopy -v -O binary "RT-USB-THP-sample.axf" "RT-USB-THP-sample.bin" ; checksum -p LPC1343 -d "RT-USB-THP-sample.bin"
   text	   data	    bss	    dec	    hex	filename
  20992	     20	   1568	  22580	   5834	RT-USB-THP-sample.axf
copy from `RT-USB-THP-sample.axf' [elf32-littlearm] to `RT-USB-THP-sample.bin' [binary]
Written checksum 0xefffd812 at offset 0x1c in file RT-USB-THP-sample.bin
Previous value 0x00000000 at offset 0x1c in file RT-USB-THP-sample.bin
 
11:14:33 **** Incremental Build of configuration Debug for project CMSISv1p30_LPC13xx ****
make -r all 
make: Nothing to be done for `all'.
11:14:34 **** Incremental Build of configuration Debug for project RT-USB-THP-sample ****
make -r all 
make: Nothing to be done for `all'.
11:16:11 **** Incremental Build of configuration Debug for project CMSISv1p30_LPC13xx ****
make -r all 
make: Nothing to be done for `all'.
11:16:12 **** Incremental Build of configuration Debug for project RT-USB-THP-sample ****
make -r all 
Building file: ../src/MAIN/main.c
Invoking: MCU C Compiler
arm-none-eabi-gcc -DDEBUG -D__CODE_RED -DCORE_M3 -D__USE_CMSIS=CMSISv1p30_LPC13xx -D__LPC13XX__ -D__REDLIB__ -I"/Users/nakagawayuki/git/RT-USB-PYROELECTRIC/LPCXpresso/workspace_THP/CMSISv1p30_LPC13xx/inc" -I"/Users/nakagawayuki/git/RT-USB-PYROELECTRIC/LPCXpresso/workspace_THP/RT-USB-THP-sample/inc/PERIPHERAL" -I"/Users/nakagawayuki/git/RT-USB-PYROELECTRIC/LPCXpresso/workspace_THP/RT-USB-THP-sample/inc/USB" -I"/Users/nakagawayuki/git/RT-USB-PYROELECTRIC/LPCXpresso/workspace_THP/RT-USB-THP-sample/inc/OTHER" -I"/Users/nakagawayuki/git/RT-USB-PYROELECTRIC/LPCXpresso/workspace_THP/RT-USB-THP-sample/inc/MAIN" -Og -g3 -Wall -c -fmessage-length=0 -fno-builtin -ffunction-sections -fdata-sections -mcpu=cortex-m3 -mthumb -D__REDLIB__ -specs=redlib.specs -MMD -MP -MF"src/MAIN/main.d" -MT"src/MAIN/main.o" -MT"src/MAIN/main.d" -o "src/MAIN/main.o" "../src/MAIN/main.c"
Finished building: ../src/MAIN/main.c
 
Building target: RT-USB-THP-sample.axf
Invoking: MCU Linker
arm-none-eabi-gcc -nostdlib -L"/Users/nakagawayuki/git/RT-USB-PYROELECTRIC/LPCXpresso/workspace_THP/CMSISv1p30_LPC13xx/Debug" -Xlinker -Map="RT-USB-THP-sample.map" -Xlinker --gc-sections -mcpu=cortex-m3 -mthumb -T "RT-BLUETOOTH-9AXIS-sample_Debug.ld" -o "RT-USB-THP-sample.axf"  ./src/USB/cdcuser.o ./src/USB/usbcore.o ./src/USB/usbdesc.o ./src/USB/usbhw.o ./src/USB/usbuser.o  ./src/PERIPHERAL/SystemTickTimer.o ./src/PERIPHERAL/debug.o ./src/PERIPHERAL/gpio.o ./src/PERIPHERAL/i2c.o ./src/PERIPHERAL/io.o ./src/PERIPHERAL/timer.o ./src/PERIPHERAL/uart.o ./src/PERIPHERAL/usbTransmission.o  ./src/OTHER/cr_startup_lpc13xx.o ./src/OTHER/crp.o ./src/OTHER/serial.o  ./src/MAIN/MainFunction.o ./src/MAIN/UserInterface.o ./src/MAIN/bme280.o ./src/MAIN/main.o   -lCMSISv1p30_LPC13xx
Finished building target: RT-USB-THP-sample.axf
 
make --no-print-directory post-build
Performing post-build steps
arm-none-eabi-size "RT-USB-THP-sample.axf" ; arm-none-eabi-objcopy -v -O binary "RT-USB-THP-sample.axf" "RT-USB-THP-sample.bin" ; checksum -p LPC1343 -d "RT-USB-THP-sample.bin"
   text	   data	    bss	    dec	    hex	filename
  21016	     20	   1568	  22604	   584c	RT-USB-THP-sample.axf
copy from `RT-USB-THP-sample.axf' [elf32-littlearm] to `RT-USB-THP-sample.bin' [binary]
Written checksum 0xefffd812 at offset 0x1c in file RT-USB-THP-sample.bin
Previous value 0x00000000 at offset 0x1c in file RT-USB-THP-sample.bin
 
11:16:59 **** Incremental Build of configuration Debug for project CMSISv1p30_LPC13xx ****
make -r all 
make: Nothing to be done for `all'.
11:16:59 **** Incremental Build of configuration Debug for project RT-USB-THP-sample ****
make -r all 
Building file: ../src/MAIN/main.c
Invoking: MCU C Compiler
arm-none-eabi-gcc -DDEBUG -D__CODE_RED -DCORE_M3 -D__USE_CMSIS=CMSISv1p30_LPC13xx -D__LPC13XX__ -D__REDLIB__ -I"/Users/nakagawayuki/git/RT-USB-PYROELECTRIC/LPCXpresso/workspace_THP/CMSISv1p30_LPC13xx/inc" -I"/Users/nakagawayuki/git/RT-USB-PYROELECTRIC/LPCXpresso/workspace_THP/RT-USB-THP-sample/inc/PERIPHERAL" -I"/Users/nakagawayuki/git/RT-USB-PYROELECTRIC/LPCXpresso/workspace_THP/RT-USB-THP-sample/inc/USB" -I"/Users/nakagawayuki/git/RT-USB-PYROELECTRIC/LPCXpresso/workspace_THP/RT-USB-THP-sample/inc/OTHER" -I"/Users/nakagawayuki/git/RT-USB-PYROELECTRIC/LPCXpresso/workspace_THP/RT-USB-THP-sample/inc/MAIN" -Og -g3 -Wall -c -fmessage-length=0 -fno-builtin -ffunction-sections -fdata-sections -mcpu=cortex-m3 -mthumb -D__REDLIB__ -specs=redlib.specs -MMD -MP -MF"src/MAIN/main.d" -MT"src/MAIN/main.o" -MT"src/MAIN/main.d" -o "src/MAIN/main.o" "../src/MAIN/main.c"
Finished building: ../src/MAIN/main.c
 
Building target: RT-USB-THP-sample.axf
Invoking: MCU Linker
arm-none-eabi-gcc -nostdlib -L"/Users/nakagawayuki/git/RT-USB-PYROELECTRIC/LPCXpresso/workspace_THP/CMSISv1p30_LPC13xx/Debug" -Xlinker -Map="RT-USB-THP-sample.map" -Xlinker --gc-sections -mcpu=cortex-m3 -mthumb -T "RT-BLUETOOTH-9AXIS-sample_Debug.ld" -o "RT-USB-THP-sample.axf"  ./src/USB/cdcuser.o ./src/USB/usbcore.o ./src/USB/usbdesc.o ./src/USB/usbhw.o ./src/USB/usbuser.o  ./src/PERIPHERAL/SystemTickTimer.o ./src/PERIPHERAL/debug.o ./src/PERIPHERAL/gpio.o ./src/PERIPHERAL/i2c.o ./src/PERIPHERAL/io.o ./src/PERIPHERAL/timer.o ./src/PERIPHERAL/uart.o ./src/PERIPHERAL/usbTransmission.o  ./src/OTHER/cr_startup_lpc13xx.o ./src/OTHER/crp.o ./src/OTHER/serial.o  ./src/MAIN/MainFunction.o ./src/MAIN/UserInterface.o ./src/MAIN/bme280.o ./src/MAIN/main.o   -lCMSISv1p30_LPC13xx
Finished building target: RT-USB-THP-sample.axf
 
make --no-print-directory post-build
Performing post-build steps
arm-none-eabi-size "RT-USB-THP-sample.axf" ; arm-none-eabi-objcopy -v -O binary "RT-USB-THP-sample.axf" "RT-USB-THP-sample.bin" ; checksum -p LPC1343 -d "RT-USB-THP-sample.bin"
   text	   data	    bss	    dec	    hex	filename
  21008	     20	   1568	  22596	   5844	RT-USB-THP-sample.axf
copy from `RT-USB-THP-sample.axf' [elf32-littlearm] to `RT-USB-THP-sample.bin' [binary]
Written checksum 0xefffd812 at offset 0x1c in file RT-USB-THP-sample.bin
Previous value 0x00000000 at offset 0x1c in file RT-USB-THP-sample.bin
 
11:17:23 **** Incremental Build of configuration Debug for project CMSISv1p30_LPC13xx ****
make -r all 
make: Nothing to be done for `all'.
11:17:23 **** Incremental Build of configuration Debug for project RT-USB-THP-sample ****
make -r all 
Building file: ../src/MAIN/main.c
Invoking: MCU C Compiler
arm-none-eabi-gcc -DDEBUG -D__CODE_RED -DCORE_M3 -D__USE_CMSIS=CMSISv1p30_LPC13xx -D__LPC13XX__ -D__REDLIB__ -I"/Users/nakagawayuki/git/RT-USB-PYROELECTRIC/LPCXpresso/workspace_THP/CMSISv1p30_LPC13xx/inc" -I"/Users/nakagawayuki/git/RT-USB-PYROELECTRIC/LPCXpresso/workspace_THP/RT-USB-THP-sample/inc/PERIPHERAL" -I"/Users/nakagawayuki/git/RT-USB-PYROELECTRIC/LPCXpresso/workspace_THP/RT-USB-THP-sample/inc/USB" -I"/Users/nakagawayuki/git/RT-USB-PYROELECTRIC/LPCXpresso/workspace_THP/RT-USB-THP-sample/inc/OTHER" -I"/Users/nakagawayuki/git/RT-USB-PYROELECTRIC/LPCXpresso/workspace_THP/RT-USB-THP-sample/inc/MAIN" -Og -g3 -Wall -c -fmessage-length=0 -fno-builtin -ffunction-sections -fdata-sections -mcpu=cortex-m3 -mthumb -D__REDLIB__ -specs=redlib.specs -MMD -MP -MF"src/MAIN/main.d" -MT"src/MAIN/main.o" -MT"src/MAIN/main.d" -o "src/MAIN/main.o" "../src/MAIN/main.c"
Finished building: ../src/MAIN/main.c
 
Building target: RT-USB-THP-sample.axf
Invoking: MCU Linker
arm-none-eabi-gcc -nostdlib -L"/Users/nakagawayuki/git/RT-USB-PYROELECTRIC/LPCXpresso/workspace_THP/CMSISv1p30_LPC13xx/Debug" -Xlinker -Map="RT-USB-THP-sample.map" -Xlinker --gc-sections -mcpu=cortex-m3 -mthumb -T "RT-BLUETOOTH-9AXIS-sample_Debug.ld" -o "RT-USB-THP-sample.axf"  ./src/USB/cdcuser.o ./src/USB/usbcore.o ./src/USB/usbdesc.o ./src/USB/usbhw.o ./src/USB/usbuser.o  ./src/PERIPHERAL/SystemTickTimer.o ./src/PERIPHERAL/debug.o ./src/PERIPHERAL/gpio.o ./src/PERIPHERAL/i2c.o ./src/PERIPHERAL/io.o ./src/PERIPHERAL/timer.o ./src/PERIPHERAL/uart.o ./src/PERIPHERAL/usbTransmission.o  ./src/OTHER/cr_startup_lpc13xx.o ./src/OTHER/crp.o ./src/OTHER/serial.o  ./src/MAIN/MainFunction.o ./src/MAIN/UserInterface.o ./src/MAIN/bme280.o ./src/MAIN/main.o   -lCMSISv1p30_LPC13xx
Finished building target: RT-USB-THP-sample.axf
 
make --no-print-directory post-build
Performing post-build steps
arm-none-eabi-size "RT-USB-THP-sample.axf" ; arm-none-eabi-objcopy -v -O binary "RT-USB-THP-sample.axf" "RT-USB-THP-sample.bin" ; checksum -p LPC1343 -d "RT-USB-THP-sample.bin"
   text	   data	    bss	    dec	    hex	filename
  21008	     20	   1568	  22596	   5844	RT-USB-THP-sample.axf
copy from `RT-USB-THP-sample.axf' [elf32-littlearm] to `RT-USB-THP-sample.bin' [binary]
Written checksum 0xefffd812 at offset 0x1c in file RT-USB-THP-sample.bin
Previous value 0x00000000 at offset 0x1c in file RT-USB-THP-sample.bin
 
11:22:17 **** Incremental Build of configuration Debug for project CMSISv1p30_LPC13xx ****
make -r all 
make: Nothing to be done for `all'.
11:22:18 **** Incremental Build of configuration Debug for project RT-USB-THP-sample ****
make -r all 
Building file: ../src/PERIPHERAL/gpio.c
Invoking: MCU C Compiler
arm-none-eabi-gcc -DDEBUG -D__CODE_RED -DCORE_M3 -D__USE_CMSIS=CMSISv1p30_LPC13xx -D__LPC13XX__ -D__REDLIB__ -I"/Users/nakagawayuki/git/RT-USB-PYROELECTRIC/LPCXpresso/workspace_THP/CMSISv1p30_LPC13xx/inc" -I"/Users/nakagawayuki/git/RT-USB-PYROELECTRIC/LPCXpresso/workspace_THP/RT-USB-THP-sample/inc/PERIPHERAL" -I"/Users/nakagawayuki/git/RT-USB-PYROELECTRIC/LPCXpresso/workspace_THP/RT-USB-THP-sample/inc/USB" -I"/Users/nakagawayuki/git/RT-USB-PYROELECTRIC/LPCXpresso/workspace_THP/RT-USB-THP-sample/inc/OTHER" -I"/Users/nakagawayuki/git/RT-USB-PYROELECTRIC/LPCXpresso/workspace_THP/RT-USB-THP-sample/inc/MAIN" -Og -g3 -Wall -c -fmessage-length=0 -fno-builtin -ffunction-sections -fdata-sections -mcpu=cortex-m3 -mthumb -D__REDLIB__ -specs=redlib.specs -MMD -MP -MF"src/PERIPHERAL/gpio.d" -MT"src/PERIPHERAL/gpio.o" -MT"src/PERIPHERAL/gpio.d" -o "src/PERIPHERAL/gpio.o" "../src/PERIPHERAL/gpio.c"
Finished building: ../src/PERIPHERAL/gpio.c
 
Building file: ../src/MAIN/main.c
Invoking: MCU C Compiler
arm-none-eabi-gcc -DDEBUG -D__CODE_RED -DCORE_M3 -D__USE_CMSIS=CMSISv1p30_LPC13xx -D__LPC13XX__ -D__REDLIB__ -I"/Users/nakagawayuki/git/RT-USB-PYROELECTRIC/LPCXpresso/workspace_THP/CMSISv1p30_LPC13xx/inc" -I"/Users/nakagawayuki/git/RT-USB-PYROELECTRIC/LPCXpresso/workspace_THP/RT-USB-THP-sample/inc/PERIPHERAL" -I"/Users/nakagawayuki/git/RT-USB-PYROELECTRIC/LPCXpresso/workspace_THP/RT-USB-THP-sample/inc/USB" -I"/Users/nakagawayuki/git/RT-USB-PYROELECTRIC/LPCXpresso/workspace_THP/RT-USB-THP-sample/inc/OTHER" -I"/Users/nakagawayuki/git/RT-USB-PYROELECTRIC/LPCXpresso/workspace_THP/RT-USB-THP-sample/inc/MAIN" -Og -g3 -Wall -c -fmessage-length=0 -fno-builtin -ffunction-sections -fdata-sections -mcpu=cortex-m3 -mthumb -D__REDLIB__ -specs=redlib.specs -MMD -MP -MF"src/MAIN/main.d" -MT"src/MAIN/main.o" -MT"src/MAIN/main.d" -o "src/MAIN/main.o" "../src/MAIN/main.c"
../src/MAIN/main.c: In function 'main':
../src/MAIN/main.c:67:15: warning: unused variable 'i' [-Wunused-variable]
  unsigned int i;
               ^
Finished building: ../src/MAIN/main.c
 
Building target: RT-USB-THP-sample.axf
Invoking: MCU Linker
arm-none-eabi-gcc -nostdlib -L"/Users/nakagawayuki/git/RT-USB-PYROELECTRIC/LPCXpresso/workspace_THP/CMSISv1p30_LPC13xx/Debug" -Xlinker -Map="RT-USB-THP-sample.map" -Xlinker --gc-sections -mcpu=cortex-m3 -mthumb -T "RT-BLUETOOTH-9AXIS-sample_Debug.ld" -o "RT-USB-THP-sample.axf"  ./src/USB/cdcuser.o ./src/USB/usbcore.o ./src/USB/usbdesc.o ./src/USB/usbhw.o ./src/USB/usbuser.o  ./src/PERIPHERAL/SystemTickTimer.o ./src/PERIPHERAL/debug.o ./src/PERIPHERAL/gpio.o ./src/PERIPHERAL/i2c.o ./src/PERIPHERAL/io.o ./src/PERIPHERAL/timer.o ./src/PERIPHERAL/uart.o ./src/PERIPHERAL/usbTransmission.o  ./src/OTHER/cr_startup_lpc13xx.o ./src/OTHER/crp.o ./src/OTHER/serial.o  ./src/MAIN/MainFunction.o ./src/MAIN/UserInterface.o ./src/MAIN/bme280.o ./src/MAIN/main.o   -lCMSISv1p30_LPC13xx
Finished building target: RT-USB-THP-sample.axf
 
make --no-print-directory post-build
Performing post-build steps
arm-none-eabi-size "RT-USB-THP-sample.axf" ; arm-none-eabi-objcopy -v -O binary "RT-USB-THP-sample.axf" "RT-USB-THP-sample.bin" ; checksum -p LPC1343 -d "RT-USB-THP-sample.bin"
   text	   data	    bss	    dec	    hex	filename
  21552	     20	   1568	  23140	   5a64	RT-USB-THP-sample.axf
copy from `RT-USB-THP-sample.axf' [elf32-littlearm] to `RT-USB-THP-sample.bin' [binary]
Written checksum 0xefffd812 at offset 0x1c in file RT-USB-THP-sample.bin
Previous value 0x00000000 at offset 0x1c in file RT-USB-THP-sample.bin
 
11:23:44 **** Incremental Build of configuration Debug for project CMSISv1p30_LPC13xx ****
make -r all 
make: Nothing to be done for `all'.
11:23:45 **** Incremental Build of configuration Debug for project RT-USB-THP-sample ****
make -r all 
Building file: ../src/PERIPHERAL/gpio.c
Invoking: MCU C Compiler
arm-none-eabi-gcc -DDEBUG -D__CODE_RED -DCORE_M3 -D__USE_CMSIS=CMSISv1p30_LPC13xx -D__LPC13XX__ -D__REDLIB__ -I"/Users/nakagawayuki/git/RT-USB-PYROELECTRIC/LPCXpresso/workspace_THP/CMSISv1p30_LPC13xx/inc" -I"/Users/nakagawayuki/git/RT-USB-PYROELECTRIC/LPCXpresso/workspace_THP/RT-USB-THP-sample/inc/PERIPHERAL" -I"/Users/nakagawayuki/git/RT-USB-PYROELECTRIC/LPCXpresso/workspace_THP/RT-USB-THP-sample/inc/USB" -I"/Users/nakagawayuki/git/RT-USB-PYROELECTRIC/LPCXpresso/workspace_THP/RT-USB-THP-sample/inc/OTHER" -I"/Users/nakagawayuki/git/RT-USB-PYROELECTRIC/LPCXpresso/workspace_THP/RT-USB-THP-sample/inc/MAIN" -Og -g3 -Wall -c -fmessage-length=0 -fno-builtin -ffunction-sections -fdata-sections -mcpu=cortex-m3 -mthumb -D__REDLIB__ -specs=redlib.specs -MMD -MP -MF"src/PERIPHERAL/gpio.d" -MT"src/PERIPHERAL/gpio.o" -MT"src/PERIPHERAL/gpio.d" -o "src/PERIPHERAL/gpio.o" "../src/PERIPHERAL/gpio.c"
Finished building: ../src/PERIPHERAL/gpio.c
 
Building file: ../src/MAIN/main.c
Invoking: MCU C Compiler
arm-none-eabi-gcc -DDEBUG -D__CODE_RED -DCORE_M3 -D__USE_CMSIS=CMSISv1p30_LPC13xx -D__LPC13XX__ -D__REDLIB__ -I"/Users/nakagawayuki/git/RT-USB-PYROELECTRIC/LPCXpresso/workspace_THP/CMSISv1p30_LPC13xx/inc" -I"/Users/nakagawayuki/git/RT-USB-PYROELECTRIC/LPCXpresso/workspace_THP/RT-USB-THP-sample/inc/PERIPHERAL" -I"/Users/nakagawayuki/git/RT-USB-PYROELECTRIC/LPCXpresso/workspace_THP/RT-USB-THP-sample/inc/USB" -I"/Users/nakagawayuki/git/RT-USB-PYROELECTRIC/LPCXpresso/workspace_THP/RT-USB-THP-sample/inc/OTHER" -I"/Users/nakagawayuki/git/RT-USB-PYROELECTRIC/LPCXpresso/workspace_THP/RT-USB-THP-sample/inc/MAIN" -Og -g3 -Wall -c -fmessage-length=0 -fno-builtin -ffunction-sections -fdata-sections -mcpu=cortex-m3 -mthumb -D__REDLIB__ -specs=redlib.specs -MMD -MP -MF"src/MAIN/main.d" -MT"src/MAIN/main.o" -MT"src/MAIN/main.d" -o "src/MAIN/main.o" "../src/MAIN/main.c"
../src/MAIN/main.c: In function 'main':
../src/MAIN/main.c:64:15: warning: unused variable 'i' [-Wunused-variable]
  unsigned int i;
               ^
Finished building: ../src/MAIN/main.c
 
Building target: RT-USB-THP-sample.axf
Invoking: MCU Linker
arm-none-eabi-gcc -nostdlib -L"/Users/nakagawayuki/git/RT-USB-PYROELECTRIC/LPCXpresso/workspace_THP/CMSISv1p30_LPC13xx/Debug" -Xlinker -Map="RT-USB-THP-sample.map" -Xlinker --gc-sections -mcpu=cortex-m3 -mthumb -T "RT-BLUETOOTH-9AXIS-sample_Debug.ld" -o "RT-USB-THP-sample.axf"  ./src/USB/cdcuser.o ./src/USB/usbcore.o ./src/USB/usbdesc.o ./src/USB/usbhw.o ./src/USB/usbuser.o  ./src/PERIPHERAL/SystemTickTimer.o ./src/PERIPHERAL/debug.o ./src/PERIPHERAL/gpio.o ./src/PERIPHERAL/i2c.o ./src/PERIPHERAL/io.o ./src/PERIPHERAL/timer.o ./src/PERIPHERAL/uart.o ./src/PERIPHERAL/usbTransmission.o  ./src/OTHER/cr_startup_lpc13xx.o ./src/OTHER/crp.o ./src/OTHER/serial.o  ./src/MAIN/MainFunction.o ./src/MAIN/UserInterface.o ./src/MAIN/bme280.o ./src/MAIN/main.o   -lCMSISv1p30_LPC13xx
Finished building target: RT-USB-THP-sample.axf
 
make --no-print-directory post-build
Performing post-build steps
arm-none-eabi-size "RT-USB-THP-sample.axf" ; arm-none-eabi-objcopy -v -O binary "RT-USB-THP-sample.axf" "RT-USB-THP-sample.bin" ; checksum -p LPC1343 -d "RT-USB-THP-sample.bin"
   text	   data	    bss	    dec	    hex	filename
  21544	     20	   1568	  23132	   5a5c	RT-USB-THP-sample.axf
copy from `RT-USB-THP-sample.axf' [elf32-littlearm] to `RT-USB-THP-sample.bin' [binary]
Written checksum 0xefffd812 at offset 0x1c in file RT-USB-THP-sample.bin
Previous value 0x00000000 at offset 0x1c in file RT-USB-THP-sample.bin
 
11:24:37 **** Incremental Build of configuration Debug for project CMSISv1p30_LPC13xx ****
make -r all 
make: Nothing to be done for `all'.
11:24:38 **** Incremental Build of configuration Debug for project RT-USB-THP-sample ****
make -r all 
Building file: ../src/PERIPHERAL/gpio.c
Invoking: MCU C Compiler
arm-none-eabi-gcc -DDEBUG -D__CODE_RED -DCORE_M3 -D__USE_CMSIS=CMSISv1p30_LPC13xx -D__LPC13XX__ -D__REDLIB__ -I"/Users/nakagawayuki/git/RT-USB-PYROELECTRIC/LPCXpresso/workspace_THP/CMSISv1p30_LPC13xx/inc" -I"/Users/nakagawayuki/git/RT-USB-PYROELECTRIC/LPCXpresso/workspace_THP/RT-USB-THP-sample/inc/PERIPHERAL" -I"/Users/nakagawayuki/git/RT-USB-PYROELECTRIC/LPCXpresso/workspace_THP/RT-USB-THP-sample/inc/USB" -I"/Users/nakagawayuki/git/RT-USB-PYROELECTRIC/LPCXpresso/workspace_THP/RT-USB-THP-sample/inc/OTHER" -I"/Users/nakagawayuki/git/RT-USB-PYROELECTRIC/LPCXpresso/workspace_THP/RT-USB-THP-sample/inc/MAIN" -Og -g3 -Wall -c -fmessage-length=0 -fno-builtin -ffunction-sections -fdata-sections -mcpu=cortex-m3 -mthumb -D__REDLIB__ -specs=redlib.specs -MMD -MP -MF"src/PERIPHERAL/gpio.d" -MT"src/PERIPHERAL/gpio.o" -MT"src/PERIPHERAL/gpio.d" -o "src/PERIPHERAL/gpio.o" "../src/PERIPHERAL/gpio.c"
Finished building: ../src/PERIPHERAL/gpio.c
 
Building target: RT-USB-THP-sample.axf
Invoking: MCU Linker
arm-none-eabi-gcc -nostdlib -L"/Users/nakagawayuki/git/RT-USB-PYROELECTRIC/LPCXpresso/workspace_THP/CMSISv1p30_LPC13xx/Debug" -Xlinker -Map="RT-USB-THP-sample.map" -Xlinker --gc-sections -mcpu=cortex-m3 -mthumb -T "RT-BLUETOOTH-9AXIS-sample_Debug.ld" -o "RT-USB-THP-sample.axf"  ./src/USB/cdcuser.o ./src/USB/usbcore.o ./src/USB/usbdesc.o ./src/USB/usbhw.o ./src/USB/usbuser.o  ./src/PERIPHERAL/SystemTickTimer.o ./src/PERIPHERAL/debug.o ./src/PERIPHERAL/gpio.o ./src/PERIPHERAL/i2c.o ./src/PERIPHERAL/io.o ./src/PERIPHERAL/timer.o ./src/PERIPHERAL/uart.o ./src/PERIPHERAL/usbTransmission.o  ./src/OTHER/cr_startup_lpc13xx.o ./src/OTHER/crp.o ./src/OTHER/serial.o  ./src/MAIN/MainFunction.o ./src/MAIN/UserInterface.o ./src/MAIN/bme280.o ./src/MAIN/main.o   -lCMSISv1p30_LPC13xx
Finished building target: RT-USB-THP-sample.axf
 
make --no-print-directory post-build
Performing post-build steps
arm-none-eabi-size "RT-USB-THP-sample.axf" ; arm-none-eabi-objcopy -v -O binary "RT-USB-THP-sample.axf" "RT-USB-THP-sample.bin" ; checksum -p LPC1343 -d "RT-USB-THP-sample.bin"
   text	   data	    bss	    dec	    hex	filename
  21544	     20	   1568	  23132	   5a5c	RT-USB-THP-sample.axf
copy from `RT-USB-THP-sample.axf' [elf32-littlearm] to `RT-USB-THP-sample.bin' [binary]
Written checksum 0xefffd812 at offset 0x1c in file RT-USB-THP-sample.bin
Previous value 0x00000000 at offset 0x1c in file RT-USB-THP-sample.bin
 
11:25:17 **** Incremental Build of configuration Debug for project CMSISv1p30_LPC13xx ****
make -r all 
make: Nothing to be done for `all'.
11:25:18 **** Incremental Build of configuration Debug for project RT-USB-THP-sample ****
make -r all 
Building file: ../src/PERIPHERAL/gpio.c
Invoking: MCU C Compiler
arm-none-eabi-gcc -DDEBUG -D__CODE_RED -DCORE_M3 -D__USE_CMSIS=CMSISv1p30_LPC13xx -D__LPC13XX__ -D__REDLIB__ -I"/Users/nakagawayuki/git/RT-USB-PYROELECTRIC/LPCXpresso/workspace_THP/CMSISv1p30_LPC13xx/inc" -I"/Users/nakagawayuki/git/RT-USB-PYROELECTRIC/LPCXpresso/workspace_THP/RT-USB-THP-sample/inc/PERIPHERAL" -I"/Users/nakagawayuki/git/RT-USB-PYROELECTRIC/LPCXpresso/workspace_THP/RT-USB-THP-sample/inc/USB" -I"/Users/nakagawayuki/git/RT-USB-PYROELECTRIC/LPCXpresso/workspace_THP/RT-USB-THP-sample/inc/OTHER" -I"/Users/nakagawayuki/git/RT-USB-PYROELECTRIC/LPCXpresso/workspace_THP/RT-USB-THP-sample/inc/MAIN" -Og -g3 -Wall -c -fmessage-length=0 -fno-builtin -ffunction-sections -fdata-sections -mcpu=cortex-m3 -mthumb -D__REDLIB__ -specs=redlib.specs -MMD -MP -MF"src/PERIPHERAL/gpio.d" -MT"src/PERIPHERAL/gpio.o" -MT"src/PERIPHERAL/gpio.d" -o "src/PERIPHERAL/gpio.o" "../src/PERIPHERAL/gpio.c"
Finished building: ../src/PERIPHERAL/gpio.c
 
Building file: ../src/MAIN/main.c
Invoking: MCU C Compiler
arm-none-eabi-gcc -DDEBUG -D__CODE_RED -DCORE_M3 -D__USE_CMSIS=CMSISv1p30_LPC13xx -D__LPC13XX__ -D__REDLIB__ -I"/Users/nakagawayuki/git/RT-USB-PYROELECTRIC/LPCXpresso/workspace_THP/CMSISv1p30_LPC13xx/inc" -I"/Users/nakagawayuki/git/RT-USB-PYROELECTRIC/LPCXpresso/workspace_THP/RT-USB-THP-sample/inc/PERIPHERAL" -I"/Users/nakagawayuki/git/RT-USB-PYROELECTRIC/LPCXpresso/workspace_THP/RT-USB-THP-sample/inc/USB" -I"/Users/nakagawayuki/git/RT-USB-PYROELECTRIC/LPCXpresso/workspace_THP/RT-USB-THP-sample/inc/OTHER" -I"/Users/nakagawayuki/git/RT-USB-PYROELECTRIC/LPCXpresso/workspace_THP/RT-USB-THP-sample/inc/MAIN" -Og -g3 -Wall -c -fmessage-length=0 -fno-builtin -ffunction-sections -fdata-sections -mcpu=cortex-m3 -mthumb -D__REDLIB__ -specs=redlib.specs -MMD -MP -MF"src/MAIN/main.d" -MT"src/MAIN/main.o" -MT"src/MAIN/main.d" -o "src/MAIN/main.o" "../src/MAIN/main.c"
../src/MAIN/main.c: In function 'main':
../src/MAIN/main.c:65:15: warning: unused variable 'i' [-Wunused-variable]
  unsigned int i;
               ^
Finished building: ../src/MAIN/main.c
 
Building target: RT-USB-THP-sample.axf
Invoking: MCU Linker
arm-none-eabi-gcc -nostdlib -L"/Users/nakagawayuki/git/RT-USB-PYROELECTRIC/LPCXpresso/workspace_THP/CMSISv1p30_LPC13xx/Debug" -Xlinker -Map="RT-USB-THP-sample.map" -Xlinker --gc-sections -mcpu=cortex-m3 -mthumb -T "RT-BLUETOOTH-9AXIS-sample_Debug.ld" -o "RT-USB-THP-sample.axf"  ./src/USB/cdcuser.o ./src/USB/usbcore.o ./src/USB/usbdesc.o ./src/USB/usbhw.o ./src/USB/usbuser.o  ./src/PERIPHERAL/SystemTickTimer.o ./src/PERIPHERAL/debug.o ./src/PERIPHERAL/gpio.o ./src/PERIPHERAL/i2c.o ./src/PERIPHERAL/io.o ./src/PERIPHERAL/timer.o ./src/PERIPHERAL/uart.o ./src/PERIPHERAL/usbTransmission.o  ./src/OTHER/cr_startup_lpc13xx.o ./src/OTHER/crp.o ./src/OTHER/serial.o  ./src/MAIN/MainFunction.o ./src/MAIN/UserInterface.o ./src/MAIN/bme280.o ./src/MAIN/main.o   -lCMSISv1p30_LPC13xx
Finished building target: RT-USB-THP-sample.axf
 
make --no-print-directory post-build
Performing post-build steps
arm-none-eabi-size "RT-USB-THP-sample.axf" ; arm-none-eabi-objcopy -v -O binary "RT-USB-THP-sample.axf" "RT-USB-THP-sample.bin" ; checksum -p LPC1343 -d "RT-USB-THP-sample.bin"
   text	   data	    bss	    dec	    hex	filename
  21552	     20	   1568	  23140	   5a64	RT-USB-THP-sample.axf
copy from `RT-USB-THP-sample.axf' [elf32-littlearm] to `RT-USB-THP-sample.bin' [binary]
Written checksum 0xefffd812 at offset 0x1c in file RT-USB-THP-sample.bin
Previous value 0x00000000 at offset 0x1c in file RT-USB-THP-sample.bin
 
11:26:33 **** Incremental Build of configuration Debug for project CMSISv1p30_LPC13xx ****
make -r all 
make: Nothing to be done for `all'.
11:26:34 **** Incremental Build of configuration Debug for project RT-USB-THP-sample ****
make -r all 
Building file: ../src/PERIPHERAL/gpio.c
Invoking: MCU C Compiler
arm-none-eabi-gcc -DDEBUG -D__CODE_RED -DCORE_M3 -D__USE_CMSIS=CMSISv1p30_LPC13xx -D__LPC13XX__ -D__REDLIB__ -I"/Users/nakagawayuki/git/RT-USB-PYROELECTRIC/LPCXpresso/workspace_THP/CMSISv1p30_LPC13xx/inc" -I"/Users/nakagawayuki/git/RT-USB-PYROELECTRIC/LPCXpresso/workspace_THP/RT-USB-THP-sample/inc/PERIPHERAL" -I"/Users/nakagawayuki/git/RT-USB-PYROELECTRIC/LPCXpresso/workspace_THP/RT-USB-THP-sample/inc/USB" -I"/Users/nakagawayuki/git/RT-USB-PYROELECTRIC/LPCXpresso/workspace_THP/RT-USB-THP-sample/inc/OTHER" -I"/Users/nakagawayuki/git/RT-USB-PYROELECTRIC/LPCXpresso/workspace_THP/RT-USB-THP-sample/inc/MAIN" -Og -g3 -Wall -c -fmessage-length=0 -fno-builtin -ffunction-sections -fdata-sections -mcpu=cortex-m3 -mthumb -D__REDLIB__ -specs=redlib.specs -MMD -MP -MF"src/PERIPHERAL/gpio.d" -MT"src/PERIPHERAL/gpio.o" -MT"src/PERIPHERAL/gpio.d" -o "src/PERIPHERAL/gpio.o" "../src/PERIPHERAL/gpio.c"
Finished building: ../src/PERIPHERAL/gpio.c
 
Building target: RT-USB-THP-sample.axf
Invoking: MCU Linker
arm-none-eabi-gcc -nostdlib -L"/Users/nakagawayuki/git/RT-USB-PYROELECTRIC/LPCXpresso/workspace_THP/CMSISv1p30_LPC13xx/Debug" -Xlinker -Map="RT-USB-THP-sample.map" -Xlinker --gc-sections -mcpu=cortex-m3 -mthumb -T "RT-BLUETOOTH-9AXIS-sample_Debug.ld" -o "RT-USB-THP-sample.axf"  ./src/USB/cdcuser.o ./src/USB/usbcore.o ./src/USB/usbdesc.o ./src/USB/usbhw.o ./src/USB/usbuser.o  ./src/PERIPHERAL/SystemTickTimer.o ./src/PERIPHERAL/debug.o ./src/PERIPHERAL/gpio.o ./src/PERIPHERAL/i2c.o ./src/PERIPHERAL/io.o ./src/PERIPHERAL/timer.o ./src/PERIPHERAL/uart.o ./src/PERIPHERAL/usbTransmission.o  ./src/OTHER/cr_startup_lpc13xx.o ./src/OTHER/crp.o ./src/OTHER/serial.o  ./src/MAIN/MainFunction.o ./src/MAIN/UserInterface.o ./src/MAIN/bme280.o ./src/MAIN/main.o   -lCMSISv1p30_LPC13xx
Finished building target: RT-USB-THP-sample.axf
 
make --no-print-directory post-build
Performing post-build steps
arm-none-eabi-size "RT-USB-THP-sample.axf" ; arm-none-eabi-objcopy -v -O binary "RT-USB-THP-sample.axf" "RT-USB-THP-sample.bin" ; checksum -p LPC1343 -d "RT-USB-THP-sample.bin"
   text	   data	    bss	    dec	    hex	filename
  21544	     20	   1564	  23128	   5a58	RT-USB-THP-sample.axf
copy from `RT-USB-THP-sample.axf' [elf32-littlearm] to `RT-USB-THP-sample.bin' [binary]
Written checksum 0xefffd812 at offset 0x1c in file RT-USB-THP-sample.bin
Previous value 0x00000000 at offset 0x1c in file RT-USB-THP-sample.bin
 
11:27:02 **** Incremental Build of configuration Debug for project CMSISv1p30_LPC13xx ****
make -r all 
make: Nothing to be done for `all'.
11:27:03 **** Incremental Build of configuration Debug for project RT-USB-THP-sample ****
make -r all 
Building file: ../src/PERIPHERAL/gpio.c
Invoking: MCU C Compiler
arm-none-eabi-gcc -DDEBUG -D__CODE_RED -DCORE_M3 -D__USE_CMSIS=CMSISv1p30_LPC13xx -D__LPC13XX__ -D__REDLIB__ -I"/Users/nakagawayuki/git/RT-USB-PYROELECTRIC/LPCXpresso/workspace_THP/CMSISv1p30_LPC13xx/inc" -I"/Users/nakagawayuki/git/RT-USB-PYROELECTRIC/LPCXpresso/workspace_THP/RT-USB-THP-sample/inc/PERIPHERAL" -I"/Users/nakagawayuki/git/RT-USB-PYROELECTRIC/LPCXpresso/workspace_THP/RT-USB-THP-sample/inc/USB" -I"/Users/nakagawayuki/git/RT-USB-PYROELECTRIC/LPCXpresso/workspace_THP/RT-USB-THP-sample/inc/OTHER" -I"/Users/nakagawayuki/git/RT-USB-PYROELECTRIC/LPCXpresso/workspace_THP/RT-USB-THP-sample/inc/MAIN" -Og -g3 -Wall -c -fmessage-length=0 -fno-builtin -ffunction-sections -fdata-sections -mcpu=cortex-m3 -mthumb -D__REDLIB__ -specs=redlib.specs -MMD -MP -MF"src/PERIPHERAL/gpio.d" -MT"src/PERIPHERAL/gpio.o" -MT"src/PERIPHERAL/gpio.d" -o "src/PERIPHERAL/gpio.o" "../src/PERIPHERAL/gpio.c"
Finished building: ../src/PERIPHERAL/gpio.c
 
Building target: RT-USB-THP-sample.axf
Invoking: MCU Linker
arm-none-eabi-gcc -nostdlib -L"/Users/nakagawayuki/git/RT-USB-PYROELECTRIC/LPCXpresso/workspace_THP/CMSISv1p30_LPC13xx/Debug" -Xlinker -Map="RT-USB-THP-sample.map" -Xlinker --gc-sections -mcpu=cortex-m3 -mthumb -T "RT-BLUETOOTH-9AXIS-sample_Debug.ld" -o "RT-USB-THP-sample.axf"  ./src/USB/cdcuser.o ./src/USB/usbcore.o ./src/USB/usbdesc.o ./src/USB/usbhw.o ./src/USB/usbuser.o  ./src/PERIPHERAL/SystemTickTimer.o ./src/PERIPHERAL/debug.o ./src/PERIPHERAL/gpio.o ./src/PERIPHERAL/i2c.o ./src/PERIPHERAL/io.o ./src/PERIPHERAL/timer.o ./src/PERIPHERAL/uart.o ./src/PERIPHERAL/usbTransmission.o  ./src/OTHER/cr_startup_lpc13xx.o ./src/OTHER/crp.o ./src/OTHER/serial.o  ./src/MAIN/MainFunction.o ./src/MAIN/UserInterface.o ./src/MAIN/bme280.o ./src/MAIN/main.o   -lCMSISv1p30_LPC13xx
Finished building target: RT-USB-THP-sample.axf
 
make --no-print-directory post-build
Performing post-build steps
arm-none-eabi-size "RT-USB-THP-sample.axf" ; arm-none-eabi-objcopy -v -O binary "RT-USB-THP-sample.axf" "RT-USB-THP-sample.bin" ; checksum -p LPC1343 -d "RT-USB-THP-sample.bin"
   text	   data	    bss	    dec	    hex	filename
  21528	     20	   1564	  23112	   5a48	RT-USB-THP-sample.axf
copy from `RT-USB-THP-sample.axf' [elf32-littlearm] to `RT-USB-THP-sample.bin' [binary]
Written checksum 0xefffd812 at offset 0x1c in file RT-USB-THP-sample.bin
Previous value 0x00000000 at offset 0x1c in file RT-USB-THP-sample.bin
 
11:27:35 **** Incremental Build of configuration Debug for project CMSISv1p30_LPC13xx ****
make -r all 
make: Nothing to be done for `all'.
11:27:36 **** Incremental Build of configuration Debug for project RT-USB-THP-sample ****
make -r all 
Building file: ../src/PERIPHERAL/gpio.c
Invoking: MCU C Compiler
arm-none-eabi-gcc -DDEBUG -D__CODE_RED -DCORE_M3 -D__USE_CMSIS=CMSISv1p30_LPC13xx -D__LPC13XX__ -D__REDLIB__ -I"/Users/nakagawayuki/git/RT-USB-PYROELECTRIC/LPCXpresso/workspace_THP/CMSISv1p30_LPC13xx/inc" -I"/Users/nakagawayuki/git/RT-USB-PYROELECTRIC/LPCXpresso/workspace_THP/RT-USB-THP-sample/inc/PERIPHERAL" -I"/Users/nakagawayuki/git/RT-USB-PYROELECTRIC/LPCXpresso/workspace_THP/RT-USB-THP-sample/inc/USB" -I"/Users/nakagawayuki/git/RT-USB-PYROELECTRIC/LPCXpresso/workspace_THP/RT-USB-THP-sample/inc/OTHER" -I"/Users/nakagawayuki/git/RT-USB-PYROELECTRIC/LPCXpresso/workspace_THP/RT-USB-THP-sample/inc/MAIN" -Og -g3 -Wall -c -fmessage-length=0 -fno-builtin -ffunction-sections -fdata-sections -mcpu=cortex-m3 -mthumb -D__REDLIB__ -specs=redlib.specs -MMD -MP -MF"src/PERIPHERAL/gpio.d" -MT"src/PERIPHERAL/gpio.o" -MT"src/PERIPHERAL/gpio.d" -o "src/PERIPHERAL/gpio.o" "../src/PERIPHERAL/gpio.c"
Finished building: ../src/PERIPHERAL/gpio.c
 
Building target: RT-USB-THP-sample.axf
Invoking: MCU Linker
arm-none-eabi-gcc -nostdlib -L"/Users/nakagawayuki/git/RT-USB-PYROELECTRIC/LPCXpresso/workspace_THP/CMSISv1p30_LPC13xx/Debug" -Xlinker -Map="RT-USB-THP-sample.map" -Xlinker --gc-sections -mcpu=cortex-m3 -mthumb -T "RT-BLUETOOTH-9AXIS-sample_Debug.ld" -o "RT-USB-THP-sample.axf"  ./src/USB/cdcuser.o ./src/USB/usbcore.o ./src/USB/usbdesc.o ./src/USB/usbhw.o ./src/USB/usbuser.o  ./src/PERIPHERAL/SystemTickTimer.o ./src/PERIPHERAL/debug.o ./src/PERIPHERAL/gpio.o ./src/PERIPHERAL/i2c.o ./src/PERIPHERAL/io.o ./src/PERIPHERAL/timer.o ./src/PERIPHERAL/uart.o ./src/PERIPHERAL/usbTransmission.o  ./src/OTHER/cr_startup_lpc13xx.o ./src/OTHER/crp.o ./src/OTHER/serial.o  ./src/MAIN/MainFunction.o ./src/MAIN/UserInterface.o ./src/MAIN/bme280.o ./src/MAIN/main.o   -lCMSISv1p30_LPC13xx
Finished building target: RT-USB-THP-sample.axf
 
make --no-print-directory post-build
Performing post-build steps
arm-none-eabi-size "RT-USB-THP-sample.axf" ; arm-none-eabi-objcopy -v -O binary "RT-USB-THP-sample.axf" "RT-USB-THP-sample.bin" ; checksum -p LPC1343 -d "RT-USB-THP-sample.bin"
   text	   data	    bss	    dec	    hex	filename
  21520	     20	   1560	  23100	   5a3c	RT-USB-THP-sample.axf
copy from `RT-USB-THP-sample.axf' [elf32-littlearm] to `RT-USB-THP-sample.bin' [binary]
Written checksum 0xefffd812 at offset 0x1c in file RT-USB-THP-sample.bin
Previous value 0x00000000 at offset 0x1c in file RT-USB-THP-sample.bin
 
11:27:55 **** Incremental Build of configuration Debug for project CMSISv1p30_LPC13xx ****
make -r all 
make: Nothing to be done for `all'.
11:27:55 **** Incremental Build of configuration Debug for project RT-USB-THP-sample ****
make -r all 
Building file: ../src/PERIPHERAL/gpio.c
Invoking: MCU C Compiler
arm-none-eabi-gcc -DDEBUG -D__CODE_RED -DCORE_M3 -D__USE_CMSIS=CMSISv1p30_LPC13xx -D__LPC13XX__ -D__REDLIB__ -I"/Users/nakagawayuki/git/RT-USB-PYROELECTRIC/LPCXpresso/workspace_THP/CMSISv1p30_LPC13xx/inc" -I"/Users/nakagawayuki/git/RT-USB-PYROELECTRIC/LPCXpresso/workspace_THP/RT-USB-THP-sample/inc/PERIPHERAL" -I"/Users/nakagawayuki/git/RT-USB-PYROELECTRIC/LPCXpresso/workspace_THP/RT-USB-THP-sample/inc/USB" -I"/Users/nakagawayuki/git/RT-USB-PYROELECTRIC/LPCXpresso/workspace_THP/RT-USB-THP-sample/inc/OTHER" -I"/Users/nakagawayuki/git/RT-USB-PYROELECTRIC/LPCXpresso/workspace_THP/RT-USB-THP-sample/inc/MAIN" -Og -g3 -Wall -c -fmessage-length=0 -fno-builtin -ffunction-sections -fdata-sections -mcpu=cortex-m3 -mthumb -D__REDLIB__ -specs=redlib.specs -MMD -MP -MF"src/PERIPHERAL/gpio.d" -MT"src/PERIPHERAL/gpio.o" -MT"src/PERIPHERAL/gpio.d" -o "src/PERIPHERAL/gpio.o" "../src/PERIPHERAL/gpio.c"
Finished building: ../src/PERIPHERAL/gpio.c
 
Building target: RT-USB-THP-sample.axf
Invoking: MCU Linker
arm-none-eabi-gcc -nostdlib -L"/Users/nakagawayuki/git/RT-USB-PYROELECTRIC/LPCXpresso/workspace_THP/CMSISv1p30_LPC13xx/Debug" -Xlinker -Map="RT-USB-THP-sample.map" -Xlinker --gc-sections -mcpu=cortex-m3 -mthumb -T "RT-BLUETOOTH-9AXIS-sample_Debug.ld" -o "RT-USB-THP-sample.axf"  ./src/USB/cdcuser.o ./src/USB/usbcore.o ./src/USB/usbdesc.o ./src/USB/usbhw.o ./src/USB/usbuser.o  ./src/PERIPHERAL/SystemTickTimer.o ./src/PERIPHERAL/debug.o ./src/PERIPHERAL/gpio.o ./src/PERIPHERAL/i2c.o ./src/PERIPHERAL/io.o ./src/PERIPHERAL/timer.o ./src/PERIPHERAL/uart.o ./src/PERIPHERAL/usbTransmission.o  ./src/OTHER/cr_startup_lpc13xx.o ./src/OTHER/crp.o ./src/OTHER/serial.o  ./src/MAIN/MainFunction.o ./src/MAIN/UserInterface.o ./src/MAIN/bme280.o ./src/MAIN/main.o   -lCMSISv1p30_LPC13xx
Finished building target: RT-USB-THP-sample.axf
 
make --no-print-directory post-build
Performing post-build steps
arm-none-eabi-size "RT-USB-THP-sample.axf" ; arm-none-eabi-objcopy -v -O binary "RT-USB-THP-sample.axf" "RT-USB-THP-sample.bin" ; checksum -p LPC1343 -d "RT-USB-THP-sample.bin"
   text	   data	    bss	    dec	    hex	filename
  21528	     20	   1560	  23108	   5a44	RT-USB-THP-sample.axf
copy from `RT-USB-THP-sample.axf' [elf32-littlearm] to `RT-USB-THP-sample.bin' [binary]
Written checksum 0xefffd812 at offset 0x1c in file RT-USB-THP-sample.bin
Previous value 0x00000000 at offset 0x1c in file RT-USB-THP-sample.bin
 
11:28:07 **** Incremental Build of configuration Debug for project CMSISv1p30_LPC13xx ****
make -r all 
make: Nothing to be done for `all'.
11:28:08 **** Incremental Build of configuration Debug for project RT-USB-THP-sample ****
make -r all 
make: Nothing to be done for `all'.
11:32:54 **** Incremental Build of configuration Debug for project CMSISv1p30_LPC13xx ****
make -r all 
make: Nothing to be done for `all'.
11:32:55 **** Incremental Build of configuration Debug for project RT-USB-THP-sample ****
make -r all 
Building file: ../src/PERIPHERAL/gpio.c
Invoking: MCU C Compiler
arm-none-eabi-gcc -DDEBUG -D__CODE_RED -DCORE_M3 -D__USE_CMSIS=CMSISv1p30_LPC13xx -D__LPC13XX__ -D__REDLIB__ -I"/Users/nakagawayuki/git/RT-USB-PYROELECTRIC/LPCXpresso/workspace_THP/CMSISv1p30_LPC13xx/inc" -I"/Users/nakagawayuki/git/RT-USB-PYROELECTRIC/LPCXpresso/workspace_THP/RT-USB-THP-sample/inc/PERIPHERAL" -I"/Users/nakagawayuki/git/RT-USB-PYROELECTRIC/LPCXpresso/workspace_THP/RT-USB-THP-sample/inc/USB" -I"/Users/nakagawayuki/git/RT-USB-PYROELECTRIC/LPCXpresso/workspace_THP/RT-USB-THP-sample/inc/OTHER" -I"/Users/nakagawayuki/git/RT-USB-PYROELECTRIC/LPCXpresso/workspace_THP/RT-USB-THP-sample/inc/MAIN" -Og -g3 -Wall -c -fmessage-length=0 -fno-builtin -ffunction-sections -fdata-sections -mcpu=cortex-m3 -mthumb -D__REDLIB__ -specs=redlib.specs -MMD -MP -MF"src/PERIPHERAL/gpio.d" -MT"src/PERIPHERAL/gpio.o" -MT"src/PERIPHERAL/gpio.d" -o "src/PERIPHERAL/gpio.o" "../src/PERIPHERAL/gpio.c"
Finished building: ../src/PERIPHERAL/gpio.c
 
Building target: RT-USB-THP-sample.axf
Invoking: MCU Linker
arm-none-eabi-gcc -nostdlib -L"/Users/nakagawayuki/git/RT-USB-PYROELECTRIC/LPCXpresso/workspace_THP/CMSISv1p30_LPC13xx/Debug" -Xlinker -Map="RT-USB-THP-sample.map" -Xlinker --gc-sections -mcpu=cortex-m3 -mthumb -T "RT-BLUETOOTH-9AXIS-sample_Debug.ld" -o "RT-USB-THP-sample.axf"  ./src/USB/cdcuser.o ./src/USB/usbcore.o ./src/USB/usbdesc.o ./src/USB/usbhw.o ./src/USB/usbuser.o  ./src/PERIPHERAL/SystemTickTimer.o ./src/PERIPHERAL/debug.o ./src/PERIPHERAL/gpio.o ./src/PERIPHERAL/i2c.o ./src/PERIPHERAL/io.o ./src/PERIPHERAL/timer.o ./src/PERIPHERAL/uart.o ./src/PERIPHERAL/usbTransmission.o  ./src/OTHER/cr_startup_lpc13xx.o ./src/OTHER/crp.o ./src/OTHER/serial.o  ./src/MAIN/MainFunction.o ./src/MAIN/UserInterface.o ./src/MAIN/bme280.o ./src/MAIN/main.o   -lCMSISv1p30_LPC13xx
Finished building target: RT-USB-THP-sample.axf
 
make --no-print-directory post-build
Performing post-build steps
arm-none-eabi-size "RT-USB-THP-sample.axf" ; arm-none-eabi-objcopy -v -O binary "RT-USB-THP-sample.axf" "RT-USB-THP-sample.bin" ; checksum -p LPC1343 -d "RT-USB-THP-sample.bin"
   text	   data	    bss	    dec	    hex	filename
  21544	     20	   1564	  23128	   5a58	RT-USB-THP-sample.axf
copy from `RT-USB-THP-sample.axf' [elf32-littlearm] to `RT-USB-THP-sample.bin' [binary]
Written checksum 0xefffd812 at offset 0x1c in file RT-USB-THP-sample.bin
Previous value 0x00000000 at offset 0x1c in file RT-USB-THP-sample.bin
 
11:33:34 **** Incremental Build of configuration Debug for project CMSISv1p30_LPC13xx ****
make -r all 
make: Nothing to be done for `all'.
11:33:35 **** Incremental Build of configuration Debug for project RT-USB-THP-sample ****
make -r all 
Building file: ../src/PERIPHERAL/gpio.c
Invoking: MCU C Compiler
arm-none-eabi-gcc -DDEBUG -D__CODE_RED -DCORE_M3 -D__USE_CMSIS=CMSISv1p30_LPC13xx -D__LPC13XX__ -D__REDLIB__ -I"/Users/nakagawayuki/git/RT-USB-PYROELECTRIC/LPCXpresso/workspace_THP/CMSISv1p30_LPC13xx/inc" -I"/Users/nakagawayuki/git/RT-USB-PYROELECTRIC/LPCXpresso/workspace_THP/RT-USB-THP-sample/inc/PERIPHERAL" -I"/Users/nakagawayuki/git/RT-USB-PYROELECTRIC/LPCXpresso/workspace_THP/RT-USB-THP-sample/inc/USB" -I"/Users/nakagawayuki/git/RT-USB-PYROELECTRIC/LPCXpresso/workspace_THP/RT-USB-THP-sample/inc/OTHER" -I"/Users/nakagawayuki/git/RT-USB-PYROELECTRIC/LPCXpresso/workspace_THP/RT-USB-THP-sample/inc/MAIN" -Og -g3 -Wall -c -fmessage-length=0 -fno-builtin -ffunction-sections -fdata-sections -mcpu=cortex-m3 -mthumb -D__REDLIB__ -specs=redlib.specs -MMD -MP -MF"src/PERIPHERAL/gpio.d" -MT"src/PERIPHERAL/gpio.o" -MT"src/PERIPHERAL/gpio.d" -o "src/PERIPHERAL/gpio.o" "../src/PERIPHERAL/gpio.c"
Finished building: ../src/PERIPHERAL/gpio.c
 
Building target: RT-USB-THP-sample.axf
Invoking: MCU Linker
arm-none-eabi-gcc -nostdlib -L"/Users/nakagawayuki/git/RT-USB-PYROELECTRIC/LPCXpresso/workspace_THP/CMSISv1p30_LPC13xx/Debug" -Xlinker -Map="RT-USB-THP-sample.map" -Xlinker --gc-sections -mcpu=cortex-m3 -mthumb -T "RT-BLUETOOTH-9AXIS-sample_Debug.ld" -o "RT-USB-THP-sample.axf"  ./src/USB/cdcuser.o ./src/USB/usbcore.o ./src/USB/usbdesc.o ./src/USB/usbhw.o ./src/USB/usbuser.o  ./src/PERIPHERAL/SystemTickTimer.o ./src/PERIPHERAL/debug.o ./src/PERIPHERAL/gpio.o ./src/PERIPHERAL/i2c.o ./src/PERIPHERAL/io.o ./src/PERIPHERAL/timer.o ./src/PERIPHERAL/uart.o ./src/PERIPHERAL/usbTransmission.o  ./src/OTHER/cr_startup_lpc13xx.o ./src/OTHER/crp.o ./src/OTHER/serial.o  ./src/MAIN/MainFunction.o ./src/MAIN/UserInterface.o ./src/MAIN/bme280.o ./src/MAIN/main.o   -lCMSISv1p30_LPC13xx
Finished building target: RT-USB-THP-sample.axf
 
make --no-print-directory post-build
Performing post-build steps
arm-none-eabi-size "RT-USB-THP-sample.axf" ; arm-none-eabi-objcopy -v -O binary "RT-USB-THP-sample.axf" "RT-USB-THP-sample.bin" ; checksum -p LPC1343 -d "RT-USB-THP-sample.bin"
   text	   data	    bss	    dec	    hex	filename
  21520	     20	   1564	  23104	   5a40	RT-USB-THP-sample.axf
copy from `RT-USB-THP-sample.axf' [elf32-littlearm] to `RT-USB-THP-sample.bin' [binary]
Written checksum 0xefffd812 at offset 0x1c in file RT-USB-THP-sample.bin
Previous value 0x00000000 at offset 0x1c in file RT-USB-THP-sample.bin
 
11:34:40 **** Incremental Build of configuration Debug for project CMSISv1p30_LPC13xx ****
make -r all 
make: Nothing to be done for `all'.
11:34:41 **** Incremental Build of configuration Debug for project RT-USB-THP-sample ****
make -r all 
Building file: ../src/PERIPHERAL/gpio.c
Invoking: MCU C Compiler
arm-none-eabi-gcc -DDEBUG -D__CODE_RED -DCORE_M3 -D__USE_CMSIS=CMSISv1p30_LPC13xx -D__LPC13XX__ -D__REDLIB__ -I"/Users/nakagawayuki/git/RT-USB-PYROELECTRIC/LPCXpresso/workspace_THP/CMSISv1p30_LPC13xx/inc" -I"/Users/nakagawayuki/git/RT-USB-PYROELECTRIC/LPCXpresso/workspace_THP/RT-USB-THP-sample/inc/PERIPHERAL" -I"/Users/nakagawayuki/git/RT-USB-PYROELECTRIC/LPCXpresso/workspace_THP/RT-USB-THP-sample/inc/USB" -I"/Users/nakagawayuki/git/RT-USB-PYROELECTRIC/LPCXpresso/workspace_THP/RT-USB-THP-sample/inc/OTHER" -I"/Users/nakagawayuki/git/RT-USB-PYROELECTRIC/LPCXpresso/workspace_THP/RT-USB-THP-sample/inc/MAIN" -Og -g3 -Wall -c -fmessage-length=0 -fno-builtin -ffunction-sections -fdata-sections -mcpu=cortex-m3 -mthumb -D__REDLIB__ -specs=redlib.specs -MMD -MP -MF"src/PERIPHERAL/gpio.d" -MT"src/PERIPHERAL/gpio.o" -MT"src/PERIPHERAL/gpio.d" -o "src/PERIPHERAL/gpio.o" "../src/PERIPHERAL/gpio.c"
Finished building: ../src/PERIPHERAL/gpio.c
 
Building file: ../src/MAIN/main.c
Invoking: MCU C Compiler
arm-none-eabi-gcc -DDEBUG -D__CODE_RED -DCORE_M3 -D__USE_CMSIS=CMSISv1p30_LPC13xx -D__LPC13XX__ -D__REDLIB__ -I"/Users/nakagawayuki/git/RT-USB-PYROELECTRIC/LPCXpresso/workspace_THP/CMSISv1p30_LPC13xx/inc" -I"/Users/nakagawayuki/git/RT-USB-PYROELECTRIC/LPCXpresso/workspace_THP/RT-USB-THP-sample/inc/PERIPHERAL" -I"/Users/nakagawayuki/git/RT-USB-PYROELECTRIC/LPCXpresso/workspace_THP/RT-USB-THP-sample/inc/USB" -I"/Users/nakagawayuki/git/RT-USB-PYROELECTRIC/LPCXpresso/workspace_THP/RT-USB-THP-sample/inc/OTHER" -I"/Users/nakagawayuki/git/RT-USB-PYROELECTRIC/LPCXpresso/workspace_THP/RT-USB-THP-sample/inc/MAIN" -Og -g3 -Wall -c -fmessage-length=0 -fno-builtin -ffunction-sections -fdata-sections -mcpu=cortex-m3 -mthumb -D__REDLIB__ -specs=redlib.specs -MMD -MP -MF"src/MAIN/main.d" -MT"src/MAIN/main.o" -MT"src/MAIN/main.d" -o "src/MAIN/main.o" "../src/MAIN/main.c"
../src/MAIN/main.c: In function 'main':
../src/MAIN/main.c:65:15: warning: unused variable 'i' [-Wunused-variable]
  unsigned int i;
               ^
Finished building: ../src/MAIN/main.c
 
Building target: RT-USB-THP-sample.axf
Invoking: MCU Linker
arm-none-eabi-gcc -nostdlib -L"/Users/nakagawayuki/git/RT-USB-PYROELECTRIC/LPCXpresso/workspace_THP/CMSISv1p30_LPC13xx/Debug" -Xlinker -Map="RT-USB-THP-sample.map" -Xlinker --gc-sections -mcpu=cortex-m3 -mthumb -T "RT-BLUETOOTH-9AXIS-sample_Debug.ld" -o "RT-USB-THP-sample.axf"  ./src/USB/cdcuser.o ./src/USB/usbcore.o ./src/USB/usbdesc.o ./src/USB/usbhw.o ./src/USB/usbuser.o  ./src/PERIPHERAL/SystemTickTimer.o ./src/PERIPHERAL/debug.o ./src/PERIPHERAL/gpio.o ./src/PERIPHERAL/i2c.o ./src/PERIPHERAL/io.o ./src/PERIPHERAL/timer.o ./src/PERIPHERAL/uart.o ./src/PERIPHERAL/usbTransmission.o  ./src/OTHER/cr_startup_lpc13xx.o ./src/OTHER/crp.o ./src/OTHER/serial.o  ./src/MAIN/MainFunction.o ./src/MAIN/UserInterface.o ./src/MAIN/bme280.o ./src/MAIN/main.o   -lCMSISv1p30_LPC13xx
Finished building target: RT-USB-THP-sample.axf
 
make --no-print-directory post-build
Performing post-build steps
arm-none-eabi-size "RT-USB-THP-sample.axf" ; arm-none-eabi-objcopy -v -O binary "RT-USB-THP-sample.axf" "RT-USB-THP-sample.bin" ; checksum -p LPC1343 -d "RT-USB-THP-sample.bin"
   text	   data	    bss	    dec	    hex	filename
  21528	     20	   1564	  23112	   5a48	RT-USB-THP-sample.axf
copy from `RT-USB-THP-sample.axf' [elf32-littlearm] to `RT-USB-THP-sample.bin' [binary]
Written checksum 0xefffd812 at offset 0x1c in file RT-USB-THP-sample.bin
Previous value 0x00000000 at offset 0x1c in file RT-USB-THP-sample.bin
 
11:35:17 **** Incremental Build of configuration Debug for project CMSISv1p30_LPC13xx ****
make -r all 
make: Nothing to be done for `all'.
11:35:17 **** Incremental Build of configuration Debug for project RT-USB-THP-sample ****
make -r all 
Building file: ../src/MAIN/main.c
Invoking: MCU C Compiler
arm-none-eabi-gcc -DDEBUG -D__CODE_RED -DCORE_M3 -D__USE_CMSIS=CMSISv1p30_LPC13xx -D__LPC13XX__ -D__REDLIB__ -I"/Users/nakagawayuki/git/RT-USB-PYROELECTRIC/LPCXpresso/workspace_THP/CMSISv1p30_LPC13xx/inc" -I"/Users/nakagawayuki/git/RT-USB-PYROELECTRIC/LPCXpresso/workspace_THP/RT-USB-THP-sample/inc/PERIPHERAL" -I"/Users/nakagawayuki/git/RT-USB-PYROELECTRIC/LPCXpresso/workspace_THP/RT-USB-THP-sample/inc/USB" -I"/Users/nakagawayuki/git/RT-USB-PYROELECTRIC/LPCXpresso/workspace_THP/RT-USB-THP-sample/inc/OTHER" -I"/Users/nakagawayuki/git/RT-USB-PYROELECTRIC/LPCXpresso/workspace_THP/RT-USB-THP-sample/inc/MAIN" -Og -g3 -Wall -c -fmessage-length=0 -fno-builtin -ffunction-sections -fdata-sections -mcpu=cortex-m3 -mthumb -D__REDLIB__ -specs=redlib.specs -MMD -MP -MF"src/MAIN/main.d" -MT"src/MAIN/main.o" -MT"src/MAIN/main.d" -o "src/MAIN/main.o" "../src/MAIN/main.c"
../src/MAIN/main.c: In function 'main':
../src/MAIN/main.c:65:15: warning: unused variable 'i' [-Wunused-variable]
  unsigned int i;
               ^
Finished building: ../src/MAIN/main.c
 
Building target: RT-USB-THP-sample.axf
Invoking: MCU Linker
arm-none-eabi-gcc -nostdlib -L"/Users/nakagawayuki/git/RT-USB-PYROELECTRIC/LPCXpresso/workspace_THP/CMSISv1p30_LPC13xx/Debug" -Xlinker -Map="RT-USB-THP-sample.map" -Xlinker --gc-sections -mcpu=cortex-m3 -mthumb -T "RT-BLUETOOTH-9AXIS-sample_Debug.ld" -o "RT-USB-THP-sample.axf"  ./src/USB/cdcuser.o ./src/USB/usbcore.o ./src/USB/usbdesc.o ./src/USB/usbhw.o ./src/USB/usbuser.o  ./src/PERIPHERAL/SystemTickTimer.o ./src/PERIPHERAL/debug.o ./src/PERIPHERAL/gpio.o ./src/PERIPHERAL/i2c.o ./src/PERIPHERAL/io.o ./src/PERIPHERAL/timer.o ./src/PERIPHERAL/uart.o ./src/PERIPHERAL/usbTransmission.o  ./src/OTHER/cr_startup_lpc13xx.o ./src/OTHER/crp.o ./src/OTHER/serial.o  ./src/MAIN/MainFunction.o ./src/MAIN/UserInterface.o ./src/MAIN/bme280.o ./src/MAIN/main.o   -lCMSISv1p30_LPC13xx
Finished building target: RT-USB-THP-sample.axf
 
make --no-print-directory post-build
Performing post-build steps
arm-none-eabi-size "RT-USB-THP-sample.axf" ; arm-none-eabi-objcopy -v -O binary "RT-USB-THP-sample.axf" "RT-USB-THP-sample.bin" ; checksum -p LPC1343 -d "RT-USB-THP-sample.bin"
   text	   data	    bss	    dec	    hex	filename
  21416	     20	   1564	  23000	   59d8	RT-USB-THP-sample.axf
copy from `RT-USB-THP-sample.axf' [elf32-littlearm] to `RT-USB-THP-sample.bin' [binary]
Written checksum 0xefffd812 at offset 0x1c in file RT-USB-THP-sample.bin
Previous value 0x00000000 at offset 0x1c in file RT-USB-THP-sample.bin
 
11:39:35 **** Incremental Build of configuration Debug for project CMSISv1p30_LPC13xx ****
make -r all 
make: Nothing to be done for `all'.
11:39:37 **** Incremental Build of configuration Debug for project RT-USB-THP-sample ****
make -r all 
Building file: ../src/MAIN/main.c
Invoking: MCU C Compiler
arm-none-eabi-gcc -DDEBUG -D__CODE_RED -DCORE_M3 -D__USE_CMSIS=CMSISv1p30_LPC13xx -D__LPC13XX__ -D__REDLIB__ -I"/Users/nakagawayuki/git/RT-USB-PYROELECTRIC/LPCXpresso/workspace_THP/CMSISv1p30_LPC13xx/inc" -I"/Users/nakagawayuki/git/RT-USB-PYROELECTRIC/LPCXpresso/workspace_THP/RT-USB-THP-sample/inc/PERIPHERAL" -I"/Users/nakagawayuki/git/RT-USB-PYROELECTRIC/LPCXpresso/workspace_THP/RT-USB-THP-sample/inc/USB" -I"/Users/nakagawayuki/git/RT-USB-PYROELECTRIC/LPCXpresso/workspace_THP/RT-USB-THP-sample/inc/OTHER" -I"/Users/nakagawayuki/git/RT-USB-PYROELECTRIC/LPCXpresso/workspace_THP/RT-USB-THP-sample/inc/MAIN" -Og -g3 -Wall -c -fmessage-length=0 -fno-builtin -ffunction-sections -fdata-sections -mcpu=cortex-m3 -mthumb -D__REDLIB__ -specs=redlib.specs -MMD -MP -MF"src/MAIN/main.d" -MT"src/MAIN/main.o" -MT"src/MAIN/main.d" -o "src/MAIN/main.o" "../src/MAIN/main.c"
../src/MAIN/main.c: In function 'main':
../src/MAIN/main.c:65:15: warning: unused variable 'i' [-Wunused-variable]
  unsigned int i;
               ^
Finished building: ../src/MAIN/main.c
 
Building target: RT-USB-THP-sample.axf
Invoking: MCU Linker
arm-none-eabi-gcc -nostdlib -L"/Users/nakagawayuki/git/RT-USB-PYROELECTRIC/LPCXpresso/workspace_THP/CMSISv1p30_LPC13xx/Debug" -Xlinker -Map="RT-USB-THP-sample.map" -Xlinker --gc-sections -mcpu=cortex-m3 -mthumb -T "RT-BLUETOOTH-9AXIS-sample_Debug.ld" -o "RT-USB-THP-sample.axf"  ./src/USB/cdcuser.o ./src/USB/usbcore.o ./src/USB/usbdesc.o ./src/USB/usbhw.o ./src/USB/usbuser.o  ./src/PERIPHERAL/SystemTickTimer.o ./src/PERIPHERAL/debug.o ./src/PERIPHERAL/gpio.o ./src/PERIPHERAL/i2c.o ./src/PERIPHERAL/io.o ./src/PERIPHERAL/timer.o ./src/PERIPHERAL/uart.o ./src/PERIPHERAL/usbTransmission.o  ./src/OTHER/cr_startup_lpc13xx.o ./src/OTHER/crp.o ./src/OTHER/serial.o  ./src/MAIN/MainFunction.o ./src/MAIN/UserInterface.o ./src/MAIN/bme280.o ./src/MAIN/main.o   -lCMSISv1p30_LPC13xx
Finished building target: RT-USB-THP-sample.axf
 
make --no-print-directory post-build
Performing post-build steps
arm-none-eabi-size "RT-USB-THP-sample.axf" ; arm-none-eabi-objcopy -v -O binary "RT-USB-THP-sample.axf" "RT-USB-THP-sample.bin" ; checksum -p LPC1343 -d "RT-USB-THP-sample.bin"
   text	   data	    bss	    dec	    hex	filename
  20976	     20	   1564	  22560	   5820	RT-USB-THP-sample.axf
copy from `RT-USB-THP-sample.axf' [elf32-littlearm] to `RT-USB-THP-sample.bin' [binary]
Written checksum 0xefffd812 at offset 0x1c in file RT-USB-THP-sample.bin
Previous value 0x00000000 at offset 0x1c in file RT-USB-THP-sample.bin
 
11:39:58 **** Incremental Build of configuration Debug for project CMSISv1p30_LPC13xx ****
make -r all 
make: Nothing to be done for `all'.
11:39:58 **** Incremental Build of configuration Debug for project RT-USB-THP-sample ****
make -r all 
Building file: ../src/MAIN/main.c
Invoking: MCU C Compiler
arm-none-eabi-gcc -DDEBUG -D__CODE_RED -DCORE_M3 -D__USE_CMSIS=CMSISv1p30_LPC13xx -D__LPC13XX__ -D__REDLIB__ -I"/Users/nakagawayuki/git/RT-USB-PYROELECTRIC/LPCXpresso/workspace_THP/CMSISv1p30_LPC13xx/inc" -I"/Users/nakagawayuki/git/RT-USB-PYROELECTRIC/LPCXpresso/workspace_THP/RT-USB-THP-sample/inc/PERIPHERAL" -I"/Users/nakagawayuki/git/RT-USB-PYROELECTRIC/LPCXpresso/workspace_THP/RT-USB-THP-sample/inc/USB" -I"/Users/nakagawayuki/git/RT-USB-PYROELECTRIC/LPCXpresso/workspace_THP/RT-USB-THP-sample/inc/OTHER" -I"/Users/nakagawayuki/git/RT-USB-PYROELECTRIC/LPCXpresso/workspace_THP/RT-USB-THP-sample/inc/MAIN" -Og -g3 -Wall -c -fmessage-length=0 -fno-builtin -ffunction-sections -fdata-sections -mcpu=cortex-m3 -mthumb -D__REDLIB__ -specs=redlib.specs -MMD -MP -MF"src/MAIN/main.d" -MT"src/MAIN/main.o" -MT"src/MAIN/main.d" -o "src/MAIN/main.o" "../src/MAIN/main.c"
../src/MAIN/main.c: In function 'main':
../src/MAIN/main.c:65:15: warning: unused variable 'i' [-Wunused-variable]
  unsigned int i;
               ^
Finished building: ../src/MAIN/main.c
 
Building target: RT-USB-THP-sample.axf
Invoking: MCU Linker
arm-none-eabi-gcc -nostdlib -L"/Users/nakagawayuki/git/RT-USB-PYROELECTRIC/LPCXpresso/workspace_THP/CMSISv1p30_LPC13xx/Debug" -Xlinker -Map="RT-USB-THP-sample.map" -Xlinker --gc-sections -mcpu=cortex-m3 -mthumb -T "RT-BLUETOOTH-9AXIS-sample_Debug.ld" -o "RT-USB-THP-sample.axf"  ./src/USB/cdcuser.o ./src/USB/usbcore.o ./src/USB/usbdesc.o ./src/USB/usbhw.o ./src/USB/usbuser.o  ./src/PERIPHERAL/SystemTickTimer.o ./src/PERIPHERAL/debug.o ./src/PERIPHERAL/gpio.o ./src/PERIPHERAL/i2c.o ./src/PERIPHERAL/io.o ./src/PERIPHERAL/timer.o ./src/PERIPHERAL/uart.o ./src/PERIPHERAL/usbTransmission.o  ./src/OTHER/cr_startup_lpc13xx.o ./src/OTHER/crp.o ./src/OTHER/serial.o  ./src/MAIN/MainFunction.o ./src/MAIN/UserInterface.o ./src/MAIN/bme280.o ./src/MAIN/main.o   -lCMSISv1p30_LPC13xx
Finished building target: RT-USB-THP-sample.axf
 
make --no-print-directory post-build
Performing post-build steps
arm-none-eabi-size "RT-USB-THP-sample.axf" ; arm-none-eabi-objcopy -v -O binary "RT-USB-THP-sample.axf" "RT-USB-THP-sample.bin" ; checksum -p LPC1343 -d "RT-USB-THP-sample.bin"
   text	   data	    bss	    dec	    hex	filename
  20976	     20	   1564	  22560	   5820	RT-USB-THP-sample.axf
copy from `RT-USB-THP-sample.axf' [elf32-littlearm] to `RT-USB-THP-sample.bin' [binary]
Written checksum 0xefffd812 at offset 0x1c in file RT-USB-THP-sample.bin
Previous value 0x00000000 at offset 0x1c in file RT-USB-THP-sample.bin
 
11:40:00 **** Incremental Build of configuration Debug for project CMSISv1p30_LPC13xx ****
make -r all 
make: Nothing to be done for `all'.
11:40:00 **** Incremental Build of configuration Debug for project RT-USB-THP-sample ****
make -r all 
make: Nothing to be done for `all'.
11:40:01 **** Incremental Build of configuration Debug for project CMSISv1p30_LPC13xx ****
make -r all 
make: Nothing to be done for `all'.
11:40:01 **** Incremental Build of configuration Debug for project RT-USB-THP-sample ****
make -r all 
Building file: ../src/MAIN/main.c
Invoking: MCU C Compiler
arm-none-eabi-gcc -DDEBUG -D__CODE_RED -DCORE_M3 -D__USE_CMSIS=CMSISv1p30_LPC13xx -D__LPC13XX__ -D__REDLIB__ -I"/Users/nakagawayuki/git/RT-USB-PYROELECTRIC/LPCXpresso/workspace_THP/CMSISv1p30_LPC13xx/inc" -I"/Users/nakagawayuki/git/RT-USB-PYROELECTRIC/LPCXpresso/workspace_THP/RT-USB-THP-sample/inc/PERIPHERAL" -I"/Users/nakagawayuki/git/RT-USB-PYROELECTRIC/LPCXpresso/workspace_THP/RT-USB-THP-sample/inc/USB" -I"/Users/nakagawayuki/git/RT-USB-PYROELECTRIC/LPCXpresso/workspace_THP/RT-USB-THP-sample/inc/OTHER" -I"/Users/nakagawayuki/git/RT-USB-PYROELECTRIC/LPCXpresso/workspace_THP/RT-USB-THP-sample/inc/MAIN" -Og -g3 -Wall -c -fmessage-length=0 -fno-builtin -ffunction-sections -fdata-sections -mcpu=cortex-m3 -mthumb -D__REDLIB__ -specs=redlib.specs -MMD -MP -MF"src/MAIN/main.d" -MT"src/MAIN/main.o" -MT"src/MAIN/main.d" -o "src/MAIN/main.o" "../src/MAIN/main.c"
../src/MAIN/main.c: In function 'main':
../src/MAIN/main.c:65:15: warning: unused variable 'i' [-Wunused-variable]
  unsigned int i;
               ^
Finished building: ../src/MAIN/main.c
 
Building target: RT-USB-THP-sample.axf
Invoking: MCU Linker
arm-none-eabi-gcc -nostdlib -L"/Users/nakagawayuki/git/RT-USB-PYROELECTRIC/LPCXpresso/workspace_THP/CMSISv1p30_LPC13xx/Debug" -Xlinker -Map="RT-USB-THP-sample.map" -Xlinker --gc-sections -mcpu=cortex-m3 -mthumb -T "RT-BLUETOOTH-9AXIS-sample_Debug.ld" -o "RT-USB-THP-sample.axf"  ./src/USB/cdcuser.o ./src/USB/usbcore.o ./src/USB/usbdesc.o ./src/USB/usbhw.o ./src/USB/usbuser.o  ./src/PERIPHERAL/SystemTickTimer.o ./src/PERIPHERAL/debug.o ./src/PERIPHERAL/gpio.o ./src/PERIPHERAL/i2c.o ./src/PERIPHERAL/io.o ./src/PERIPHERAL/timer.o ./src/PERIPHERAL/uart.o ./src/PERIPHERAL/usbTransmission.o  ./src/OTHER/cr_startup_lpc13xx.o ./src/OTHER/crp.o ./src/OTHER/serial.o  ./src/MAIN/MainFunction.o ./src/MAIN/UserInterface.o ./src/MAIN/bme280.o ./src/MAIN/main.o   -lCMSISv1p30_LPC13xx
Finished building target: RT-USB-THP-sample.axf
 
make --no-print-directory post-build
Performing post-build steps
arm-none-eabi-size "RT-USB-THP-sample.axf" ; arm-none-eabi-objcopy -v -O binary "RT-USB-THP-sample.axf" "RT-USB-THP-sample.bin" ; checksum -p LPC1343 -d "RT-USB-THP-sample.bin"
   text	   data	    bss	    dec	    hex	filename
  20984	     20	   1564	  22568	   5828	RT-USB-THP-sample.axf
copy from `RT-USB-THP-sample.axf' [elf32-littlearm] to `RT-USB-THP-sample.bin' [binary]
Written checksum 0xefffd812 at offset 0x1c in file RT-USB-THP-sample.bin
Previous value 0x00000000 at offset 0x1c in file RT-USB-THP-sample.bin
 
11:40:03 **** Incremental Build of configuration Debug for project CMSISv1p30_LPC13xx ****
make -r all 
make: Nothing to be done for `all'.
11:40:03 **** Incremental Build of configuration Debug for project RT-USB-THP-sample ****
make -r all 
make: Nothing to be done for `all'.
11:43:07 **** Incremental Build of configuration Debug for project CMSISv1p30_LPC13xx ****
make -r all 
make: Nothing to be done for `all'.
11:43:07 **** Incremental Build of configuration Debug for project RT-USB-THP-sample ****
make -r all 
Building file: ../src/MAIN/main.c
Invoking: MCU C Compiler
arm-none-eabi-gcc -DDEBUG -D__CODE_RED -DCORE_M3 -D__USE_CMSIS=CMSISv1p30_LPC13xx -D__LPC13XX__ -D__REDLIB__ -I"/Users/nakagawayuki/git/RT-USB-PYROELECTRIC/LPCXpresso/workspace_THP/CMSISv1p30_LPC13xx/inc" -I"/Users/nakagawayuki/git/RT-USB-PYROELECTRIC/LPCXpresso/workspace_THP/RT-USB-THP-sample/inc/PERIPHERAL" -I"/Users/nakagawayuki/git/RT-USB-PYROELECTRIC/LPCXpresso/workspace_THP/RT-USB-THP-sample/inc/USB" -I"/Users/nakagawayuki/git/RT-USB-PYROELECTRIC/LPCXpresso/workspace_THP/RT-USB-THP-sample/inc/OTHER" -I"/Users/nakagawayuki/git/RT-USB-PYROELECTRIC/LPCXpresso/workspace_THP/RT-USB-THP-sample/inc/MAIN" -Og -g3 -Wall -c -fmessage-length=0 -fno-builtin -ffunction-sections -fdata-sections -mcpu=cortex-m3 -mthumb -D__REDLIB__ -specs=redlib.specs -MMD -MP -MF"src/MAIN/main.d" -MT"src/MAIN/main.o" -MT"src/MAIN/main.d" -o "src/MAIN/main.o" "../src/MAIN/main.c"
../src/MAIN/main.c: In function 'main':
../src/MAIN/main.c:68:23: error: expected identifier before numeric constant
   state = (LPC_GPIO0->0x1<<11)>>1;
                       ^
../src/MAIN/main.c:69:15: error: expected expression before '%' token
   myPrintfUSB(%d,);
               ^
../src/MAIN/main.c:66:6: warning: variable 'state' set but not used [-Wunused-but-set-variable]
  int state;
      ^
../src/MAIN/main.c:65:15: warning: unused variable 'i' [-Wunused-variable]
  unsigned int i;
               ^
make: *** [src/MAIN/main.o] Error 1
11:43:24 **** Incremental Build of configuration Debug for project CMSISv1p30_LPC13xx ****
make -r all 
make: Nothing to be done for `all'.
11:43:25 **** Incremental Build of configuration Debug for project RT-USB-THP-sample ****
make -r all 
Building file: ../src/MAIN/main.c
Invoking: MCU C Compiler
arm-none-eabi-gcc -DDEBUG -D__CODE_RED -DCORE_M3 -D__USE_CMSIS=CMSISv1p30_LPC13xx -D__LPC13XX__ -D__REDLIB__ -I"/Users/nakagawayuki/git/RT-USB-PYROELECTRIC/LPCXpresso/workspace_THP/CMSISv1p30_LPC13xx/inc" -I"/Users/nakagawayuki/git/RT-USB-PYROELECTRIC/LPCXpresso/workspace_THP/RT-USB-THP-sample/inc/PERIPHERAL" -I"/Users/nakagawayuki/git/RT-USB-PYROELECTRIC/LPCXpresso/workspace_THP/RT-USB-THP-sample/inc/USB" -I"/Users/nakagawayuki/git/RT-USB-PYROELECTRIC/LPCXpresso/workspace_THP/RT-USB-THP-sample/inc/OTHER" -I"/Users/nakagawayuki/git/RT-USB-PYROELECTRIC/LPCXpresso/workspace_THP/RT-USB-THP-sample/inc/MAIN" -Og -g3 -Wall -c -fmessage-length=0 -fno-builtin -ffunction-sections -fdata-sections -mcpu=cortex-m3 -mthumb -D__REDLIB__ -specs=redlib.specs -MMD -MP -MF"src/MAIN/main.d" -MT"src/MAIN/main.o" -MT"src/MAIN/main.d" -o "src/MAIN/main.o" "../src/MAIN/main.c"
../src/MAIN/main.c: In function 'main':
../src/MAIN/main.c:69:15: error: expected expression before '%' token
   myPrintfUSB(%d,state);
               ^
../src/MAIN/main.c:66:6: warning: variable 'state' set but not used [-Wunused-but-set-variable]
  int state;
      ^
../src/MAIN/main.c:65:15: warning: unused variable 'i' [-Wunused-variable]
  unsigned int i;
               ^
make: *** [src/MAIN/main.o] Error 1
11:43:56 **** Incremental Build of configuration Debug for project CMSISv1p30_LPC13xx ****
make -r all 
make: Nothing to be done for `all'.
11:43:56 **** Incremental Build of configuration Debug for project RT-USB-THP-sample ****
make -r all 
Building file: ../src/MAIN/main.c
Invoking: MCU C Compiler
arm-none-eabi-gcc -DDEBUG -D__CODE_RED -DCORE_M3 -D__USE_CMSIS=CMSISv1p30_LPC13xx -D__LPC13XX__ -D__REDLIB__ -I"/Users/nakagawayuki/git/RT-USB-PYROELECTRIC/LPCXpresso/workspace_THP/CMSISv1p30_LPC13xx/inc" -I"/Users/nakagawayuki/git/RT-USB-PYROELECTRIC/LPCXpresso/workspace_THP/RT-USB-THP-sample/inc/PERIPHERAL" -I"/Users/nakagawayuki/git/RT-USB-PYROELECTRIC/LPCXpresso/workspace_THP/RT-USB-THP-sample/inc/USB" -I"/Users/nakagawayuki/git/RT-USB-PYROELECTRIC/LPCXpresso/workspace_THP/RT-USB-THP-sample/inc/OTHER" -I"/Users/nakagawayuki/git/RT-USB-PYROELECTRIC/LPCXpresso/workspace_THP/RT-USB-THP-sample/inc/MAIN" -Og -g3 -Wall -c -fmessage-length=0 -fno-builtin -ffunction-sections -fdata-sections -mcpu=cortex-m3 -mthumb -D__REDLIB__ -specs=redlib.specs -MMD -MP -MF"src/MAIN/main.d" -MT"src/MAIN/main.o" -MT"src/MAIN/main.d" -o "src/MAIN/main.o" "../src/MAIN/main.c"
../src/MAIN/main.c: In function 'main':
../src/MAIN/main.c:69:15: error: expected expression before '%' token
   myPrintfUSB(%d+"\n",state);
               ^
../src/MAIN/main.c:66:6: warning: variable 'state' set but not used [-Wunused-but-set-variable]
  int state;
      ^
../src/MAIN/main.c:65:15: warning: unused variable 'i' [-Wunused-variable]
  unsigned int i;
               ^
make: *** [src/MAIN/main.o] Error 1
11:44:19 **** Incremental Build of configuration Debug for project CMSISv1p30_LPC13xx ****
make -r all 
make: Nothing to be done for `all'.
11:44:20 **** Incremental Build of configuration Debug for project RT-USB-THP-sample ****
make -r all 
Building file: ../src/MAIN/main.c
Invoking: MCU C Compiler
arm-none-eabi-gcc -DDEBUG -D__CODE_RED -DCORE_M3 -D__USE_CMSIS=CMSISv1p30_LPC13xx -D__LPC13XX__ -D__REDLIB__ -I"/Users/nakagawayuki/git/RT-USB-PYROELECTRIC/LPCXpresso/workspace_THP/CMSISv1p30_LPC13xx/inc" -I"/Users/nakagawayuki/git/RT-USB-PYROELECTRIC/LPCXpresso/workspace_THP/RT-USB-THP-sample/inc/PERIPHERAL" -I"/Users/nakagawayuki/git/RT-USB-PYROELECTRIC/LPCXpresso/workspace_THP/RT-USB-THP-sample/inc/USB" -I"/Users/nakagawayuki/git/RT-USB-PYROELECTRIC/LPCXpresso/workspace_THP/RT-USB-THP-sample/inc/OTHER" -I"/Users/nakagawayuki/git/RT-USB-PYROELECTRIC/LPCXpresso/workspace_THP/RT-USB-THP-sample/inc/MAIN" -Og -g3 -Wall -c -fmessage-length=0 -fno-builtin -ffunction-sections -fdata-sections -mcpu=cortex-m3 -mthumb -D__REDLIB__ -specs=redlib.specs -MMD -MP -MF"src/MAIN/main.d" -MT"src/MAIN/main.o" -MT"src/MAIN/main.d" -o "src/MAIN/main.o" "../src/MAIN/main.c"
../src/MAIN/main.c: In function 'main':
../src/MAIN/main.c:69:15: error: expected expression before '%' token
   myPrintfUSB(%d+"\n",state);
               ^
../src/MAIN/main.c:66:6: warning: unused variable 'state' [-Wunused-variable]
  int state;
      ^
../src/MAIN/main.c:65:15: warning: unused variable 'i' [-Wunused-variable]
  unsigned int i;
               ^
make: *** [src/MAIN/main.o] Error 1
11:44:26 **** Incremental Build of configuration Debug for project CMSISv1p30_LPC13xx ****
make -r all 
make: Nothing to be done for `all'.
11:44:26 **** Incremental Build of configuration Debug for project RT-USB-THP-sample ****
make -r all 
Building file: ../src/MAIN/main.c
Invoking: MCU C Compiler
arm-none-eabi-gcc -DDEBUG -D__CODE_RED -DCORE_M3 -D__USE_CMSIS=CMSISv1p30_LPC13xx -D__LPC13XX__ -D__REDLIB__ -I"/Users/nakagawayuki/git/RT-USB-PYROELECTRIC/LPCXpresso/workspace_THP/CMSISv1p30_LPC13xx/inc" -I"/Users/nakagawayuki/git/RT-USB-PYROELECTRIC/LPCXpresso/workspace_THP/RT-USB-THP-sample/inc/PERIPHERAL" -I"/Users/nakagawayuki/git/RT-USB-PYROELECTRIC/LPCXpresso/workspace_THP/RT-USB-THP-sample/inc/USB" -I"/Users/nakagawayuki/git/RT-USB-PYROELECTRIC/LPCXpresso/workspace_THP/RT-USB-THP-sample/inc/OTHER" -I"/Users/nakagawayuki/git/RT-USB-PYROELECTRIC/LPCXpresso/workspace_THP/RT-USB-THP-sample/inc/MAIN" -Og -g3 -Wall -c -fmessage-length=0 -fno-builtin -ffunction-sections -fdata-sections -mcpu=cortex-m3 -mthumb -D__REDLIB__ -specs=redlib.specs -MMD -MP -MF"src/MAIN/main.d" -MT"src/MAIN/main.o" -MT"src/MAIN/main.d" -o "src/MAIN/main.o" "../src/MAIN/main.c"
../src/MAIN/main.c: In function 'main':
../src/MAIN/main.c:69:15: error: expected expression before '%' token
   myPrintfUSB(%d+"\n",state);
               ^
../src/MAIN/main.c:66:6: warning: unused variable 'state' [-Wunused-variable]
  int state = 1;
      ^
../src/MAIN/main.c:65:15: warning: unused variable 'i' [-Wunused-variable]
  unsigned int i;
               ^
make: *** [src/MAIN/main.o] Error 1
11:44:37 **** Incremental Build of configuration Debug for project CMSISv1p30_LPC13xx ****
make -r all 
make: Nothing to be done for `all'.
11:44:38 **** Incremental Build of configuration Debug for project RT-USB-THP-sample ****
make -r all 
Building file: ../src/MAIN/main.c
Invoking: MCU C Compiler
arm-none-eabi-gcc -DDEBUG -D__CODE_RED -DCORE_M3 -D__USE_CMSIS=CMSISv1p30_LPC13xx -D__LPC13XX__ -D__REDLIB__ -I"/Users/nakagawayuki/git/RT-USB-PYROELECTRIC/LPCXpresso/workspace_THP/CMSISv1p30_LPC13xx/inc" -I"/Users/nakagawayuki/git/RT-USB-PYROELECTRIC/LPCXpresso/workspace_THP/RT-USB-THP-sample/inc/PERIPHERAL" -I"/Users/nakagawayuki/git/RT-USB-PYROELECTRIC/LPCXpresso/workspace_THP/RT-USB-THP-sample/inc/USB" -I"/Users/nakagawayuki/git/RT-USB-PYROELECTRIC/LPCXpresso/workspace_THP/RT-USB-THP-sample/inc/OTHER" -I"/Users/nakagawayuki/git/RT-USB-PYROELECTRIC/LPCXpresso/workspace_THP/RT-USB-THP-sample/inc/MAIN" -Og -g3 -Wall -c -fmessage-length=0 -fno-builtin -ffunction-sections -fdata-sections -mcpu=cortex-m3 -mthumb -D__REDLIB__ -specs=redlib.specs -MMD -MP -MF"src/MAIN/main.d" -MT"src/MAIN/main.o" -MT"src/MAIN/main.d" -o "src/MAIN/main.o" "../src/MAIN/main.c"
../src/MAIN/main.c: In function 'main':
../src/MAIN/main.c:69:15: error: expected expression before '%' token
   myPrintfUSB(%d+"\n",state);
               ^
../src/MAIN/main.c:66:6: warning: unused variable 'state' [-Wunused-variable]
  int state = 1;
      ^
make: *** [src/MAIN/main.o] Error 1
11:44:48 **** Incremental Build of configuration Debug for project CMSISv1p30_LPC13xx ****
make -r all 
make: Nothing to be done for `all'.
11:44:48 **** Incremental Build of configuration Debug for project RT-USB-THP-sample ****
make -r all 
Building file: ../src/MAIN/main.c
Invoking: MCU C Compiler
arm-none-eabi-gcc -DDEBUG -D__CODE_RED -DCORE_M3 -D__USE_CMSIS=CMSISv1p30_LPC13xx -D__LPC13XX__ -D__REDLIB__ -I"/Users/nakagawayuki/git/RT-USB-PYROELECTRIC/LPCXpresso/workspace_THP/CMSISv1p30_LPC13xx/inc" -I"/Users/nakagawayuki/git/RT-USB-PYROELECTRIC/LPCXpresso/workspace_THP/RT-USB-THP-sample/inc/PERIPHERAL" -I"/Users/nakagawayuki/git/RT-USB-PYROELECTRIC/LPCXpresso/workspace_THP/RT-USB-THP-sample/inc/USB" -I"/Users/nakagawayuki/git/RT-USB-PYROELECTRIC/LPCXpresso/workspace_THP/RT-USB-THP-sample/inc/OTHER" -I"/Users/nakagawayuki/git/RT-USB-PYROELECTRIC/LPCXpresso/workspace_THP/RT-USB-THP-sample/inc/MAIN" -Og -g3 -Wall -c -fmessage-length=0 -fno-builtin -ffunction-sections -fdata-sections -mcpu=cortex-m3 -mthumb -D__REDLIB__ -specs=redlib.specs -MMD -MP -MF"src/MAIN/main.d" -MT"src/MAIN/main.o" -MT"src/MAIN/main.d" -o "src/MAIN/main.o" "../src/MAIN/main.c"
../src/MAIN/main.c: In function 'main':
../src/MAIN/main.c:69:15: error: expected expression before '%' token
   myPrintfUSB(%d+"\n",test);
               ^
../src/MAIN/main.c:66:6: warning: unused variable 'test' [-Wunused-variable]
  int test = 1;
      ^
make: *** [src/MAIN/main.o] Error 1
11:45:36 **** Incremental Build of configuration Debug for project CMSISv1p30_LPC13xx ****
make -r all 
make: Nothing to be done for `all'.
11:45:37 **** Incremental Build of configuration Debug for project RT-USB-THP-sample ****
make -r all 
Building file: ../src/MAIN/main.c
Invoking: MCU C Compiler
arm-none-eabi-gcc -DDEBUG -D__CODE_RED -DCORE_M3 -D__USE_CMSIS=CMSISv1p30_LPC13xx -D__LPC13XX__ -D__REDLIB__ -I"/Users/nakagawayuki/git/RT-USB-PYROELECTRIC/LPCXpresso/workspace_THP/CMSISv1p30_LPC13xx/inc" -I"/Users/nakagawayuki/git/RT-USB-PYROELECTRIC/LPCXpresso/workspace_THP/RT-USB-THP-sample/inc/PERIPHERAL" -I"/Users/nakagawayuki/git/RT-USB-PYROELECTRIC/LPCXpresso/workspace_THP/RT-USB-THP-sample/inc/USB" -I"/Users/nakagawayuki/git/RT-USB-PYROELECTRIC/LPCXpresso/workspace_THP/RT-USB-THP-sample/inc/OTHER" -I"/Users/nakagawayuki/git/RT-USB-PYROELECTRIC/LPCXpresso/workspace_THP/RT-USB-THP-sample/inc/MAIN" -Og -g3 -Wall -c -fmessage-length=0 -fno-builtin -ffunction-sections -fdata-sections -mcpu=cortex-m3 -mthumb -D__REDLIB__ -specs=redlib.specs -MMD -MP -MF"src/MAIN/main.d" -MT"src/MAIN/main.o" -MT"src/MAIN/main.d" -o "src/MAIN/main.o" "../src/MAIN/main.c"
Finished building: ../src/MAIN/main.c
 
Building target: RT-USB-THP-sample.axf
Invoking: MCU Linker
arm-none-eabi-gcc -nostdlib -L"/Users/nakagawayuki/git/RT-USB-PYROELECTRIC/LPCXpresso/workspace_THP/CMSISv1p30_LPC13xx/Debug" -Xlinker -Map="RT-USB-THP-sample.map" -Xlinker --gc-sections -mcpu=cortex-m3 -mthumb -T "RT-BLUETOOTH-9AXIS-sample_Debug.ld" -o "RT-USB-THP-sample.axf"  ./src/USB/cdcuser.o ./src/USB/usbcore.o ./src/USB/usbdesc.o ./src/USB/usbhw.o ./src/USB/usbuser.o  ./src/PERIPHERAL/SystemTickTimer.o ./src/PERIPHERAL/debug.o ./src/PERIPHERAL/gpio.o ./src/PERIPHERAL/i2c.o ./src/PERIPHERAL/io.o ./src/PERIPHERAL/timer.o ./src/PERIPHERAL/uart.o ./src/PERIPHERAL/usbTransmission.o  ./src/OTHER/cr_startup_lpc13xx.o ./src/OTHER/crp.o ./src/OTHER/serial.o  ./src/MAIN/MainFunction.o ./src/MAIN/UserInterface.o ./src/MAIN/bme280.o ./src/MAIN/main.o   -lCMSISv1p30_LPC13xx
Finished building target: RT-USB-THP-sample.axf
 
make --no-print-directory post-build
Performing post-build steps
arm-none-eabi-size "RT-USB-THP-sample.axf" ; arm-none-eabi-objcopy -v -O binary "RT-USB-THP-sample.axf" "RT-USB-THP-sample.bin" ; checksum -p LPC1343 -d "RT-USB-THP-sample.bin"
   text	   data	    bss	    dec	    hex	filename
  20992	     20	   1564	  22576	   5830	RT-USB-THP-sample.axf
copy from `RT-USB-THP-sample.axf' [elf32-littlearm] to `RT-USB-THP-sample.bin' [binary]
Written checksum 0xefffd812 at offset 0x1c in file RT-USB-THP-sample.bin
Previous value 0x00000000 at offset 0x1c in file RT-USB-THP-sample.bin
 
11:47:16 **** Incremental Build of configuration Debug for project CMSISv1p30_LPC13xx ****
make -r all 
make: Nothing to be done for `all'.
11:47:16 **** Incremental Build of configuration Debug for project RT-USB-THP-sample ****
make -r all 
Building file: ../src/MAIN/main.c
Invoking: MCU C Compiler
arm-none-eabi-gcc -DDEBUG -D__CODE_RED -DCORE_M3 -D__USE_CMSIS=CMSISv1p30_LPC13xx -D__LPC13XX__ -D__REDLIB__ -I"/Users/nakagawayuki/git/RT-USB-PYROELECTRIC/LPCXpresso/workspace_THP/CMSISv1p30_LPC13xx/inc" -I"/Users/nakagawayuki/git/RT-USB-PYROELECTRIC/LPCXpresso/workspace_THP/RT-USB-THP-sample/inc/PERIPHERAL" -I"/Users/nakagawayuki/git/RT-USB-PYROELECTRIC/LPCXpresso/workspace_THP/RT-USB-THP-sample/inc/USB" -I"/Users/nakagawayuki/git/RT-USB-PYROELECTRIC/LPCXpresso/workspace_THP/RT-USB-THP-sample/inc/OTHER" -I"/Users/nakagawayuki/git/RT-USB-PYROELECTRIC/LPCXpresso/workspace_THP/RT-USB-THP-sample/inc/MAIN" -Og -g3 -Wall -c -fmessage-length=0 -fno-builtin -ffunction-sections -fdata-sections -mcpu=cortex-m3 -mthumb -D__REDLIB__ -specs=redlib.specs -MMD -MP -MF"src/MAIN/main.d" -MT"src/MAIN/main.o" -MT"src/MAIN/main.d" -o "src/MAIN/main.o" "../src/MAIN/main.c"
Finished building: ../src/MAIN/main.c
 
Building target: RT-USB-THP-sample.axf
Invoking: MCU Linker
arm-none-eabi-gcc -nostdlib -L"/Users/nakagawayuki/git/RT-USB-PYROELECTRIC/LPCXpresso/workspace_THP/CMSISv1p30_LPC13xx/Debug" -Xlinker -Map="RT-USB-THP-sample.map" -Xlinker --gc-sections -mcpu=cortex-m3 -mthumb -T "RT-BLUETOOTH-9AXIS-sample_Debug.ld" -o "RT-USB-THP-sample.axf"  ./src/USB/cdcuser.o ./src/USB/usbcore.o ./src/USB/usbdesc.o ./src/USB/usbhw.o ./src/USB/usbuser.o  ./src/PERIPHERAL/SystemTickTimer.o ./src/PERIPHERAL/debug.o ./src/PERIPHERAL/gpio.o ./src/PERIPHERAL/i2c.o ./src/PERIPHERAL/io.o ./src/PERIPHERAL/timer.o ./src/PERIPHERAL/uart.o ./src/PERIPHERAL/usbTransmission.o  ./src/OTHER/cr_startup_lpc13xx.o ./src/OTHER/crp.o ./src/OTHER/serial.o  ./src/MAIN/MainFunction.o ./src/MAIN/UserInterface.o ./src/MAIN/bme280.o ./src/MAIN/main.o   -lCMSISv1p30_LPC13xx
Finished building target: RT-USB-THP-sample.axf
 
make --no-print-directory post-build
Performing post-build steps
arm-none-eabi-size "RT-USB-THP-sample.axf" ; arm-none-eabi-objcopy -v -O binary "RT-USB-THP-sample.axf" "RT-USB-THP-sample.bin" ; checksum -p LPC1343 -d "RT-USB-THP-sample.bin"
   text	   data	    bss	    dec	    hex	filename
  21000	     20	   1564	  22584	   5838	RT-USB-THP-sample.axf
copy from `RT-USB-THP-sample.axf' [elf32-littlearm] to `RT-USB-THP-sample.bin' [binary]
Written checksum 0xefffd812 at offset 0x1c in file RT-USB-THP-sample.bin
Previous value 0x00000000 at offset 0x1c in file RT-USB-THP-sample.bin
 
11:48:12 **** Incremental Build of configuration Debug for project CMSISv1p30_LPC13xx ****
make -r all 
make: Nothing to be done for `all'.
11:48:12 **** Incremental Build of configuration Debug for project RT-USB-THP-sample ****
make -r all 
Building file: ../src/MAIN/main.c
Invoking: MCU C Compiler
arm-none-eabi-gcc -DDEBUG -D__CODE_RED -DCORE_M3 -D__USE_CMSIS=CMSISv1p30_LPC13xx -D__LPC13XX__ -D__REDLIB__ -I"/Users/nakagawayuki/git/RT-USB-PYROELECTRIC/LPCXpresso/workspace_THP/CMSISv1p30_LPC13xx/inc" -I"/Users/nakagawayuki/git/RT-USB-PYROELECTRIC/LPCXpresso/workspace_THP/RT-USB-THP-sample/inc/PERIPHERAL" -I"/Users/nakagawayuki/git/RT-USB-PYROELECTRIC/LPCXpresso/workspace_THP/RT-USB-THP-sample/inc/USB" -I"/Users/nakagawayuki/git/RT-USB-PYROELECTRIC/LPCXpresso/workspace_THP/RT-USB-THP-sample/inc/OTHER" -I"/Users/nakagawayuki/git/RT-USB-PYROELECTRIC/LPCXpresso/workspace_THP/RT-USB-THP-sample/inc/MAIN" -Og -g3 -Wall -c -fmessage-length=0 -fno-builtin -ffunction-sections -fdata-sections -mcpu=cortex-m3 -mthumb -D__REDLIB__ -specs=redlib.specs -MMD -MP -MF"src/MAIN/main.d" -MT"src/MAIN/main.o" -MT"src/MAIN/main.d" -o "src/MAIN/main.o" "../src/MAIN/main.c"
Finished building: ../src/MAIN/main.c
 
Building target: RT-USB-THP-sample.axf
Invoking: MCU Linker
arm-none-eabi-gcc -nostdlib -L"/Users/nakagawayuki/git/RT-USB-PYROELECTRIC/LPCXpresso/workspace_THP/CMSISv1p30_LPC13xx/Debug" -Xlinker -Map="RT-USB-THP-sample.map" -Xlinker --gc-sections -mcpu=cortex-m3 -mthumb -T "RT-BLUETOOTH-9AXIS-sample_Debug.ld" -o "RT-USB-THP-sample.axf"  ./src/USB/cdcuser.o ./src/USB/usbcore.o ./src/USB/usbdesc.o ./src/USB/usbhw.o ./src/USB/usbuser.o  ./src/PERIPHERAL/SystemTickTimer.o ./src/PERIPHERAL/debug.o ./src/PERIPHERAL/gpio.o ./src/PERIPHERAL/i2c.o ./src/PERIPHERAL/io.o ./src/PERIPHERAL/timer.o ./src/PERIPHERAL/uart.o ./src/PERIPHERAL/usbTransmission.o  ./src/OTHER/cr_startup_lpc13xx.o ./src/OTHER/crp.o ./src/OTHER/serial.o  ./src/MAIN/MainFunction.o ./src/MAIN/UserInterface.o ./src/MAIN/bme280.o ./src/MAIN/main.o   -lCMSISv1p30_LPC13xx
Finished building target: RT-USB-THP-sample.axf
 
make --no-print-directory post-build
Performing post-build steps
arm-none-eabi-size "RT-USB-THP-sample.axf" ; arm-none-eabi-objcopy -v -O binary "RT-USB-THP-sample.axf" "RT-USB-THP-sample.bin" ; checksum -p LPC1343 -d "RT-USB-THP-sample.bin"
   text	   data	    bss	    dec	    hex	filename
  21008	     20	   1564	  22592	   5840	RT-USB-THP-sample.axf
copy from `RT-USB-THP-sample.axf' [elf32-littlearm] to `RT-USB-THP-sample.bin' [binary]
Written checksum 0xefffd812 at offset 0x1c in file RT-USB-THP-sample.bin
Previous value 0x00000000 at offset 0x1c in file RT-USB-THP-sample.bin
 
11:48:52 **** Incremental Build of configuration Debug for project CMSISv1p30_LPC13xx ****
make -r all 
make: Nothing to be done for `all'.
11:48:53 **** Incremental Build of configuration Debug for project RT-USB-THP-sample ****
make -r all 
Building file: ../src/MAIN/main.c
Invoking: MCU C Compiler
arm-none-eabi-gcc -DDEBUG -D__CODE_RED -DCORE_M3 -D__USE_CMSIS=CMSISv1p30_LPC13xx -D__LPC13XX__ -D__REDLIB__ -I"/Users/nakagawayuki/git/RT-USB-PYROELECTRIC/LPCXpresso/workspace_THP/CMSISv1p30_LPC13xx/inc" -I"/Users/nakagawayuki/git/RT-USB-PYROELECTRIC/LPCXpresso/workspace_THP/RT-USB-THP-sample/inc/PERIPHERAL" -I"/Users/nakagawayuki/git/RT-USB-PYROELECTRIC/LPCXpresso/workspace_THP/RT-USB-THP-sample/inc/USB" -I"/Users/nakagawayuki/git/RT-USB-PYROELECTRIC/LPCXpresso/workspace_THP/RT-USB-THP-sample/inc/OTHER" -I"/Users/nakagawayuki/git/RT-USB-PYROELECTRIC/LPCXpresso/workspace_THP/RT-USB-THP-sample/inc/MAIN" -Og -g3 -Wall -c -fmessage-length=0 -fno-builtin -ffunction-sections -fdata-sections -mcpu=cortex-m3 -mthumb -D__REDLIB__ -specs=redlib.specs -MMD -MP -MF"src/MAIN/main.d" -MT"src/MAIN/main.o" -MT"src/MAIN/main.d" -o "src/MAIN/main.o" "../src/MAIN/main.c"
../src/MAIN/main.c: In function 'main':
../src/MAIN/main.c:66:6: warning: unused variable 'test' [-Wunused-variable]
  int test = 1;
      ^
Finished building: ../src/MAIN/main.c
 
Building target: RT-USB-THP-sample.axf
Invoking: MCU Linker
arm-none-eabi-gcc -nostdlib -L"/Users/nakagawayuki/git/RT-USB-PYROELECTRIC/LPCXpresso/workspace_THP/CMSISv1p30_LPC13xx/Debug" -Xlinker -Map="RT-USB-THP-sample.map" -Xlinker --gc-sections -mcpu=cortex-m3 -mthumb -T "RT-BLUETOOTH-9AXIS-sample_Debug.ld" -o "RT-USB-THP-sample.axf"  ./src/USB/cdcuser.o ./src/USB/usbcore.o ./src/USB/usbdesc.o ./src/USB/usbhw.o ./src/USB/usbuser.o  ./src/PERIPHERAL/SystemTickTimer.o ./src/PERIPHERAL/debug.o ./src/PERIPHERAL/gpio.o ./src/PERIPHERAL/i2c.o ./src/PERIPHERAL/io.o ./src/PERIPHERAL/timer.o ./src/PERIPHERAL/uart.o ./src/PERIPHERAL/usbTransmission.o  ./src/OTHER/cr_startup_lpc13xx.o ./src/OTHER/crp.o ./src/OTHER/serial.o  ./src/MAIN/MainFunction.o ./src/MAIN/UserInterface.o ./src/MAIN/bme280.o ./src/MAIN/main.o   -lCMSISv1p30_LPC13xx
Finished building target: RT-USB-THP-sample.axf
 
make --no-print-directory post-build
Performing post-build steps
arm-none-eabi-size "RT-USB-THP-sample.axf" ; arm-none-eabi-objcopy -v -O binary "RT-USB-THP-sample.axf" "RT-USB-THP-sample.bin" ; checksum -p LPC1343 -d "RT-USB-THP-sample.bin"
   text	   data	    bss	    dec	    hex	filename
  21000	     20	   1564	  22584	   5838	RT-USB-THP-sample.axf
copy from `RT-USB-THP-sample.axf' [elf32-littlearm] to `RT-USB-THP-sample.bin' [binary]
Written checksum 0xefffd812 at offset 0x1c in file RT-USB-THP-sample.bin
Previous value 0x00000000 at offset 0x1c in file RT-USB-THP-sample.bin
 
11:49:44 **** Incremental Build of configuration Debug for project CMSISv1p30_LPC13xx ****
make -r all 
make: Nothing to be done for `all'.
11:49:45 **** Incremental Build of configuration Debug for project RT-USB-THP-sample ****
make -r all 
Building file: ../src/MAIN/main.c
Invoking: MCU C Compiler
arm-none-eabi-gcc -DDEBUG -D__CODE_RED -DCORE_M3 -D__USE_CMSIS=CMSISv1p30_LPC13xx -D__LPC13XX__ -D__REDLIB__ -I"/Users/nakagawayuki/git/RT-USB-PYROELECTRIC/LPCXpresso/workspace_THP/CMSISv1p30_LPC13xx/inc" -I"/Users/nakagawayuki/git/RT-USB-PYROELECTRIC/LPCXpresso/workspace_THP/RT-USB-THP-sample/inc/PERIPHERAL" -I"/Users/nakagawayuki/git/RT-USB-PYROELECTRIC/LPCXpresso/workspace_THP/RT-USB-THP-sample/inc/USB" -I"/Users/nakagawayuki/git/RT-USB-PYROELECTRIC/LPCXpresso/workspace_THP/RT-USB-THP-sample/inc/OTHER" -I"/Users/nakagawayuki/git/RT-USB-PYROELECTRIC/LPCXpresso/workspace_THP/RT-USB-THP-sample/inc/MAIN" -Og -g3 -Wall -c -fmessage-length=0 -fno-builtin -ffunction-sections -fdata-sections -mcpu=cortex-m3 -mthumb -D__REDLIB__ -specs=redlib.specs -MMD -MP -MF"src/MAIN/main.d" -MT"src/MAIN/main.o" -MT"src/MAIN/main.d" -o "src/MAIN/main.o" "../src/MAIN/main.c"
../src/MAIN/main.c: In function 'main':
../src/MAIN/main.c:69:15: warning: passing argument 1 of 'myPrintfUSB' makes pointer from integer without a cast
   myPrintfUSB(test,"test \n");
               ^
In file included from ../src/MAIN/main.c:13:0:
/Users/nakagawayuki/git/RT-USB-PYROELECTRIC/LPCXpresso/workspace_THP/RT-USB-THP-sample/inc/PERIPHERAL/debug.h:10:5: note: expected 'const char *' but argument is of type 'int'
 int myPrintfUSB( const char *fmt, ...);
     ^
Finished building: ../src/MAIN/main.c
 
Building target: RT-USB-THP-sample.axf
Invoking: MCU Linker
arm-none-eabi-gcc -nostdlib -L"/Users/nakagawayuki/git/RT-USB-PYROELECTRIC/LPCXpresso/workspace_THP/CMSISv1p30_LPC13xx/Debug" -Xlinker -Map="RT-USB-THP-sample.map" -Xlinker --gc-sections -mcpu=cortex-m3 -mthumb -T "RT-BLUETOOTH-9AXIS-sample_Debug.ld" -o "RT-USB-THP-sample.axf"  ./src/USB/cdcuser.o ./src/USB/usbcore.o ./src/USB/usbdesc.o ./src/USB/usbhw.o ./src/USB/usbuser.o  ./src/PERIPHERAL/SystemTickTimer.o ./src/PERIPHERAL/debug.o ./src/PERIPHERAL/gpio.o ./src/PERIPHERAL/i2c.o ./src/PERIPHERAL/io.o ./src/PERIPHERAL/timer.o ./src/PERIPHERAL/uart.o ./src/PERIPHERAL/usbTransmission.o  ./src/OTHER/cr_startup_lpc13xx.o ./src/OTHER/crp.o ./src/OTHER/serial.o  ./src/MAIN/MainFunction.o ./src/MAIN/UserInterface.o ./src/MAIN/bme280.o ./src/MAIN/main.o   -lCMSISv1p30_LPC13xx
Finished building target: RT-USB-THP-sample.axf
 
make --no-print-directory post-build
Performing post-build steps
arm-none-eabi-size "RT-USB-THP-sample.axf" ; arm-none-eabi-objcopy -v -O binary "RT-USB-THP-sample.axf" "RT-USB-THP-sample.bin" ; checksum -p LPC1343 -d "RT-USB-THP-sample.bin"
   text	   data	    bss	    dec	    hex	filename
  21000	     20	   1564	  22584	   5838	RT-USB-THP-sample.axf
copy from `RT-USB-THP-sample.axf' [elf32-littlearm] to `RT-USB-THP-sample.bin' [binary]
Written checksum 0xefffd812 at offset 0x1c in file RT-USB-THP-sample.bin
Previous value 0x00000000 at offset 0x1c in file RT-USB-THP-sample.bin
 
11:50:27 **** Incremental Build of configuration Debug for project CMSISv1p30_LPC13xx ****
make -r all 
make: Nothing to be done for `all'.
11:50:28 **** Incremental Build of configuration Debug for project RT-USB-THP-sample ****
make -r all 
Building file: ../src/MAIN/main.c
Invoking: MCU C Compiler
arm-none-eabi-gcc -DDEBUG -D__CODE_RED -DCORE_M3 -D__USE_CMSIS=CMSISv1p30_LPC13xx -D__LPC13XX__ -D__REDLIB__ -I"/Users/nakagawayuki/git/RT-USB-PYROELECTRIC/LPCXpresso/workspace_THP/CMSISv1p30_LPC13xx/inc" -I"/Users/nakagawayuki/git/RT-USB-PYROELECTRIC/LPCXpresso/workspace_THP/RT-USB-THP-sample/inc/PERIPHERAL" -I"/Users/nakagawayuki/git/RT-USB-PYROELECTRIC/LPCXpresso/workspace_THP/RT-USB-THP-sample/inc/USB" -I"/Users/nakagawayuki/git/RT-USB-PYROELECTRIC/LPCXpresso/workspace_THP/RT-USB-THP-sample/inc/OTHER" -I"/Users/nakagawayuki/git/RT-USB-PYROELECTRIC/LPCXpresso/workspace_THP/RT-USB-THP-sample/inc/MAIN" -Og -g3 -Wall -c -fmessage-length=0 -fno-builtin -ffunction-sections -fdata-sections -mcpu=cortex-m3 -mthumb -D__REDLIB__ -specs=redlib.specs -MMD -MP -MF"src/MAIN/main.d" -MT"src/MAIN/main.o" -MT"src/MAIN/main.d" -o "src/MAIN/main.o" "../src/MAIN/main.c"
Finished building: ../src/MAIN/main.c
 
Building target: RT-USB-THP-sample.axf
Invoking: MCU Linker
arm-none-eabi-gcc -nostdlib -L"/Users/nakagawayuki/git/RT-USB-PYROELECTRIC/LPCXpresso/workspace_THP/CMSISv1p30_LPC13xx/Debug" -Xlinker -Map="RT-USB-THP-sample.map" -Xlinker --gc-sections -mcpu=cortex-m3 -mthumb -T "RT-BLUETOOTH-9AXIS-sample_Debug.ld" -o "RT-USB-THP-sample.axf"  ./src/USB/cdcuser.o ./src/USB/usbcore.o ./src/USB/usbdesc.o ./src/USB/usbhw.o ./src/USB/usbuser.o  ./src/PERIPHERAL/SystemTickTimer.o ./src/PERIPHERAL/debug.o ./src/PERIPHERAL/gpio.o ./src/PERIPHERAL/i2c.o ./src/PERIPHERAL/io.o ./src/PERIPHERAL/timer.o ./src/PERIPHERAL/uart.o ./src/PERIPHERAL/usbTransmission.o  ./src/OTHER/cr_startup_lpc13xx.o ./src/OTHER/crp.o ./src/OTHER/serial.o  ./src/MAIN/MainFunction.o ./src/MAIN/UserInterface.o ./src/MAIN/bme280.o ./src/MAIN/main.o   -lCMSISv1p30_LPC13xx
Finished building target: RT-USB-THP-sample.axf
 
make --no-print-directory post-build
Performing post-build steps
arm-none-eabi-size "RT-USB-THP-sample.axf" ; arm-none-eabi-objcopy -v -O binary "RT-USB-THP-sample.axf" "RT-USB-THP-sample.bin" ; checksum -p LPC1343 -d "RT-USB-THP-sample.bin"
   text	   data	    bss	    dec	    hex	filename
  20992	     20	   1564	  22576	   5830	RT-USB-THP-sample.axf
copy from `RT-USB-THP-sample.axf' [elf32-littlearm] to `RT-USB-THP-sample.bin' [binary]
Written checksum 0xefffd812 at offset 0x1c in file RT-USB-THP-sample.bin
Previous value 0x00000000 at offset 0x1c in file RT-USB-THP-sample.bin
 
11:51:16 **** Incremental Build of configuration Debug for project CMSISv1p30_LPC13xx ****
make -r all 
make: Nothing to be done for `all'.
11:51:17 **** Incremental Build of configuration Debug for project RT-USB-THP-sample ****
make -r all 
Building file: ../src/MAIN/main.c
Invoking: MCU C Compiler
arm-none-eabi-gcc -DDEBUG -D__CODE_RED -DCORE_M3 -D__USE_CMSIS=CMSISv1p30_LPC13xx -D__LPC13XX__ -D__REDLIB__ -I"/Users/nakagawayuki/git/RT-USB-PYROELECTRIC/LPCXpresso/workspace_THP/CMSISv1p30_LPC13xx/inc" -I"/Users/nakagawayuki/git/RT-USB-PYROELECTRIC/LPCXpresso/workspace_THP/RT-USB-THP-sample/inc/PERIPHERAL" -I"/Users/nakagawayuki/git/RT-USB-PYROELECTRIC/LPCXpresso/workspace_THP/RT-USB-THP-sample/inc/USB" -I"/Users/nakagawayuki/git/RT-USB-PYROELECTRIC/LPCXpresso/workspace_THP/RT-USB-THP-sample/inc/OTHER" -I"/Users/nakagawayuki/git/RT-USB-PYROELECTRIC/LPCXpresso/workspace_THP/RT-USB-THP-sample/inc/MAIN" -Og -g3 -Wall -c -fmessage-length=0 -fno-builtin -ffunction-sections -fdata-sections -mcpu=cortex-m3 -mthumb -D__REDLIB__ -specs=redlib.specs -MMD -MP -MF"src/MAIN/main.d" -MT"src/MAIN/main.o" -MT"src/MAIN/main.d" -o "src/MAIN/main.o" "../src/MAIN/main.c"
../src/MAIN/main.c: In function 'main':
../src/MAIN/main.c:69:15: error: expected expression before '%' token
   myPrintfUSB(%d+"\n",test);
               ^
../src/MAIN/main.c:66:6: warning: unused variable 'test' [-Wunused-variable]
  int test = 1;
      ^
make: *** [src/MAIN/main.o] Error 1
11:51:30 **** Incremental Build of configuration Debug for project CMSISv1p30_LPC13xx ****
make -r all 
make: Nothing to be done for `all'.
11:51:30 **** Incremental Build of configuration Debug for project RT-USB-THP-sample ****
make -r all 
Building file: ../src/MAIN/main.c
Invoking: MCU C Compiler
arm-none-eabi-gcc -DDEBUG -D__CODE_RED -DCORE_M3 -D__USE_CMSIS=CMSISv1p30_LPC13xx -D__LPC13XX__ -D__REDLIB__ -I"/Users/nakagawayuki/git/RT-USB-PYROELECTRIC/LPCXpresso/workspace_THP/CMSISv1p30_LPC13xx/inc" -I"/Users/nakagawayuki/git/RT-USB-PYROELECTRIC/LPCXpresso/workspace_THP/RT-USB-THP-sample/inc/PERIPHERAL" -I"/Users/nakagawayuki/git/RT-USB-PYROELECTRIC/LPCXpresso/workspace_THP/RT-USB-THP-sample/inc/USB" -I"/Users/nakagawayuki/git/RT-USB-PYROELECTRIC/LPCXpresso/workspace_THP/RT-USB-THP-sample/inc/OTHER" -I"/Users/nakagawayuki/git/RT-USB-PYROELECTRIC/LPCXpresso/workspace_THP/RT-USB-THP-sample/inc/MAIN" -Og -g3 -Wall -c -fmessage-length=0 -fno-builtin -ffunction-sections -fdata-sections -mcpu=cortex-m3 -mthumb -D__REDLIB__ -specs=redlib.specs -MMD -MP -MF"src/MAIN/main.d" -MT"src/MAIN/main.o" -MT"src/MAIN/main.d" -o "src/MAIN/main.o" "../src/MAIN/main.c"
../src/MAIN/main.c: In function 'main':
../src/MAIN/main.c:69:15: warning: passing argument 1 of 'myPrintfUSB' makes pointer from integer without a cast
   myPrintfUSB(test);
               ^
In file included from ../src/MAIN/main.c:13:0:
/Users/nakagawayuki/git/RT-USB-PYROELECTRIC/LPCXpresso/workspace_THP/RT-USB-THP-sample/inc/PERIPHERAL/debug.h:10:5: note: expected 'const char *' but argument is of type 'int'
 int myPrintfUSB( const char *fmt, ...);
     ^
Finished building: ../src/MAIN/main.c
 
Building target: RT-USB-THP-sample.axf
Invoking: MCU Linker
arm-none-eabi-gcc -nostdlib -L"/Users/nakagawayuki/git/RT-USB-PYROELECTRIC/LPCXpresso/workspace_THP/CMSISv1p30_LPC13xx/Debug" -Xlinker -Map="RT-USB-THP-sample.map" -Xlinker --gc-sections -mcpu=cortex-m3 -mthumb -T "RT-BLUETOOTH-9AXIS-sample_Debug.ld" -o "RT-USB-THP-sample.axf"  ./src/USB/cdcuser.o ./src/USB/usbcore.o ./src/USB/usbdesc.o ./src/USB/usbhw.o ./src/USB/usbuser.o  ./src/PERIPHERAL/SystemTickTimer.o ./src/PERIPHERAL/debug.o ./src/PERIPHERAL/gpio.o ./src/PERIPHERAL/i2c.o ./src/PERIPHERAL/io.o ./src/PERIPHERAL/timer.o ./src/PERIPHERAL/uart.o ./src/PERIPHERAL/usbTransmission.o  ./src/OTHER/cr_startup_lpc13xx.o ./src/OTHER/crp.o ./src/OTHER/serial.o  ./src/MAIN/MainFunction.o ./src/MAIN/UserInterface.o ./src/MAIN/bme280.o ./src/MAIN/main.o   -lCMSISv1p30_LPC13xx
Finished building target: RT-USB-THP-sample.axf
 
make --no-print-directory post-build
Performing post-build steps
arm-none-eabi-size "RT-USB-THP-sample.axf" ; arm-none-eabi-objcopy -v -O binary "RT-USB-THP-sample.axf" "RT-USB-THP-sample.bin" ; checksum -p LPC1343 -d "RT-USB-THP-sample.bin"
   text	   data	    bss	    dec	    hex	filename
  20984	     20	   1564	  22568	   5828	RT-USB-THP-sample.axf
copy from `RT-USB-THP-sample.axf' [elf32-littlearm] to `RT-USB-THP-sample.bin' [binary]
Written checksum 0xefffd812 at offset 0x1c in file RT-USB-THP-sample.bin
Previous value 0x00000000 at offset 0x1c in file RT-USB-THP-sample.bin
 
11:52:38 **** Incremental Build of configuration Debug for project CMSISv1p30_LPC13xx ****
make -r all 
make: Nothing to be done for `all'.
11:52:39 **** Incremental Build of configuration Debug for project RT-USB-THP-sample ****
make -r all 
Building file: ../src/MAIN/main.c
Invoking: MCU C Compiler
arm-none-eabi-gcc -DDEBUG -D__CODE_RED -DCORE_M3 -D__USE_CMSIS=CMSISv1p30_LPC13xx -D__LPC13XX__ -D__REDLIB__ -I"/Users/nakagawayuki/git/RT-USB-PYROELECTRIC/LPCXpresso/workspace_THP/CMSISv1p30_LPC13xx/inc" -I"/Users/nakagawayuki/git/RT-USB-PYROELECTRIC/LPCXpresso/workspace_THP/RT-USB-THP-sample/inc/PERIPHERAL" -I"/Users/nakagawayuki/git/RT-USB-PYROELECTRIC/LPCXpresso/workspace_THP/RT-USB-THP-sample/inc/USB" -I"/Users/nakagawayuki/git/RT-USB-PYROELECTRIC/LPCXpresso/workspace_THP/RT-USB-THP-sample/inc/OTHER" -I"/Users/nakagawayuki/git/RT-USB-PYROELECTRIC/LPCXpresso/workspace_THP/RT-USB-THP-sample/inc/MAIN" -Og -g3 -Wall -c -fmessage-length=0 -fno-builtin -ffunction-sections -fdata-sections -mcpu=cortex-m3 -mthumb -D__REDLIB__ -specs=redlib.specs -MMD -MP -MF"src/MAIN/main.d" -MT"src/MAIN/main.o" -MT"src/MAIN/main.d" -o "src/MAIN/main.o" "../src/MAIN/main.c"
Finished building: ../src/MAIN/main.c
 
Building target: RT-USB-THP-sample.axf
Invoking: MCU Linker
arm-none-eabi-gcc -nostdlib -L"/Users/nakagawayuki/git/RT-USB-PYROELECTRIC/LPCXpresso/workspace_THP/CMSISv1p30_LPC13xx/Debug" -Xlinker -Map="RT-USB-THP-sample.map" -Xlinker --gc-sections -mcpu=cortex-m3 -mthumb -T "RT-BLUETOOTH-9AXIS-sample_Debug.ld" -o "RT-USB-THP-sample.axf"  ./src/USB/cdcuser.o ./src/USB/usbcore.o ./src/USB/usbdesc.o ./src/USB/usbhw.o ./src/USB/usbuser.o  ./src/PERIPHERAL/SystemTickTimer.o ./src/PERIPHERAL/debug.o ./src/PERIPHERAL/gpio.o ./src/PERIPHERAL/i2c.o ./src/PERIPHERAL/io.o ./src/PERIPHERAL/timer.o ./src/PERIPHERAL/uart.o ./src/PERIPHERAL/usbTransmission.o  ./src/OTHER/cr_startup_lpc13xx.o ./src/OTHER/crp.o ./src/OTHER/serial.o  ./src/MAIN/MainFunction.o ./src/MAIN/UserInterface.o ./src/MAIN/bme280.o ./src/MAIN/main.o   -lCMSISv1p30_LPC13xx
Finished building target: RT-USB-THP-sample.axf
 
make --no-print-directory post-build
Performing post-build steps
arm-none-eabi-size "RT-USB-THP-sample.axf" ; arm-none-eabi-objcopy -v -O binary "RT-USB-THP-sample.axf" "RT-USB-THP-sample.bin" ; checksum -p LPC1343 -d "RT-USB-THP-sample.bin"
   text	   data	    bss	    dec	    hex	filename
  21008	     20	   1564	  22592	   5840	RT-USB-THP-sample.axf
copy from `RT-USB-THP-sample.axf' [elf32-littlearm] to `RT-USB-THP-sample.bin' [binary]
Written checksum 0xefffd812 at offset 0x1c in file RT-USB-THP-sample.bin
Previous value 0x00000000 at offset 0x1c in file RT-USB-THP-sample.bin
 
11:53:10 **** Incremental Build of configuration Debug for project CMSISv1p30_LPC13xx ****
make -r all 
make: Nothing to be done for `all'.
11:53:11 **** Incremental Build of configuration Debug for project RT-USB-THP-sample ****
make -r all 
Building file: ../src/MAIN/main.c
Invoking: MCU C Compiler
arm-none-eabi-gcc -DDEBUG -D__CODE_RED -DCORE_M3 -D__USE_CMSIS=CMSISv1p30_LPC13xx -D__LPC13XX__ -D__REDLIB__ -I"/Users/nakagawayuki/git/RT-USB-PYROELECTRIC/LPCXpresso/workspace_THP/CMSISv1p30_LPC13xx/inc" -I"/Users/nakagawayuki/git/RT-USB-PYROELECTRIC/LPCXpresso/workspace_THP/RT-USB-THP-sample/inc/PERIPHERAL" -I"/Users/nakagawayuki/git/RT-USB-PYROELECTRIC/LPCXpresso/workspace_THP/RT-USB-THP-sample/inc/USB" -I"/Users/nakagawayuki/git/RT-USB-PYROELECTRIC/LPCXpresso/workspace_THP/RT-USB-THP-sample/inc/OTHER" -I"/Users/nakagawayuki/git/RT-USB-PYROELECTRIC/LPCXpresso/workspace_THP/RT-USB-THP-sample/inc/MAIN" -Og -g3 -Wall -c -fmessage-length=0 -fno-builtin -ffunction-sections -fdata-sections -mcpu=cortex-m3 -mthumb -D__REDLIB__ -specs=redlib.specs -MMD -MP -MF"src/MAIN/main.d" -MT"src/MAIN/main.o" -MT"src/MAIN/main.d" -o "src/MAIN/main.o" "../src/MAIN/main.c"
Finished building: ../src/MAIN/main.c
 
Building target: RT-USB-THP-sample.axf
Invoking: MCU Linker
arm-none-eabi-gcc -nostdlib -L"/Users/nakagawayuki/git/RT-USB-PYROELECTRIC/LPCXpresso/workspace_THP/CMSISv1p30_LPC13xx/Debug" -Xlinker -Map="RT-USB-THP-sample.map" -Xlinker --gc-sections -mcpu=cortex-m3 -mthumb -T "RT-BLUETOOTH-9AXIS-sample_Debug.ld" -o "RT-USB-THP-sample.axf"  ./src/USB/cdcuser.o ./src/USB/usbcore.o ./src/USB/usbdesc.o ./src/USB/usbhw.o ./src/USB/usbuser.o  ./src/PERIPHERAL/SystemTickTimer.o ./src/PERIPHERAL/debug.o ./src/PERIPHERAL/gpio.o ./src/PERIPHERAL/i2c.o ./src/PERIPHERAL/io.o ./src/PERIPHERAL/timer.o ./src/PERIPHERAL/uart.o ./src/PERIPHERAL/usbTransmission.o  ./src/OTHER/cr_startup_lpc13xx.o ./src/OTHER/crp.o ./src/OTHER/serial.o  ./src/MAIN/MainFunction.o ./src/MAIN/UserInterface.o ./src/MAIN/bme280.o ./src/MAIN/main.o   -lCMSISv1p30_LPC13xx
Finished building target: RT-USB-THP-sample.axf
 
make --no-print-directory post-build
Performing post-build steps
arm-none-eabi-size "RT-USB-THP-sample.axf" ; arm-none-eabi-objcopy -v -O binary "RT-USB-THP-sample.axf" "RT-USB-THP-sample.bin" ; checksum -p LPC1343 -d "RT-USB-THP-sample.bin"
   text	   data	    bss	    dec	    hex	filename
  21016	     20	   1564	  22600	   5848	RT-USB-THP-sample.axf
copy from `RT-USB-THP-sample.axf' [elf32-littlearm] to `RT-USB-THP-sample.bin' [binary]
Written checksum 0xefffd812 at offset 0x1c in file RT-USB-THP-sample.bin
Previous value 0x00000000 at offset 0x1c in file RT-USB-THP-sample.bin
 
11:53:57 **** Incremental Build of configuration Debug for project CMSISv1p30_LPC13xx ****
make -r all 
make: Nothing to be done for `all'.
11:53:58 **** Incremental Build of configuration Debug for project RT-USB-THP-sample ****
make -r all 
Building file: ../src/MAIN/main.c
Invoking: MCU C Compiler
arm-none-eabi-gcc -DDEBUG -D__CODE_RED -DCORE_M3 -D__USE_CMSIS=CMSISv1p30_LPC13xx -D__LPC13XX__ -D__REDLIB__ -I"/Users/nakagawayuki/git/RT-USB-PYROELECTRIC/LPCXpresso/workspace_THP/CMSISv1p30_LPC13xx/inc" -I"/Users/nakagawayuki/git/RT-USB-PYROELECTRIC/LPCXpresso/workspace_THP/RT-USB-THP-sample/inc/PERIPHERAL" -I"/Users/nakagawayuki/git/RT-USB-PYROELECTRIC/LPCXpresso/workspace_THP/RT-USB-THP-sample/inc/USB" -I"/Users/nakagawayuki/git/RT-USB-PYROELECTRIC/LPCXpresso/workspace_THP/RT-USB-THP-sample/inc/OTHER" -I"/Users/nakagawayuki/git/RT-USB-PYROELECTRIC/LPCXpresso/workspace_THP/RT-USB-THP-sample/inc/MAIN" -Og -g3 -Wall -c -fmessage-length=0 -fno-builtin -ffunction-sections -fdata-sections -mcpu=cortex-m3 -mthumb -D__REDLIB__ -specs=redlib.specs -MMD -MP -MF"src/MAIN/main.d" -MT"src/MAIN/main.o" -MT"src/MAIN/main.d" -o "src/MAIN/main.o" "../src/MAIN/main.c"
Finished building: ../src/MAIN/main.c
 
Building target: RT-USB-THP-sample.axf
Invoking: MCU Linker
arm-none-eabi-gcc -nostdlib -L"/Users/nakagawayuki/git/RT-USB-PYROELECTRIC/LPCXpresso/workspace_THP/CMSISv1p30_LPC13xx/Debug" -Xlinker -Map="RT-USB-THP-sample.map" -Xlinker --gc-sections -mcpu=cortex-m3 -mthumb -T "RT-BLUETOOTH-9AXIS-sample_Debug.ld" -o "RT-USB-THP-sample.axf"  ./src/USB/cdcuser.o ./src/USB/usbcore.o ./src/USB/usbdesc.o ./src/USB/usbhw.o ./src/USB/usbuser.o  ./src/PERIPHERAL/SystemTickTimer.o ./src/PERIPHERAL/debug.o ./src/PERIPHERAL/gpio.o ./src/PERIPHERAL/i2c.o ./src/PERIPHERAL/io.o ./src/PERIPHERAL/timer.o ./src/PERIPHERAL/uart.o ./src/PERIPHERAL/usbTransmission.o  ./src/OTHER/cr_startup_lpc13xx.o ./src/OTHER/crp.o ./src/OTHER/serial.o  ./src/MAIN/MainFunction.o ./src/MAIN/UserInterface.o ./src/MAIN/bme280.o ./src/MAIN/main.o   -lCMSISv1p30_LPC13xx
Finished building target: RT-USB-THP-sample.axf
 
make --no-print-directory post-build
Performing post-build steps
arm-none-eabi-size "RT-USB-THP-sample.axf" ; arm-none-eabi-objcopy -v -O binary "RT-USB-THP-sample.axf" "RT-USB-THP-sample.bin" ; checksum -p LPC1343 -d "RT-USB-THP-sample.bin"
   text	   data	    bss	    dec	    hex	filename
  21080	     20	   1564	  22664	   5888	RT-USB-THP-sample.axf
copy from `RT-USB-THP-sample.axf' [elf32-littlearm] to `RT-USB-THP-sample.bin' [binary]
Written checksum 0xefffd812 at offset 0x1c in file RT-USB-THP-sample.bin
Previous value 0x00000000 at offset 0x1c in file RT-USB-THP-sample.bin
 
11:55:16 **** Incremental Build of configuration Debug for project CMSISv1p30_LPC13xx ****
make -r all 
make: Nothing to be done for `all'.
11:55:16 **** Incremental Build of configuration Debug for project RT-USB-THP-sample ****
make -r all 
Building file: ../src/MAIN/main.c
Invoking: MCU C Compiler
arm-none-eabi-gcc -DDEBUG -D__CODE_RED -DCORE_M3 -D__USE_CMSIS=CMSISv1p30_LPC13xx -D__LPC13XX__ -D__REDLIB__ -I"/Users/nakagawayuki/git/RT-USB-PYROELECTRIC/LPCXpresso/workspace_THP/CMSISv1p30_LPC13xx/inc" -I"/Users/nakagawayuki/git/RT-USB-PYROELECTRIC/LPCXpresso/workspace_THP/RT-USB-THP-sample/inc/PERIPHERAL" -I"/Users/nakagawayuki/git/RT-USB-PYROELECTRIC/LPCXpresso/workspace_THP/RT-USB-THP-sample/inc/USB" -I"/Users/nakagawayuki/git/RT-USB-PYROELECTRIC/LPCXpresso/workspace_THP/RT-USB-THP-sample/inc/OTHER" -I"/Users/nakagawayuki/git/RT-USB-PYROELECTRIC/LPCXpresso/workspace_THP/RT-USB-THP-sample/inc/MAIN" -Og -g3 -Wall -c -fmessage-length=0 -fno-builtin -ffunction-sections -fdata-sections -mcpu=cortex-m3 -mthumb -D__REDLIB__ -specs=redlib.specs -MMD -MP -MF"src/MAIN/main.d" -MT"src/MAIN/main.o" -MT"src/MAIN/main.d" -o "src/MAIN/main.o" "../src/MAIN/main.c"
../src/MAIN/main.c: In function 'main':
../src/MAIN/main.c:80:3: error: 'iftest' undeclared (first use in this function)
   iftest = (LPC_GPIO0->DATA & 0x1<<11)>>1 == 1024)
   ^
../src/MAIN/main.c:80:3: note: each undeclared identifier is reported only once for each function it appears in
../src/MAIN/main.c:80:50: error: expected ';' before ')' token
   iftest = (LPC_GPIO0->DATA & 0x1<<11)>>1 == 1024)
                                                  ^
../src/MAIN/main.c:80:50: error: expected statement before ')' token
../src/MAIN/main.c:83:4: error: 'else' without a previous 'if'
   }else{
    ^
../src/MAIN/main.c:66:6: warning: unused variable 'test' [-Wunused-variable]
  int test = 1;
      ^
../src/MAIN/main.c:65:15: warning: unused variable 'i' [-Wunused-variable]
  unsigned int i;
               ^
make: *** [src/MAIN/main.o] Error 1
11:55:25 **** Incremental Build of configuration Debug for project CMSISv1p30_LPC13xx ****
make -r all 
make: Nothing to be done for `all'.
11:55:26 **** Incremental Build of configuration Debug for project RT-USB-THP-sample ****
make -r all 
Building file: ../src/MAIN/main.c
Invoking: MCU C Compiler
arm-none-eabi-gcc -DDEBUG -D__CODE_RED -DCORE_M3 -D__USE_CMSIS=CMSISv1p30_LPC13xx -D__LPC13XX__ -D__REDLIB__ -I"/Users/nakagawayuki/git/RT-USB-PYROELECTRIC/LPCXpresso/workspace_THP/CMSISv1p30_LPC13xx/inc" -I"/Users/nakagawayuki/git/RT-USB-PYROELECTRIC/LPCXpresso/workspace_THP/RT-USB-THP-sample/inc/PERIPHERAL" -I"/Users/nakagawayuki/git/RT-USB-PYROELECTRIC/LPCXpresso/workspace_THP/RT-USB-THP-sample/inc/USB" -I"/Users/nakagawayuki/git/RT-USB-PYROELECTRIC/LPCXpresso/workspace_THP/RT-USB-THP-sample/inc/OTHER" -I"/Users/nakagawayuki/git/RT-USB-PYROELECTRIC/LPCXpresso/workspace_THP/RT-USB-THP-sample/inc/MAIN" -Og -g3 -Wall -c -fmessage-length=0 -fno-builtin -ffunction-sections -fdata-sections -mcpu=cortex-m3 -mthumb -D__REDLIB__ -specs=redlib.specs -MMD -MP -MF"src/MAIN/main.d" -MT"src/MAIN/main.o" -MT"src/MAIN/main.d" -o "src/MAIN/main.o" "../src/MAIN/main.c"
../src/MAIN/main.c: In function 'main':
../src/MAIN/main.c:80:3: warning: suggest parentheses around assignment used as truth value [-Wparentheses]
   if(test = (LPC_GPIO0->DATA & 0x1<<11)>>1 == 1024)
   ^
../src/MAIN/main.c:65:15: warning: unused variable 'i' [-Wunused-variable]
  unsigned int i;
               ^
Finished building: ../src/MAIN/main.c
 
Building target: RT-USB-THP-sample.axf
Invoking: MCU Linker
arm-none-eabi-gcc -nostdlib -L"/Users/nakagawayuki/git/RT-USB-PYROELECTRIC/LPCXpresso/workspace_THP/CMSISv1p30_LPC13xx/Debug" -Xlinker -Map="RT-USB-THP-sample.map" -Xlinker --gc-sections -mcpu=cortex-m3 -mthumb -T "RT-BLUETOOTH-9AXIS-sample_Debug.ld" -o "RT-USB-THP-sample.axf"  ./src/USB/cdcuser.o ./src/USB/usbcore.o ./src/USB/usbdesc.o ./src/USB/usbhw.o ./src/USB/usbuser.o  ./src/PERIPHERAL/SystemTickTimer.o ./src/PERIPHERAL/debug.o ./src/PERIPHERAL/gpio.o ./src/PERIPHERAL/i2c.o ./src/PERIPHERAL/io.o ./src/PERIPHERAL/timer.o ./src/PERIPHERAL/uart.o ./src/PERIPHERAL/usbTransmission.o  ./src/OTHER/cr_startup_lpc13xx.o ./src/OTHER/crp.o ./src/OTHER/serial.o  ./src/MAIN/MainFunction.o ./src/MAIN/UserInterface.o ./src/MAIN/bme280.o ./src/MAIN/main.o   -lCMSISv1p30_LPC13xx
Finished building target: RT-USB-THP-sample.axf
 
make --no-print-directory post-build
Performing post-build steps
arm-none-eabi-size "RT-USB-THP-sample.axf" ; arm-none-eabi-objcopy -v -O binary "RT-USB-THP-sample.axf" "RT-USB-THP-sample.bin" ; checksum -p LPC1343 -d "RT-USB-THP-sample.bin"
   text	   data	    bss	    dec	    hex	filename
  21016	     20	   1564	  22600	   5848	RT-USB-THP-sample.axf
copy from `RT-USB-THP-sample.axf' [elf32-littlearm] to `RT-USB-THP-sample.bin' [binary]
Written checksum 0xefffd812 at offset 0x1c in file RT-USB-THP-sample.bin
Previous value 0x00000000 at offset 0x1c in file RT-USB-THP-sample.bin
 
11:59:38 **** Incremental Build of configuration Debug for project CMSISv1p30_LPC13xx ****
make -r all 
make: Nothing to be done for `all'.
11:59:39 **** Incremental Build of configuration Debug for project RT-USB-THP-sample ****
make -r all 
Building file: ../src/MAIN/main.c
Invoking: MCU C Compiler
arm-none-eabi-gcc -DDEBUG -D__CODE_RED -DCORE_M3 -D__USE_CMSIS=CMSISv1p30_LPC13xx -D__LPC13XX__ -D__REDLIB__ -I"/Users/nakagawayuki/git/RT-USB-PYROELECTRIC/LPCXpresso/workspace_THP/CMSISv1p30_LPC13xx/inc" -I"/Users/nakagawayuki/git/RT-USB-PYROELECTRIC/LPCXpresso/workspace_THP/RT-USB-THP-sample/inc/PERIPHERAL" -I"/Users/nakagawayuki/git/RT-USB-PYROELECTRIC/LPCXpresso/workspace_THP/RT-USB-THP-sample/inc/USB" -I"/Users/nakagawayuki/git/RT-USB-PYROELECTRIC/LPCXpresso/workspace_THP/RT-USB-THP-sample/inc/OTHER" -I"/Users/nakagawayuki/git/RT-USB-PYROELECTRIC/LPCXpresso/workspace_THP/RT-USB-THP-sample/inc/MAIN" -Og -g3 -Wall -c -fmessage-length=0 -fno-builtin -ffunction-sections -fdata-sections -mcpu=cortex-m3 -mthumb -D__REDLIB__ -specs=redlib.specs -MMD -MP -MF"src/MAIN/main.d" -MT"src/MAIN/main.o" -MT"src/MAIN/main.d" -o "src/MAIN/main.o" "../src/MAIN/main.c"
Finished building: ../src/MAIN/main.c
 
Building target: RT-USB-THP-sample.axf
Invoking: MCU Linker
arm-none-eabi-gcc -nostdlib -L"/Users/nakagawayuki/git/RT-USB-PYROELECTRIC/LPCXpresso/workspace_THP/CMSISv1p30_LPC13xx/Debug" -Xlinker -Map="RT-USB-THP-sample.map" -Xlinker --gc-sections -mcpu=cortex-m3 -mthumb -T "RT-BLUETOOTH-9AXIS-sample_Debug.ld" -o "RT-USB-THP-sample.axf"  ./src/USB/cdcuser.o ./src/USB/usbcore.o ./src/USB/usbdesc.o ./src/USB/usbhw.o ./src/USB/usbuser.o  ./src/PERIPHERAL/SystemTickTimer.o ./src/PERIPHERAL/debug.o ./src/PERIPHERAL/gpio.o ./src/PERIPHERAL/i2c.o ./src/PERIPHERAL/io.o ./src/PERIPHERAL/timer.o ./src/PERIPHERAL/uart.o ./src/PERIPHERAL/usbTransmission.o  ./src/OTHER/cr_startup_lpc13xx.o ./src/OTHER/crp.o ./src/OTHER/serial.o  ./src/MAIN/MainFunction.o ./src/MAIN/UserInterface.o ./src/MAIN/bme280.o ./src/MAIN/main.o   -lCMSISv1p30_LPC13xx
Finished building target: RT-USB-THP-sample.axf
 
make --no-print-directory post-build
Performing post-build steps
arm-none-eabi-size "RT-USB-THP-sample.axf" ; arm-none-eabi-objcopy -v -O binary "RT-USB-THP-sample.axf" "RT-USB-THP-sample.bin" ; checksum -p LPC1343 -d "RT-USB-THP-sample.bin"
   text	   data	    bss	    dec	    hex	filename
  21080	     20	   1564	  22664	   5888	RT-USB-THP-sample.axf
copy from `RT-USB-THP-sample.axf' [elf32-littlearm] to `RT-USB-THP-sample.bin' [binary]
Written checksum 0xefffd812 at offset 0x1c in file RT-USB-THP-sample.bin
Previous value 0x00000000 at offset 0x1c in file RT-USB-THP-sample.bin
 
12:00:22 **** Incremental Build of configuration Debug for project CMSISv1p30_LPC13xx ****
make -r all 
make: Nothing to be done for `all'.
12:00:24 **** Incremental Build of configuration Debug for project RT-USB-THP-sample ****
make -r all 
Building file: ../src/MAIN/main.c
Invoking: MCU C Compiler
arm-none-eabi-gcc -DDEBUG -D__CODE_RED -DCORE_M3 -D__USE_CMSIS=CMSISv1p30_LPC13xx -D__LPC13XX__ -D__REDLIB__ -I"/Users/nakagawayuki/git/RT-USB-PYROELECTRIC/LPCXpresso/workspace_THP/CMSISv1p30_LPC13xx/inc" -I"/Users/nakagawayuki/git/RT-USB-PYROELECTRIC/LPCXpresso/workspace_THP/RT-USB-THP-sample/inc/PERIPHERAL" -I"/Users/nakagawayuki/git/RT-USB-PYROELECTRIC/LPCXpresso/workspace_THP/RT-USB-THP-sample/inc/USB" -I"/Users/nakagawayuki/git/RT-USB-PYROELECTRIC/LPCXpresso/workspace_THP/RT-USB-THP-sample/inc/OTHER" -I"/Users/nakagawayuki/git/RT-USB-PYROELECTRIC/LPCXpresso/workspace_THP/RT-USB-THP-sample/inc/MAIN" -Og -g3 -Wall -c -fmessage-length=0 -fno-builtin -ffunction-sections -fdata-sections -mcpu=cortex-m3 -mthumb -D__REDLIB__ -specs=redlib.specs -MMD -MP -MF"src/MAIN/main.d" -MT"src/MAIN/main.o" -MT"src/MAIN/main.d" -o "src/MAIN/main.o" "../src/MAIN/main.c"
Finished building: ../src/MAIN/main.c
 
Building target: RT-USB-THP-sample.axf
Invoking: MCU Linker
arm-none-eabi-gcc -nostdlib -L"/Users/nakagawayuki/git/RT-USB-PYROELECTRIC/LPCXpresso/workspace_THP/CMSISv1p30_LPC13xx/Debug" -Xlinker -Map="RT-USB-THP-sample.map" -Xlinker --gc-sections -mcpu=cortex-m3 -mthumb -T "RT-BLUETOOTH-9AXIS-sample_Debug.ld" -o "RT-USB-THP-sample.axf"  ./src/USB/cdcuser.o ./src/USB/usbcore.o ./src/USB/usbdesc.o ./src/USB/usbhw.o ./src/USB/usbuser.o  ./src/PERIPHERAL/SystemTickTimer.o ./src/PERIPHERAL/debug.o ./src/PERIPHERAL/gpio.o ./src/PERIPHERAL/i2c.o ./src/PERIPHERAL/io.o ./src/PERIPHERAL/timer.o ./src/PERIPHERAL/uart.o ./src/PERIPHERAL/usbTransmission.o  ./src/OTHER/cr_startup_lpc13xx.o ./src/OTHER/crp.o ./src/OTHER/serial.o  ./src/MAIN/MainFunction.o ./src/MAIN/UserInterface.o ./src/MAIN/bme280.o ./src/MAIN/main.o   -lCMSISv1p30_LPC13xx
Finished building target: RT-USB-THP-sample.axf
 
make --no-print-directory post-build
Performing post-build steps
arm-none-eabi-size "RT-USB-THP-sample.axf" ; arm-none-eabi-objcopy -v -O binary "RT-USB-THP-sample.axf" "RT-USB-THP-sample.bin" ; checksum -p LPC1343 -d "RT-USB-THP-sample.bin"
   text	   data	    bss	    dec	    hex	filename
  21064	     20	   1564	  22648	   5878	RT-USB-THP-sample.axf
copy from `RT-USB-THP-sample.axf' [elf32-littlearm] to `RT-USB-THP-sample.bin' [binary]
Written checksum 0xefffd812 at offset 0x1c in file RT-USB-THP-sample.bin
Previous value 0x00000000 at offset 0x1c in file RT-USB-THP-sample.bin
 
12:00:49 **** Incremental Build of configuration Debug for project CMSISv1p30_LPC13xx ****
make -r all 
make: Nothing to be done for `all'.
12:00:50 **** Incremental Build of configuration Debug for project RT-USB-THP-sample ****
make -r all 
Building file: ../src/MAIN/main.c
Invoking: MCU C Compiler
arm-none-eabi-gcc -DDEBUG -D__CODE_RED -DCORE_M3 -D__USE_CMSIS=CMSISv1p30_LPC13xx -D__LPC13XX__ -D__REDLIB__ -I"/Users/nakagawayuki/git/RT-USB-PYROELECTRIC/LPCXpresso/workspace_THP/CMSISv1p30_LPC13xx/inc" -I"/Users/nakagawayuki/git/RT-USB-PYROELECTRIC/LPCXpresso/workspace_THP/RT-USB-THP-sample/inc/PERIPHERAL" -I"/Users/nakagawayuki/git/RT-USB-PYROELECTRIC/LPCXpresso/workspace_THP/RT-USB-THP-sample/inc/USB" -I"/Users/nakagawayuki/git/RT-USB-PYROELECTRIC/LPCXpresso/workspace_THP/RT-USB-THP-sample/inc/OTHER" -I"/Users/nakagawayuki/git/RT-USB-PYROELECTRIC/LPCXpresso/workspace_THP/RT-USB-THP-sample/inc/MAIN" -Og -g3 -Wall -c -fmessage-length=0 -fno-builtin -ffunction-sections -fdata-sections -mcpu=cortex-m3 -mthumb -D__REDLIB__ -specs=redlib.specs -MMD -MP -MF"src/MAIN/main.d" -MT"src/MAIN/main.o" -MT"src/MAIN/main.d" -o "src/MAIN/main.o" "../src/MAIN/main.c"
Finished building: ../src/MAIN/main.c
 
Building target: RT-USB-THP-sample.axf
Invoking: MCU Linker
arm-none-eabi-gcc -nostdlib -L"/Users/nakagawayuki/git/RT-USB-PYROELECTRIC/LPCXpresso/workspace_THP/CMSISv1p30_LPC13xx/Debug" -Xlinker -Map="RT-USB-THP-sample.map" -Xlinker --gc-sections -mcpu=cortex-m3 -mthumb -T "RT-BLUETOOTH-9AXIS-sample_Debug.ld" -o "RT-USB-THP-sample.axf"  ./src/USB/cdcuser.o ./src/USB/usbcore.o ./src/USB/usbdesc.o ./src/USB/usbhw.o ./src/USB/usbuser.o  ./src/PERIPHERAL/SystemTickTimer.o ./src/PERIPHERAL/debug.o ./src/PERIPHERAL/gpio.o ./src/PERIPHERAL/i2c.o ./src/PERIPHERAL/io.o ./src/PERIPHERAL/timer.o ./src/PERIPHERAL/uart.o ./src/PERIPHERAL/usbTransmission.o  ./src/OTHER/cr_startup_lpc13xx.o ./src/OTHER/crp.o ./src/OTHER/serial.o  ./src/MAIN/MainFunction.o ./src/MAIN/UserInterface.o ./src/MAIN/bme280.o ./src/MAIN/main.o   -lCMSISv1p30_LPC13xx
Finished building target: RT-USB-THP-sample.axf
 
make --no-print-directory post-build
Performing post-build steps
arm-none-eabi-size "RT-USB-THP-sample.axf" ; arm-none-eabi-objcopy -v -O binary "RT-USB-THP-sample.axf" "RT-USB-THP-sample.bin" ; checksum -p LPC1343 -d "RT-USB-THP-sample.bin"
   text	   data	    bss	    dec	    hex	filename
  21064	     20	   1564	  22648	   5878	RT-USB-THP-sample.axf
copy from `RT-USB-THP-sample.axf' [elf32-littlearm] to `RT-USB-THP-sample.bin' [binary]
Written checksum 0xefffd812 at offset 0x1c in file RT-USB-THP-sample.bin
Previous value 0x00000000 at offset 0x1c in file RT-USB-THP-sample.bin
 
12:45:21 **** Incremental Build of configuration Debug for project CMSISv1p30_LPC13xx ****
make -r all 
make: Nothing to be done for `all'.
12:45:23 **** Incremental Build of configuration Debug for project RT-USB-THP-sample ****
make -r all 
Building file: ../src/MAIN/main.c
Invoking: MCU C Compiler
arm-none-eabi-gcc -DDEBUG -D__CODE_RED -DCORE_M3 -D__USE_CMSIS=CMSISv1p30_LPC13xx -D__LPC13XX__ -D__REDLIB__ -I"/Users/nakagawayuki/git/RT-USB-PYROELECTRIC/LPCXpresso/workspace_THP/CMSISv1p30_LPC13xx/inc" -I"/Users/nakagawayuki/git/RT-USB-PYROELECTRIC/LPCXpresso/workspace_THP/RT-USB-THP-sample/inc/PERIPHERAL" -I"/Users/nakagawayuki/git/RT-USB-PYROELECTRIC/LPCXpresso/workspace_THP/RT-USB-THP-sample/inc/USB" -I"/Users/nakagawayuki/git/RT-USB-PYROELECTRIC/LPCXpresso/workspace_THP/RT-USB-THP-sample/inc/OTHER" -I"/Users/nakagawayuki/git/RT-USB-PYROELECTRIC/LPCXpresso/workspace_THP/RT-USB-THP-sample/inc/MAIN" -Og -g3 -Wall -c -fmessage-length=0 -fno-builtin -ffunction-sections -fdata-sections -mcpu=cortex-m3 -mthumb -D__REDLIB__ -specs=redlib.specs -MMD -MP -MF"src/MAIN/main.d" -MT"src/MAIN/main.o" -MT"src/MAIN/main.d" -o "src/MAIN/main.o" "../src/MAIN/main.c"
../src/MAIN/main.c: In function 'main':
../src/MAIN/main.c:81:3: warning: suggest parentheses around assignment used as truth value [-Wparentheses]
   if(test = (LPC_GPIO0->DATA & 0x1<<11)>>1 == 1024)
   ^
../src/MAIN/main.c:65:15: warning: unused variable 'i' [-Wunused-variable]
  unsigned int i;
               ^
Finished building: ../src/MAIN/main.c
 
Building target: RT-USB-THP-sample.axf
Invoking: MCU Linker
arm-none-eabi-gcc -nostdlib -L"/Users/nakagawayuki/git/RT-USB-PYROELECTRIC/LPCXpresso/workspace_THP/CMSISv1p30_LPC13xx/Debug" -Xlinker -Map="RT-USB-THP-sample.map" -Xlinker --gc-sections -mcpu=cortex-m3 -mthumb -T "RT-BLUETOOTH-9AXIS-sample_Debug.ld" -o "RT-USB-THP-sample.axf"  ./src/USB/cdcuser.o ./src/USB/usbcore.o ./src/USB/usbdesc.o ./src/USB/usbhw.o ./src/USB/usbuser.o  ./src/PERIPHERAL/SystemTickTimer.o ./src/PERIPHERAL/debug.o ./src/PERIPHERAL/gpio.o ./src/PERIPHERAL/i2c.o ./src/PERIPHERAL/io.o ./src/PERIPHERAL/timer.o ./src/PERIPHERAL/uart.o ./src/PERIPHERAL/usbTransmission.o  ./src/OTHER/cr_startup_lpc13xx.o ./src/OTHER/crp.o ./src/OTHER/serial.o  ./src/MAIN/MainFunction.o ./src/MAIN/UserInterface.o ./src/MAIN/bme280.o ./src/MAIN/main.o   -lCMSISv1p30_LPC13xx
Finished building target: RT-USB-THP-sample.axf
 
make --no-print-directory post-build
Performing post-build steps
arm-none-eabi-size "RT-USB-THP-sample.axf" ; arm-none-eabi-objcopy -v -O binary "RT-USB-THP-sample.axf" "RT-USB-THP-sample.bin" ; checksum -p LPC1343 -d "RT-USB-THP-sample.bin"
   text	   data	    bss	    dec	    hex	filename
  21016	     20	   1564	  22600	   5848	RT-USB-THP-sample.axf
copy from `RT-USB-THP-sample.axf' [elf32-littlearm] to `RT-USB-THP-sample.bin' [binary]
Written checksum 0xefffd812 at offset 0x1c in file RT-USB-THP-sample.bin
Previous value 0x00000000 at offset 0x1c in file RT-USB-THP-sample.bin
 
13:26:48 **** Incremental Build of configuration Debug for project CMSISv1p30_LPC13xx ****
make -r all 
make: Nothing to be done for `all'.
13:26:49 **** Incremental Build of configuration Debug for project RT-USB-THP-sample ****
make -r all 
make: Nothing to be done for `all'.
13:30:50 **** Incremental Build of configuration Debug for project CMSISv1p30_LPC13xx ****
make -r all 
make: Nothing to be done for `all'.
13:30:51 **** Incremental Build of configuration Debug for project RT-USB-THP-sample ****
make -r all 
Building file: ../src/MAIN/main.c
Invoking: MCU C Compiler
arm-none-eabi-gcc -DDEBUG -D__CODE_RED -DCORE_M3 -D__USE_CMSIS=CMSISv1p30_LPC13xx -D__LPC13XX__ -D__REDLIB__ -I"/Users/nakagawayuki/git/RT-USB-PYROELECTRIC/LPCXpresso/workspace_THP/CMSISv1p30_LPC13xx/inc" -I"/Users/nakagawayuki/git/RT-USB-PYROELECTRIC/LPCXpresso/workspace_THP/RT-USB-THP-sample/inc/PERIPHERAL" -I"/Users/nakagawayuki/git/RT-USB-PYROELECTRIC/LPCXpresso/workspace_THP/RT-USB-THP-sample/inc/USB" -I"/Users/nakagawayuki/git/RT-USB-PYROELECTRIC/LPCXpresso/workspace_THP/RT-USB-THP-sample/inc/OTHER" -I"/Users/nakagawayuki/git/RT-USB-PYROELECTRIC/LPCXpresso/workspace_THP/RT-USB-THP-sample/inc/MAIN" -Og -g3 -Wall -c -fmessage-length=0 -fno-builtin -ffunction-sections -fdata-sections -mcpu=cortex-m3 -mthumb -D__REDLIB__ -specs=redlib.specs -MMD -MP -MF"src/MAIN/main.d" -MT"src/MAIN/main.o" -MT"src/MAIN/main.d" -o "src/MAIN/main.o" "../src/MAIN/main.c"
../src/MAIN/main.c: In function 'main':
../src/MAIN/main.c:81:3: warning: suggest parentheses around assignment used as truth value [-Wparentheses]
   if(test = (LPC_GPIO0->DATA & 0x1<<11)>>1 == 1024)
   ^
Finished building: ../src/MAIN/main.c
 
Building target: RT-USB-THP-sample.axf
Invoking: MCU Linker
arm-none-eabi-gcc -nostdlib -L"/Users/nakagawayuki/git/RT-USB-PYROELECTRIC/LPCXpresso/workspace_THP/CMSISv1p30_LPC13xx/Debug" -Xlinker -Map="RT-USB-THP-sample.map" -Xlinker --gc-sections -mcpu=cortex-m3 -mthumb -T "RT-BLUETOOTH-9AXIS-sample_Debug.ld" -o "RT-USB-THP-sample.axf"  ./src/USB/cdcuser.o ./src/USB/usbcore.o ./src/USB/usbdesc.o ./src/USB/usbhw.o ./src/USB/usbuser.o  ./src/PERIPHERAL/SystemTickTimer.o ./src/PERIPHERAL/debug.o ./src/PERIPHERAL/gpio.o ./src/PERIPHERAL/i2c.o ./src/PERIPHERAL/io.o ./src/PERIPHERAL/timer.o ./src/PERIPHERAL/uart.o ./src/PERIPHERAL/usbTransmission.o  ./src/OTHER/cr_startup_lpc13xx.o ./src/OTHER/crp.o ./src/OTHER/serial.o  ./src/MAIN/MainFunction.o ./src/MAIN/UserInterface.o ./src/MAIN/bme280.o ./src/MAIN/main.o   -lCMSISv1p30_LPC13xx
Finished building target: RT-USB-THP-sample.axf
 
make --no-print-directory post-build
Performing post-build steps
arm-none-eabi-size "RT-USB-THP-sample.axf" ; arm-none-eabi-objcopy -v -O binary "RT-USB-THP-sample.axf" "RT-USB-THP-sample.bin" ; checksum -p LPC1343 -d "RT-USB-THP-sample.bin"
   text	   data	    bss	    dec	    hex	filename
  21024	     20	   1564	  22608	   5850	RT-USB-THP-sample.axf
copy from `RT-USB-THP-sample.axf' [elf32-littlearm] to `RT-USB-THP-sample.bin' [binary]
Written checksum 0xefffd812 at offset 0x1c in file RT-USB-THP-sample.bin
Previous value 0x00000000 at offset 0x1c in file RT-USB-THP-sample.bin
 
13:31:47 **** Incremental Build of configuration Debug for project CMSISv1p30_LPC13xx ****
make -r all 
make: Nothing to be done for `all'.
13:31:47 **** Incremental Build of configuration Debug for project RT-USB-THP-sample ****
make -r all 
Building file: ../src/MAIN/main.c
Invoking: MCU C Compiler
arm-none-eabi-gcc -DDEBUG -D__CODE_RED -DCORE_M3 -D__USE_CMSIS=CMSISv1p30_LPC13xx -D__LPC13XX__ -D__REDLIB__ -I"/Users/nakagawayuki/git/RT-USB-PYROELECTRIC/LPCXpresso/workspace_THP/CMSISv1p30_LPC13xx/inc" -I"/Users/nakagawayuki/git/RT-USB-PYROELECTRIC/LPCXpresso/workspace_THP/RT-USB-THP-sample/inc/PERIPHERAL" -I"/Users/nakagawayuki/git/RT-USB-PYROELECTRIC/LPCXpresso/workspace_THP/RT-USB-THP-sample/inc/USB" -I"/Users/nakagawayuki/git/RT-USB-PYROELECTRIC/LPCXpresso/workspace_THP/RT-USB-THP-sample/inc/OTHER" -I"/Users/nakagawayuki/git/RT-USB-PYROELECTRIC/LPCXpresso/workspace_THP/RT-USB-THP-sample/inc/MAIN" -Og -g3 -Wall -c -fmessage-length=0 -fno-builtin -ffunction-sections -fdata-sections -mcpu=cortex-m3 -mthumb -D__REDLIB__ -specs=redlib.specs -MMD -MP -MF"src/MAIN/main.d" -MT"src/MAIN/main.o" -MT"src/MAIN/main.d" -o "src/MAIN/main.o" "../src/MAIN/main.c"
../src/MAIN/main.c: In function 'main':
../src/MAIN/main.c:81:3: warning: suggest parentheses around assignment used as truth value [-Wparentheses]
   if(test = (LPC_GPIO0->DATA & 0x1<<11)>>1 == 1024)
   ^
Finished building: ../src/MAIN/main.c
 
Building target: RT-USB-THP-sample.axf
Invoking: MCU Linker
arm-none-eabi-gcc -nostdlib -L"/Users/nakagawayuki/git/RT-USB-PYROELECTRIC/LPCXpresso/workspace_THP/CMSISv1p30_LPC13xx/Debug" -Xlinker -Map="RT-USB-THP-sample.map" -Xlinker --gc-sections -mcpu=cortex-m3 -mthumb -T "RT-BLUETOOTH-9AXIS-sample_Debug.ld" -o "RT-USB-THP-sample.axf"  ./src/USB/cdcuser.o ./src/USB/usbcore.o ./src/USB/usbdesc.o ./src/USB/usbhw.o ./src/USB/usbuser.o  ./src/PERIPHERAL/SystemTickTimer.o ./src/PERIPHERAL/debug.o ./src/PERIPHERAL/gpio.o ./src/PERIPHERAL/i2c.o ./src/PERIPHERAL/io.o ./src/PERIPHERAL/timer.o ./src/PERIPHERAL/uart.o ./src/PERIPHERAL/usbTransmission.o  ./src/OTHER/cr_startup_lpc13xx.o ./src/OTHER/crp.o ./src/OTHER/serial.o  ./src/MAIN/MainFunction.o ./src/MAIN/UserInterface.o ./src/MAIN/bme280.o ./src/MAIN/main.o   -lCMSISv1p30_LPC13xx
Finished building target: RT-USB-THP-sample.axf
 
make --no-print-directory post-build
Performing post-build steps
arm-none-eabi-size "RT-USB-THP-sample.axf" ; arm-none-eabi-objcopy -v -O binary "RT-USB-THP-sample.axf" "RT-USB-THP-sample.bin" ; checksum -p LPC1343 -d "RT-USB-THP-sample.bin"
   text	   data	    bss	    dec	    hex	filename
  21008	     20	   1564	  22592	   5840	RT-USB-THP-sample.axf
copy from `RT-USB-THP-sample.axf' [elf32-littlearm] to `RT-USB-THP-sample.bin' [binary]
Written checksum 0xefffd812 at offset 0x1c in file RT-USB-THP-sample.bin
Previous value 0x00000000 at offset 0x1c in file RT-USB-THP-sample.bin
 
13:32:02 **** Incremental Build of configuration Debug for project CMSISv1p30_LPC13xx ****
make -r all 
make: Nothing to be done for `all'.
13:32:03 **** Incremental Build of configuration Debug for project RT-USB-THP-sample ****
make -r all 
Building file: ../src/MAIN/main.c
Invoking: MCU C Compiler
arm-none-eabi-gcc -DDEBUG -D__CODE_RED -DCORE_M3 -D__USE_CMSIS=CMSISv1p30_LPC13xx -D__LPC13XX__ -D__REDLIB__ -I"/Users/nakagawayuki/git/RT-USB-PYROELECTRIC/LPCXpresso/workspace_THP/CMSISv1p30_LPC13xx/inc" -I"/Users/nakagawayuki/git/RT-USB-PYROELECTRIC/LPCXpresso/workspace_THP/RT-USB-THP-sample/inc/PERIPHERAL" -I"/Users/nakagawayuki/git/RT-USB-PYROELECTRIC/LPCXpresso/workspace_THP/RT-USB-THP-sample/inc/USB" -I"/Users/nakagawayuki/git/RT-USB-PYROELECTRIC/LPCXpresso/workspace_THP/RT-USB-THP-sample/inc/OTHER" -I"/Users/nakagawayuki/git/RT-USB-PYROELECTRIC/LPCXpresso/workspace_THP/RT-USB-THP-sample/inc/MAIN" -Og -g3 -Wall -c -fmessage-length=0 -fno-builtin -ffunction-sections -fdata-sections -mcpu=cortex-m3 -mthumb -D__REDLIB__ -specs=redlib.specs -MMD -MP -MF"src/MAIN/main.d" -MT"src/MAIN/main.o" -MT"src/MAIN/main.d" -o "src/MAIN/main.o" "../src/MAIN/main.c"
../src/MAIN/main.c: In function 'main':
../src/MAIN/main.c:66:6: warning: unused variable 'test' [-Wunused-variable]
  int test = 1;
      ^
Finished building: ../src/MAIN/main.c
 
Building target: RT-USB-THP-sample.axf
Invoking: MCU Linker
arm-none-eabi-gcc -nostdlib -L"/Users/nakagawayuki/git/RT-USB-PYROELECTRIC/LPCXpresso/workspace_THP/CMSISv1p30_LPC13xx/Debug" -Xlinker -Map="RT-USB-THP-sample.map" -Xlinker --gc-sections -mcpu=cortex-m3 -mthumb -T "RT-BLUETOOTH-9AXIS-sample_Debug.ld" -o "RT-USB-THP-sample.axf"  ./src/USB/cdcuser.o ./src/USB/usbcore.o ./src/USB/usbdesc.o ./src/USB/usbhw.o ./src/USB/usbuser.o  ./src/PERIPHERAL/SystemTickTimer.o ./src/PERIPHERAL/debug.o ./src/PERIPHERAL/gpio.o ./src/PERIPHERAL/i2c.o ./src/PERIPHERAL/io.o ./src/PERIPHERAL/timer.o ./src/PERIPHERAL/uart.o ./src/PERIPHERAL/usbTransmission.o  ./src/OTHER/cr_startup_lpc13xx.o ./src/OTHER/crp.o ./src/OTHER/serial.o  ./src/MAIN/MainFunction.o ./src/MAIN/UserInterface.o ./src/MAIN/bme280.o ./src/MAIN/main.o   -lCMSISv1p30_LPC13xx
Finished building target: RT-USB-THP-sample.axf
 
make --no-print-directory post-build
Performing post-build steps
arm-none-eabi-size "RT-USB-THP-sample.axf" ; arm-none-eabi-objcopy -v -O binary "RT-USB-THP-sample.axf" "RT-USB-THP-sample.bin" ; checksum -p LPC1343 -d "RT-USB-THP-sample.bin"
   text	   data	    bss	    dec	    hex	filename
  21008	     20	   1564	  22592	   5840	RT-USB-THP-sample.axf
copy from `RT-USB-THP-sample.axf' [elf32-littlearm] to `RT-USB-THP-sample.bin' [binary]
Written checksum 0xefffd812 at offset 0x1c in file RT-USB-THP-sample.bin
Previous value 0x00000000 at offset 0x1c in file RT-USB-THP-sample.bin
 
13:34:02 **** Incremental Build of configuration Debug for project CMSISv1p30_LPC13xx ****
make -r all 
make: Nothing to be done for `all'.
13:34:03 **** Incremental Build of configuration Debug for project RT-USB-THP-sample ****
make -r all 
Building file: ../src/MAIN/main.c
Invoking: MCU C Compiler
arm-none-eabi-gcc -DDEBUG -D__CODE_RED -DCORE_M3 -D__USE_CMSIS=CMSISv1p30_LPC13xx -D__LPC13XX__ -D__REDLIB__ -I"/Users/nakagawayuki/git/RT-USB-PYROELECTRIC/LPCXpresso/workspace_THP/CMSISv1p30_LPC13xx/inc" -I"/Users/nakagawayuki/git/RT-USB-PYROELECTRIC/LPCXpresso/workspace_THP/RT-USB-THP-sample/inc/PERIPHERAL" -I"/Users/nakagawayuki/git/RT-USB-PYROELECTRIC/LPCXpresso/workspace_THP/RT-USB-THP-sample/inc/USB" -I"/Users/nakagawayuki/git/RT-USB-PYROELECTRIC/LPCXpresso/workspace_THP/RT-USB-THP-sample/inc/OTHER" -I"/Users/nakagawayuki/git/RT-USB-PYROELECTRIC/LPCXpresso/workspace_THP/RT-USB-THP-sample/inc/MAIN" -Og -g3 -Wall -c -fmessage-length=0 -fno-builtin -ffunction-sections -fdata-sections -mcpu=cortex-m3 -mthumb -D__REDLIB__ -specs=redlib.specs -MMD -MP -MF"src/MAIN/main.d" -MT"src/MAIN/main.o" -MT"src/MAIN/main.d" -o "src/MAIN/main.o" "../src/MAIN/main.c"
Finished building: ../src/MAIN/main.c
 
Building target: RT-USB-THP-sample.axf
Invoking: MCU Linker
arm-none-eabi-gcc -nostdlib -L"/Users/nakagawayuki/git/RT-USB-PYROELECTRIC/LPCXpresso/workspace_THP/CMSISv1p30_LPC13xx/Debug" -Xlinker -Map="RT-USB-THP-sample.map" -Xlinker --gc-sections -mcpu=cortex-m3 -mthumb -T "RT-BLUETOOTH-9AXIS-sample_Debug.ld" -o "RT-USB-THP-sample.axf"  ./src/USB/cdcuser.o ./src/USB/usbcore.o ./src/USB/usbdesc.o ./src/USB/usbhw.o ./src/USB/usbuser.o  ./src/PERIPHERAL/SystemTickTimer.o ./src/PERIPHERAL/debug.o ./src/PERIPHERAL/gpio.o ./src/PERIPHERAL/i2c.o ./src/PERIPHERAL/io.o ./src/PERIPHERAL/timer.o ./src/PERIPHERAL/uart.o ./src/PERIPHERAL/usbTransmission.o  ./src/OTHER/cr_startup_lpc13xx.o ./src/OTHER/crp.o ./src/OTHER/serial.o  ./src/MAIN/MainFunction.o ./src/MAIN/UserInterface.o ./src/MAIN/bme280.o ./src/MAIN/main.o   -lCMSISv1p30_LPC13xx
Finished building target: RT-USB-THP-sample.axf
 
make --no-print-directory post-build
Performing post-build steps
arm-none-eabi-size "RT-USB-THP-sample.axf" ; arm-none-eabi-objcopy -v -O binary "RT-USB-THP-sample.axf" "RT-USB-THP-sample.bin" ; checksum -p LPC1343 -d "RT-USB-THP-sample.bin"
   text	   data	    bss	    dec	    hex	filename
  21048	     20	   1564	  22632	   5868	RT-USB-THP-sample.axf
copy from `RT-USB-THP-sample.axf' [elf32-littlearm] to `RT-USB-THP-sample.bin' [binary]
Written checksum 0xefffd812 at offset 0x1c in file RT-USB-THP-sample.bin
Previous value 0x00000000 at offset 0x1c in file RT-USB-THP-sample.bin
 
13:35:26 **** Incremental Build of configuration Debug for project CMSISv1p30_LPC13xx ****
make -r all 
make: Nothing to be done for `all'.
13:35:27 **** Incremental Build of configuration Debug for project RT-USB-THP-sample ****
make -r all 
make: Nothing to be done for `all'.
